#
# There is insufficient memory for the Java Runtime Environment to continue.
# Native memory allocation (malloc) failed to allocate 65552 bytes for Chunk::new
# Possible reasons:
#   The system is out of physical RAM or swap space
#   In 32 bit mode, the process size limit was hit
# Possible solutions:
#   Reduce memory load on the system
#   Increase physical memory or swap space
#   Check if swap backing store is full
#   Use 64 bit Java on a 64 bit OS
#   Decrease Java heap size (-Xmx/-Xms)
#   Decrease number of Java threads
#   Decrease Java thread stack sizes (-Xss)
#   Set larger code cache with -XX:ReservedCodeCacheSize=
# This output file may be truncated or incomplete.
#
#  Out of Memory Error (allocation.cpp:390), pid=4140, tid=4628
#
# JRE version: Java(TM) SE Runtime Environment (8.0_45-b14) (build 1.8.0_45-b14)
# Java VM: Java HotSpot(TM) 64-Bit Server VM (25.45-b02 mixed mode windows-amd64 compressed oops)
# Failed to write core dump. Minidumps are not enabled by default on client versions of Windows
#

---------------  T H R E A D  ---------------

Current thread (0x0000000005dab800):  JavaThread "C2 CompilerThread1" daemon [_thread_in_native, id=4628, stack(0x00000000073e0000,0x00000000074e0000)]

Stack: [0x00000000073e0000,0x00000000074e0000]
Native frames: (J=compiled Java code, j=interpreted, Vv=VM code, C=native code)
V  [jvm.dll+0x32b57a]


Current CompileTask:
C2:  46197 2341       4       com.android.dx.dex.code.RopTranslator$LocalVariableAwareTranslationVisitor::visitPlainCstInsn (11 bytes)


---------------  P R O C E S S  ---------------

Java Threads: ( => current thread )
  0x000000000784c800 JavaThread "pool-2-thread-4" [_thread_blocked, id=4656, stack(0x0000000007fe0000,0x00000000080e0000)]
  0x000000000789b800 JavaThread "pool-2-thread-3" [_thread_blocked, id=4756, stack(0x0000000007ee0000,0x0000000007fe0000)]
  0x00000000077fa000 JavaThread "pool-2-thread-2" [_thread_blocked, id=5708, stack(0x0000000007de0000,0x0000000007ee0000)]
  0x000000000773a000 JavaThread "pool-3-thread-1" [_thread_blocked, id=5296, stack(0x0000000007ce0000,0x0000000007de0000)]
  0x0000000007737000 JavaThread "pool-2-thread-1" [_thread_blocked, id=1168, stack(0x0000000007be0000,0x0000000007ce0000)]
  0x00000000075f8800 JavaThread "Service Thread" daemon [_thread_blocked, id=4396, stack(0x00000000079e0000,0x0000000007ae0000)]
  0x0000000005db9800 JavaThread "C1 CompilerThread2" daemon [_thread_blocked, id=2180, stack(0x00000000074e0000,0x00000000075e0000)]
=>0x0000000005dab800 JavaThread "C2 CompilerThread1" daemon [_thread_in_native, id=4628, stack(0x00000000073e0000,0x00000000074e0000)]
  0x0000000005d98800 JavaThread "C2 CompilerThread0" daemon [_thread_blocked, id=1524, stack(0x00000000072e0000,0x00000000073e0000)]
  0x0000000005d96800 JavaThread "Attach Listener" daemon [_thread_blocked, id=4880, stack(0x00000000071e0000,0x00000000072e0000)]
  0x0000000005d95800 JavaThread "Signal Dispatcher" daemon [_thread_blocked, id=880, stack(0x00000000070e0000,0x00000000071e0000)]
  0x00000000026b6000 JavaThread "Finalizer" daemon [_thread_blocked, id=5520, stack(0x0000000006fe0000,0x00000000070e0000)]
  0x00000000026ad000 JavaThread "Reference Handler" daemon [_thread_blocked, id=2880, stack(0x0000000006ee0000,0x0000000006fe0000)]
  0x00000000025c0800 JavaThread "main" [_thread_blocked, id=4924, stack(0x00000000024c0000,0x00000000025c0000)]

Other Threads:
  0x0000000005d57800 VMThread [stack: 0x0000000006de0000,0x0000000006ee0000] [id=3780]
  0x0000000005ded000 WatcherThread [stack: 0x0000000007ae0000,0x0000000007be0000] [id=5008]

VM state:at safepoint (normal execution)

VM Mutex/Monitor currently owned by a thread:  ([mutex/lock_event])
[0x00000000008dc9e0] Threads_lock - owner thread: 0x0000000005d57800
[0x00000000008dc460] Heap_lock - owner thread: 0x0000000007737000

Heap:
 PSYoungGen      total 65024K, used 62464K [0x00000000eab00000, 0x00000000f2b00000, 0x0000000100000000)
  eden space 62464K, 100% used [0x00000000eab00000,0x00000000ee800000,0x00000000ee800000)
  from space 2560K, 0% used [0x00000000eeb00000,0x00000000eeb00000,0x00000000eed80000)
  to   space 34304K, 0% used [0x00000000f0980000,0x00000000f0980000,0x00000000f2b00000)
 ParOldGen       total 261120K, used 260974K [0x00000000c0000000, 0x00000000cff00000, 0x00000000eab00000)
  object space 261120K, 99% used [0x00000000c0000000,0x00000000cfedba08,0x00000000cff00000)
 Metaspace       used 6087K, capacity 7088K, committed 7296K, reserved 1056768K
  class space    used 582K, capacity 616K, committed 640K, reserved 1048576K

Card table byte_map: [0x0000000002a80000,0x0000000002c90000] byte_map_base: 0x0000000002480000

Marking Bits: (ParMarkBitMap*) 0x0000000073254040
 Begin Bits: [0x00000000031f0000, 0x00000000041f0000)
 End Bits:   [0x00000000041f0000, 0x00000000051f0000)

Polling page: 0x00000000006f0000

CodeCache: size=245760Kb used=7987Kb max_used=10145Kb free=237772Kb
 bounds [0x000000000f010000, 0x000000000fa10000, 0x000000001e010000]
 total_blobs=2028 nmethods=1759 adapters=182
 compilation: enabled

Compilation events (10 events):
Event: 42.361 Thread 0x0000000005d98800 nmethod 2338 0x000000000f2c8450 code [0x000000000f2c85a0, 0x000000000f2c8628]
Event: 43.101 Thread 0x0000000005db9800 2339  s    3       com.android.dx.dex.file.FieldIdsSection::intern (55 bytes)
Event: 43.102 Thread 0x0000000005db9800 nmethod 2339 0x000000000f365b50 code [0x000000000f365d80, 0x000000000f366a88]
Event: 43.111 Thread 0x0000000005db9800 2340       3       java.util.TimSort::countRunAndMakeAscending (128 bytes)
Event: 43.113 Thread 0x0000000005db9800 nmethod 2340 0x000000000f463090 code [0x000000000f463280, 0x000000000f463d28]
Event: 43.816 Thread 0x0000000005dab800 2341       4       com.android.dx.dex.code.RopTranslator$LocalVariableAwareTranslationVisitor::visitPlainCstInsn (11 bytes)
Event: 43.822 Thread 0x0000000005d98800 2342       4       com.android.dx.dex.code.RopTranslator$TranslationVisitor::visitPlainCstInsn (161 bytes)
Event: 43.855 Thread 0x0000000005d98800 nmethod 2342 0x000000000f297750 code [0x000000000f297900, 0x000000000f2983c8]
Event: 43.865 Thread 0x0000000005db9800 2343       1       java.util.concurrent.locks.AbstractOwnableSynchronizer::setExclusiveOwnerThread (6 bytes)
Event: 43.865 Thread 0x0000000005db9800 nmethod 2343 0x000000000f339d10 code [0x000000000f339e60, 0x000000000f339f90]

GC Heap History (10 events):
Event: 38.592 GC heap after
Heap after GC invocations=61 (full 22):
 PSYoungGen      total 65024K, used 0K [0x00000000eab00000, 0x00000000f2b00000, 0x0000000100000000)
  eden space 62464K, 0% used [0x00000000eab00000,0x00000000eab00000,0x00000000ee800000)
  from space 2560K, 0% used [0x00000000eeb00000,0x00000000eeb00000,0x00000000eed80000)
  to   space 34304K, 0% used [0x00000000f0980000,0x00000000f0980000,0x00000000f2b00000)
 ParOldGen       total 261120K, used 253907K [0x00000000c0000000, 0x00000000cff00000, 0x00000000eab00000)
  object space 261120K, 97% used [0x00000000c0000000,0x00000000cf7f4e60,0x00000000cff00000)
 Metaspace       used 6083K, capacity 7088K, committed 7296K, reserved 1056768K
  class space    used 582K, capacity 616K, committed 640K, reserved 1048576K
}
Event: 38.706 GC heap before
{Heap before GC invocations=62 (full 23):
 PSYoungGen      total 65024K, used 62464K [0x00000000eab00000, 0x00000000f2b00000, 0x0000000100000000)
  eden space 62464K, 100% used [0x00000000eab00000,0x00000000ee800000,0x00000000ee800000)
  from space 2560K, 0% used [0x00000000eeb00000,0x00000000eeb00000,0x00000000eed80000)
  to   space 34304K, 0% used [0x00000000f0980000,0x00000000f0980000,0x00000000f2b00000)
 ParOldGen       total 261120K, used 253907K [0x00000000c0000000, 0x00000000cff00000, 0x00000000eab00000)
  object space 261120K, 97% used [0x00000000c0000000,0x00000000cf7f4e60,0x00000000cff00000)
 Metaspace       used 6083K, capacity 7088K, committed 7296K, reserved 1056768K
  class space    used 582K, capacity 616K, committed 640K, reserved 1048576K
Event: 39.359 GC heap after
Heap after GC invocations=62 (full 23):
 PSYoungGen      total 65024K, used 0K [0x00000000eab00000, 0x00000000f2b00000, 0x0000000100000000)
  eden space 62464K, 0% used [0x00000000eab00000,0x00000000eab00000,0x00000000ee800000)
  from space 2560K, 0% used [0x00000000eeb00000,0x00000000eeb00000,0x00000000eed80000)
  to   space 34304K, 0% used [0x00000000f0980000,0x00000000f0980000,0x00000000f2b00000)
 ParOldGen       total 261120K, used 256188K [0x00000000c0000000, 0x00000000cff00000, 0x00000000eab00000)
  object space 261120K, 98% used [0x00000000c0000000,0x00000000cfa2f310,0x00000000cff00000)
 Metaspace       used 6083K, capacity 7088K, committed 7296K, reserved 1056768K
  class space    used 582K, capacity 616K, committed 640K, reserved 1048576K
}
Event: 39.444 GC heap before
{Heap before GC invocations=63 (full 24):
 PSYoungGen      total 65024K, used 62464K [0x00000000eab00000, 0x00000000f2b00000, 0x0000000100000000)
  eden space 62464K, 100% used [0x00000000eab00000,0x00000000ee800000,0x00000000ee800000)
  from space 2560K, 0% used [0x00000000eeb00000,0x00000000eeb00000,0x00000000eed80000)
  to   space 34304K, 0% used [0x00000000f0980000,0x00000000f0980000,0x00000000f2b00000)
 ParOldGen       total 261120K, used 256188K [0x00000000c0000000, 0x00000000cff00000, 0x00000000eab00000)
  object space 261120K, 98% used [0x00000000c0000000,0x00000000cfa2f310,0x00000000cff00000)
 Metaspace       used 6085K, capacity 7088K, committed 7296K, reserved 1056768K
  class space    used 582K, capacity 616K, committed 640K, reserved 1048576K
Event: 42.303 GC heap after
Heap after GC invocations=63 (full 24):
 PSYoungGen      total 65024K, used 5984K [0x00000000eab00000, 0x00000000f2b00000, 0x0000000100000000)
  eden space 62464K, 9% used [0x00000000eab00000,0x00000000eb0d8310,0x00000000ee800000)
  from space 2560K, 0% used [0x00000000eeb00000,0x00000000eeb00000,0x00000000eed80000)
  to   space 34304K, 0% used [0x00000000f0980000,0x00000000f0980000,0x00000000f2b00000)
 ParOldGen       total 261120K, used 261005K [0x00000000c0000000, 0x00000000cff00000, 0x00000000eab00000)
  object space 261120K, 99% used [0x00000000c0000000,0x00000000cfee3630,0x00000000cff00000)
 Metaspace       used 6085K, capacity 7088K, committed 7296K, reserved 1056768K
  class space    used 582K, capacity 616K, committed 640K, reserved 1048576K
}
Event: 42.407 GC heap before
{Heap before GC invocations=64 (full 25):
 PSYoungGen      total 65024K, used 62464K [0x00000000eab00000, 0x00000000f2b00000, 0x0000000100000000)
  eden space 62464K, 100% used [0x00000000eab00000,0x00000000ee800000,0x00000000ee800000)
  from space 2560K, 0% used [0x00000000eeb00000,0x00000000eeb00000,0x00000000eed80000)
  to   space 34304K, 0% used [0x00000000f0980000,0x00000000f0980000,0x00000000f2b00000)
 ParOldGen       total 261120K, used 261005K [0x00000000c0000000, 0x00000000cff00000, 0x00000000eab00000)
  object space 261120K, 99% used [0x00000000c0000000,0x00000000cfee3630,0x00000000cff00000)
 Metaspace       used 6086K, capacity 7088K, committed 7296K, reserved 1056768K
  class space    used 582K, capacity 616K, committed 640K, reserved 1048576K
Event: 43.059 GC heap after
Heap after GC invocations=64 (full 25):
 PSYoungGen      total 65024K, used 6073K [0x00000000eab00000, 0x00000000f2b00000, 0x0000000100000000)
  eden space 62464K, 9% used [0x00000000eab00000,0x00000000eb0ee588,0x00000000ee800000)
  from space 2560K, 0% used [0x00000000eeb00000,0x00000000eeb00000,0x00000000eed80000)
  to   space 34304K, 0% used [0x00000000f0980000,0x00000000f0980000,0x00000000f2b00000)
 ParOldGen       total 261120K, used 260999K [0x00000000c0000000, 0x00000000cff00000, 0x00000000eab00000)
  object space 261120K, 99% used [0x00000000c0000000,0x00000000cfee1d08,0x00000000cff00000)
 Metaspace       used 6086K, capacity 7088K, committed 7296K, reserved 1056768K
  class space    used 582K, capacity 616K, committed 640K, reserved 1048576K
}
Event: 43.153 GC heap before
{Heap before GC invocations=65 (full 26):
 PSYoungGen      total 65024K, used 62464K [0x00000000eab00000, 0x00000000f2b00000, 0x0000000100000000)
  eden space 62464K, 100% used [0x00000000eab00000,0x00000000ee800000,0x00000000ee800000)
  from space 2560K, 0% used [0x00000000eeb00000,0x00000000eeb00000,0x00000000eed80000)
  to   space 34304K, 0% used [0x00000000f0980000,0x00000000f0980000,0x00000000f2b00000)
 ParOldGen       total 261120K, used 260999K [0x00000000c0000000, 0x00000000cff00000, 0x00000000eab00000)
  object space 261120K, 99% used [0x00000000c0000000,0x00000000cfee1d08,0x00000000cff00000)
 Metaspace       used 6086K, capacity 7088K, committed 7296K, reserved 1056768K
  class space    used 582K, capacity 616K, committed 640K, reserved 1048576K
Event: 43.776 GC heap after
Heap after GC invocations=65 (full 26):
 PSYoungGen      total 65024K, used 18155K [0x00000000eab00000, 0x00000000f2b00000, 0x0000000100000000)
  eden space 62464K, 29% used [0x00000000eab00000,0x00000000ebcbace0,0x00000000ee800000)
  from space 2560K, 0% used [0x00000000eeb00000,0x00000000eeb00000,0x00000000eed80000)
  to   space 34304K, 0% used [0x00000000f0980000,0x00000000f0980000,0x00000000f2b00000)
 ParOldGen       total 261120K, used 260960K [0x00000000c0000000, 0x00000000cff00000, 0x00000000eab00000)
  object space 261120K, 99% used [0x00000000c0000000,0x00000000cfed81b8,0x00000000cff00000)
 Metaspace       used 6086K, capacity 7088K, committed 7296K, reserved 1056768K
  class space    used 582K, capacity 616K, committed 640K, reserved 1048576K
}
Event: 43.888 GC heap before
{Heap before GC invocations=66 (full 27):
 PSYoungGen      total 65024K, used 62464K [0x00000000eab00000, 0x00000000f2b00000, 0x0000000100000000)
  eden space 62464K, 100% used [0x00000000eab00000,0x00000000ee800000,0x00000000ee800000)
  from space 2560K, 0% used [0x00000000eeb00000,0x00000000eeb00000,0x00000000eed80000)
  to   space 34304K, 0% used [0x00000000f0980000,0x00000000f0980000,0x00000000f2b00000)
 ParOldGen       total 261120K, used 260960K [0x00000000c0000000, 0x00000000cff00000, 0x00000000eab00000)
  object space 261120K, 99% used [0x00000000c0000000,0x00000000cfed81b8,0x00000000cff00000)
 Metaspace       used 6086K, capacity 7088K, committed 7296K, reserved 1056768K
  class space    used 582K, capacity 616K, committed 640K, reserved 1048576K

Deoptimization events (10 events):
Event: 25.823 Thread 0x00000000077fa000 Uncommon trap: reason=class_check action=maybe_recompile pc=0x000000000f4adb94 method=java.util.Collections$UnmodifiableCollection$1.next()Ljava/lang/Object; @ 4
Event: 25.824 Thread 0x00000000077fa000 Uncommon trap: reason=unstable_if action=reinterpret pc=0x000000000f7faed8 method=com.android.dx.ssa.SsaConverter.placePhiFunctions(Lcom/android/dx/ssa/SsaMethod;Lcom/android/dx/ssa/LocalVariableInfo;I)V @ 327
Event: 25.824 Thread 0x00000000077fa000 Uncommon trap: reason=unstable_if action=reinterpret pc=0x000000000f4b3d0c method=com.android.dx.ssa.SsaRenamer$BlockRenamer.addMapping(ILcom/android/dx/rop/code/RegisterSpec;)V @ 120
Event: 25.824 Thread 0x00000000077fa000 Uncommon trap: reason=null_check action=make_not_entrant pc=0x000000000f569b34 method=com.android.dx.ssa.SsaRenamer.getLocalForNewReg(I)Lcom/android/dx/rop/code/LocalItem; @ 19
Event: 25.825 Thread 0x00000000077fa000 Uncommon trap: reason=unstable_if action=reinterpret pc=0x000000000f88dec4 method=com.android.dx.ssa.SsaInsn.getLocalAssignment()Lcom/android/dx/rop/code/RegisterSpec; @ 14
Event: 25.826 Thread 0x00000000077fa000 Uncommon trap: reason=unstable_if action=reinterpret pc=0x000000000f67a580 method=com.android.dx.ssa.back.FirstFitLocalCombiningAllocator$1.processInsn(Lcom/android/dx/ssa/SsaInsn;)V @ 34
Event: 25.827 Thread 0x00000000077fa000 Uncommon trap: reason=unstable_if action=reinterpret pc=0x000000000f67e598 method=com.android.dx.ssa.SsaInsn.getLocalAssignment()Lcom/android/dx/rop/code/RegisterSpec; @ 14
Event: 25.827 Thread 0x00000000077fa000 Uncommon trap: reason=unstable_if action=reinterpret pc=0x000000000f77c458 method=com.android.dx.rop.code.LocalVariableExtractor.processBlock(I)V @ 138
Event: 25.827 Thread 0x00000000077fa000 Uncommon trap: reason=unstable_if action=reinterpret pc=0x000000000f86ac00 method=com.android.dx.dex.code.RopTranslator$TranslationVisitor.visitThrowingCstInsn(Lcom/android/dx/rop/code/ThrowingCstInsn;)V @ 106
Event: 25.887 Thread 0x00000000077fa000 Uncommon trap: reason=unstable_if action=reinterpret pc=0x000000000f8bf8cc method=java.util.DualPivotQuicksort.sort([IIIZ)V @ 45

Internal exceptions (5 events):
Event: 1.806 Thread 0x00000000025c0800 Exception <a 'java/lang/NoSuchMethodError': Method sun.misc.Unsafe.defineClass(Ljava/lang/String;[BII)Ljava/lang/Class; name or signature does not match> (0x00000000eab0d598) thrown at [C:\re\workspace\8-2-build-windows-amd64-cygwin\jdk8u45\3457\hotspot\srÕþ,åü?
Event: 1.806 Thread 0x00000000025c0800 Exception <a 'java/lang/NoSuchMethodError': Method sun.misc.Unsafe.prefetchRead(Ljava/lang/Object;J)V name or signature does not match> (0x00000000eab0d828) thrown at [C:\re\workspace\8-2-build-windows-amd64-cygwin\jdk8u45\3457\hotspot\src\share\vm\prims\jíV”rî[0@
Event: 16.359 Thread 0x00000000077fa000 Implicit null exception at 0x000000000f399fe2 to 0x000000000f39a0d2
Event: 23.099 Thread 0x00000000025c0800 Implicit null exception at 0x000000000f1203ec to 0x000000000f120418
Event: 25.824 Thread 0x00000000077fa000 Implicit null exception at 0x000000000f568f76 to 0x000000000f569b01

Events (10 events):
Event: 42.407 Executing VM operation: ParallelGCFailedAllocation
Event: 43.060 Executing VM operation: ParallelGCFailedAllocation done
Event: 43.102 Thread 0x0000000005db9800 flushing nmethod 0x000000000f4962d0
Event: 43.102 Thread 0x0000000005db9800 flushing nmethod 0x000000000f49e390
Event: 43.113 Thread 0x0000000005db9800 flushing nmethod 0x000000000f502e50
Event: 43.153 Executing VM operation: ParallelGCFailedAllocation
Event: 43.776 Executing VM operation: ParallelGCFailedAllocation done
Event: 43.855 Thread 0x0000000005d98800 flushing nmethod 0x000000000f59e990
Event: 43.855 Thread 0x0000000005d98800 flushing nmethod 0x000000000f5a0550
Event: 43.888 Executing VM operation: ParallelGCFailedAllocation


Dynamic libraries:
0x00007ff65b6e0000 - 0x00007ff65b717000 	C:\Program Files\Java\jdk1.8.0_45\bin\java.exe
0x00007ffd21a40000 - 0x00007ffd21bec000 	C:\Windows\SYSTEM32\ntdll.dll
0x00007ffd1fb00000 - 0x00007ffd1fc3e000 	C:\Windows\system32\KERNEL32.DLL
0x00007ffd1efb0000 - 0x00007ffd1f0c5000 	C:\Windows\system32\KERNELBASE.dll
0x00007ffd1d710000 - 0x00007ffd1d79e000 	C:\Windows\system32\apphelp.dll
0x00007ffd04040000 - 0x00007ffd04093000 	C:\Windows\AppPatch\AppPatch64\AcGenral.DLL
0x00007ffd21220000 - 0x00007ffd212ca000 	C:\Windows\system32\msvcrt.dll
0x00007ffd1e9a0000 - 0x00007ffd1e9ce000 	C:\Windows\SYSTEM32\SspiCli.dll
0x00007ffd1f520000 - 0x00007ffd1f574000 	C:\Windows\system32\SHLWAPI.dll
0x00007ffd1f0d0000 - 0x00007ffd1f247000 	C:\Windows\system32\USER32.dll
0x00007ffd1f260000 - 0x00007ffd1f3f4000 	C:\Windows\system32\ole32.dll
0x00007ffd1fd00000 - 0x00007ffd21219000 	C:\Windows\system32\SHELL32.dll
0x00007ffd1e110000 - 0x00007ffd1e131000 	C:\Windows\SYSTEM32\USERENV.dll
0x00007ffd214a0000 - 0x00007ffd2154a000 	C:\Windows\system32\ADVAPI32.dll
0x00007ffd14280000 - 0x00007ffd1429e000 	C:\Windows\SYSTEM32\MPR.dll
0x00007ffd212d0000 - 0x00007ffd21411000 	C:\Windows\system32\RPCRT4.dll
0x00007ffd1f460000 - 0x00007ffd1f4b9000 	C:\Windows\SYSTEM32\sechost.dll
0x00007ffd1f730000 - 0x00007ffd1f941000 	C:\Windows\SYSTEM32\combase.dll
0x00007ffd1f9b0000 - 0x00007ffd1fb00000 	C:\Windows\system32\GDI32.dll
0x00007ffd1eba0000 - 0x00007ffd1ebb5000 	C:\Windows\SYSTEM32\profapi.dll
0x00007ffd1d370000 - 0x00007ffd1d422000 	C:\Windows\SYSTEM32\SHCORE.dll
0x00007ffd1f420000 - 0x00007ffd1f456000 	C:\Windows\system32\IMM32.DLL
0x00007ffd21550000 - 0x00007ffd216a2000 	C:\Windows\system32\MSCTF.dll
0x00007ffd1eb60000 - 0x00007ffd1eb8f000 	C:\Windows\system32\nvinitx.dll
0x000000000f000000 - 0x000000000f006000 	C:\Program Files\NVIDIA Corporation\CoProcManager\detoured.dll
0x00007ffd1cb20000 - 0x00007ffd1cb7f000 	C:\Program Files\NVIDIA Corporation\CoProcManager\nvd3d9wrapx.dll
0x00007ffd21850000 - 0x00007ffd21a2a000 	C:\Windows\system32\SETUPAPI.dll
0x00007ffd1ed20000 - 0x00007ffd1ed6f000 	C:\Windows\system32\CFGMGR32.dll
0x00007ffd1cad0000 - 0x00007ffd1cb16000 	C:\Program Files\NVIDIA Corporation\CoProcManager\nvdxgiwrapx.dll
0x00007ffd1cef0000 - 0x00007ffd1d16a000 	C:\Windows\WinSxS\amd64_microsoft.windows.common-controls_6595b64144ccf1df_6.0.9600.17810_none_6240b9c7ecbd0bda\COMCTL32.dll
0x00000000732e0000 - 0x00000000733b2000 	C:\Program Files\Java\jdk1.8.0_45\jre\bin\msvcr100.dll
0x0000000072a50000 - 0x00000000732d3000 	C:\Program Files\Java\jdk1.8.0_45\jre\bin\server\jvm.dll
0x00007ffd15670000 - 0x00007ffd15679000 	C:\Windows\SYSTEM32\WSOCK32.dll
0x00007ffd1c4f0000 - 0x00007ffd1c512000 	C:\Windows\SYSTEM32\WINMM.dll
0x00007ffd1cc90000 - 0x00007ffd1cc9a000 	C:\Windows\SYSTEM32\VERSION.dll
0x00007ffd21a30000 - 0x00007ffd21a37000 	C:\Windows\system32\PSAPI.DLL
0x00007ffd1f4c0000 - 0x00007ffd1f51a000 	C:\Windows\system32\WS2_32.dll
0x00007ffd1c4b0000 - 0x00007ffd1c4da000 	C:\Windows\SYSTEM32\WINMMBASE.dll
0x00007ffd21840000 - 0x00007ffd21849000 	C:\Windows\system32\NSI.dll
0x00007ffd1d970000 - 0x00007ffd1d998000 	C:\Windows\SYSTEM32\DEVOBJ.dll
0x0000000072a40000 - 0x0000000072a4f000 	C:\Program Files\Java\jdk1.8.0_45\jre\bin\verify.dll
0x0000000072a10000 - 0x0000000072a39000 	C:\Program Files\Java\jdk1.8.0_45\jre\bin\java.dll
0x00000000729f0000 - 0x0000000072a06000 	C:\Program Files\Java\jdk1.8.0_45\jre\bin\zip.dll

VM Arguments:
jvm_args: -Djava.awt.headless=true -Xmx1024M -Dfile.encoding=windows-1252 -Duser.country=US -Duser.language=en -Duser.variant 
java_command: com.android.dx.command.Main --dex --force-jumbo --num-threads=4 --multi-dex --output D:\Android\GymApplication\app\build\intermediates\transforms\dex\debug\folders\1000\5\slice_5 D:\Android\GymApplication\app\build\intermediates\transforms\instantRunSlicer\debug\folders\1\5\slice_5
java_class_path (initial): C:\Users\Admin\AppData\Local\Android\sdk\build-tools\23.0.3\lib\dx.jar
Launcher Type: SUN_STANDARD

Environment Variables:
PATH=C:\Program Files\Java\jdk1.8.0_45;C:\ProgramData\Oracle\Java\javapath;C:\Windows\system32;C:\Windows;C:\Windows\System32\Wbem;C:\Windows\System32\WindowsPowerShell\v1.0\;C:\Program Files\Microsoft\Web Platform Installer\;C:\Program Files (x86)\Microsoft ASP.NET\ASP.NET Web Pages\v1.0\;C:\Program Files (x86)\Windows Kits\8.0\Windows Performance Toolkit\;C:\Program Files\Microsoft SQL Server\110\Tools\Binn\;C:\Program Files (x86)\Microsoft SQL Server\100\Tools\Binn\;C:\Program Files\Microsoft SQL Server\100\Tools\Binn\;C:\Program Files\Microsoft SQL Server\100\DTS\Binn\;C:\Program Files (x86)\Microsoft SQL Server\100\Tools\Binn\VSShell\Common7\IDE\;C:\Program Files (x86)\Microsoft SQL Server\100\DTS\Binn\;C:\Program Files (x86)\Microsoft Visual Studio 9.0\Common7\IDE\PrivateAssemblies\;C:\Program Files (x86)\Common Files\lenovo\easyplussdk\bin
USERNAME=Admin
OS=Windows_NT
PROCESSOR_IDENTIFIER=Intel64 Family 6 Model 42 Stepping 7, GenuineIntel



---------------  S Y S T E M  ---------------

OS: Windows 8.1 , 64 bit Build 9600 (6.3.9600.17415)

CPU:total 4 (2 cores per cpu, 2 threads per core) family 6 model 42 stepping 7, cmov, cx8, fxsr, mmx, sse, sse2, sse3, ssse3, sse4.1, sse4.2, popcnt, avx, clmul, ht, tsc, tscinvbit

Memory: 4k page, physical 4103216k(393868k free), swap 7248944k(4892k free)

vm_info: Java HotSpot(TM) 64-Bit Server VM (25.45-b02) for windows-amd64 JRE (1.8.0_45-b14), built on Apr 10 2015 10:34:15 by "java_re" with MS VC++ 10.0 (VS2010)

time: Sun Sep 11 20:50:34 2016
elapsed time: 46 seconds (0d 0h 0m 46s)

