#
# There is insufficient memory for the Java Runtime Environment to continue.
# Native memory allocation (malloc) failed to allocate 441136 bytes for Chunk::new
# Possible reasons:
#   The system is out of physical RAM or swap space
#   In 32 bit mode, the process size limit was hit
# Possible solutions:
#   Reduce memory load on the system
#   Increase physical memory or swap space
#   Check if swap backing store is full
#   Use 64 bit Java on a 64 bit OS
#   Decrease Java heap size (-Xmx/-Xms)
#   Decrease number of Java threads
#   Decrease Java thread stack sizes (-Xss)
#   Set larger code cache with -XX:ReservedCodeCacheSize=
# This output file may be truncated or incomplete.
#
#  Out of Memory Error (allocation.cpp:390), pid=5408, tid=4028
#
# JRE version: Java(TM) SE Runtime Environment (8.0_45-b14) (build 1.8.0_45-b14)
# Java VM: Java HotSpot(TM) 64-Bit Server VM (25.45-b02 mixed mode windows-amd64 compressed oops)
# Failed to write core dump. Minidumps are not enabled by default on client versions of Windows
#

---------------  T H R E A D  ---------------

Current thread (0x00000000060ec800):  JavaThread "C2 CompilerThread0" daemon [_thread_in_native, id=4028, stack(0x0000000007630000,0x0000000007730000)]

Stack: [0x0000000007630000,0x0000000007730000]
Native frames: (J=compiled Java code, j=interpreted, Vv=VM code, C=native code)
V  [jvm.dll+0x32b57a]
V  [jvm.dll+0x279873]
V  [jvm.dll+0x27a509]
V  [jvm.dll+0x271825]
V  [jvm.dll+0xcb9e2]
V  [jvm.dll+0xcbeac]
V  [jvm.dll+0x49298c]
V  [jvm.dll+0x45f8ca]
V  [jvm.dll+0x46a73b]
V  [jvm.dll+0x46cd52]
V  [jvm.dll+0x4500f2]
V  [jvm.dll+0xa4352]
V  [jvm.dll+0xa4c8f]
V  [jvm.dll+0x241984]
V  [jvm.dll+0x29853a]
C  [msvcr100.dll+0x21d9f]
C  [msvcr100.dll+0x21e3b]
C  [KERNEL32.DLL+0x13d2]
C  [ntdll.dll+0x15454]


Current CompileTask:
C2:  51017 1770       4       com.android.dx.ssa.SsaBasicBlock::newFromRop (183 bytes)


---------------  P R O C E S S  ---------------

Java Threads: ( => current thread )
  0x0000000007950800 JavaThread "Service Thread" daemon [_thread_blocked, id=476, stack(0x0000000007d30000,0x0000000007e30000)]
  0x00000000060e0800 JavaThread "C1 CompilerThread2" daemon [_thread_blocked, id=2132, stack(0x0000000007830000,0x0000000007930000)]
  0x00000000060db000 JavaThread "C2 CompilerThread1" daemon [_thread_in_native, id=5780, stack(0x0000000007730000,0x0000000007830000)]
=>0x00000000060ec800 JavaThread "C2 CompilerThread0" daemon [_thread_in_native, id=4028, stack(0x0000000007630000,0x0000000007730000)]
  0x00000000060e7000 JavaThread "Attach Listener" daemon [_thread_blocked, id=484, stack(0x0000000007530000,0x0000000007630000)]
  0x00000000060e5800 JavaThread "Signal Dispatcher" daemon [_thread_blocked, id=5212, stack(0x0000000007430000,0x0000000007530000)]
  0x00000000029a0800 JavaThread "Finalizer" daemon [_thread_blocked, id=2992, stack(0x0000000007330000,0x0000000007430000)]
  0x000000000299d800 JavaThread "Reference Handler" daemon [_thread_blocked, id=816, stack(0x0000000007230000,0x0000000007330000)]
  0x00000000028b0800 JavaThread "main" [_thread_in_native, id=704, stack(0x0000000002770000,0x0000000002870000)]

Other Threads:
  0x00000000060a7800 VMThread [stack: 0x0000000007130000,0x0000000007230000] [id=5752]
  0x0000000007951000 WatcherThread [stack: 0x0000000007e30000,0x0000000007f30000] [id=5200]

VM state:not at safepoint (normal execution)

VM Mutex/Monitor currently owned by a thread: None

Heap:
 PSYoungGen      total 23040K, used 3285K [0x00000000eab00000, 0x00000000ef500000, 0x0000000100000000)
  eden space 20480K, 16% used [0x00000000eab00000,0x00000000eae35448,0x00000000ebf00000)
  from space 2560K, 0% used [0x00000000ec900000,0x00000000ec900000,0x00000000ecb80000)
  to   space 10240K, 0% used [0x00000000ebf00000,0x00000000ebf00000,0x00000000ec900000)
 ParOldGen       total 16896K, used 12492K [0x00000000c0000000, 0x00000000c1080000, 0x00000000eab00000)
  object space 16896K, 73% used [0x00000000c0000000,0x00000000c0c330d0,0x00000000c1080000)
 Metaspace       used 6915K, capacity 7608K, committed 7936K, reserved 1060864K
  class space    used 646K, capacity 688K, committed 768K, reserved 1048576K

Card table byte_map: [0x0000000002dd0000,0x0000000002fe0000] byte_map_base: 0x00000000027d0000

Marking Bits: (ParMarkBitMap*) 0x0000000073254040
 Begin Bits: [0x0000000003540000, 0x0000000004540000)
 End Bits:   [0x0000000004540000, 0x0000000005540000)

Polling page: 0x0000000000ab0000

CodeCache: size=245760Kb used=9069Kb max_used=9104Kb free=236690Kb
 bounds [0x000000000f010000, 0x000000000f900000, 0x000000001e010000]
 total_blobs=2484 nmethods=2207 adapters=189
 compilation: enabled

Compilation events (10 events):
Event: 36.998 Thread 0x00000000060e0800 1819       2       java.util.ArrayDeque::poll (5 bytes)
Event: 36.998 Thread 0x00000000060e0800 nmethod 1819 0x000000000f7b9b90 code [0x000000000f7b9d00, 0x000000000f7b9e68]
Event: 36.998 Thread 0x00000000060e0800 1820       2       java.util.ArrayDeque::pollFirst (42 bytes)
Event: 36.999 Thread 0x00000000060e0800 nmethod 1820 0x000000000f7d8090 code [0x000000000f7d8200, 0x000000000f7d83d0]
Event: 36.999 Thread 0x00000000060e0800 1822       2       com.android.dx.rop.code.Rops::opGetStatic (97 bytes)
Event: 37.000 Thread 0x00000000060e0800 nmethod 1822 0x000000000f7d84d0 code [0x000000000f7d86a0, 0x000000000f7d8c18]
Event: 37.002 Thread 0x00000000060e0800 1823       2       java.util.ArrayDeque::add (7 bytes)
Event: 37.002 Thread 0x00000000060e0800 nmethod 1823 0x000000000f7d9290 code [0x000000000f7d9400, 0x000000000f7d9568]
Event: 37.002 Thread 0x00000000060e0800 1824       2       java.util.ArrayDeque::addLast (53 bytes)
Event: 37.003 Thread 0x00000000060e0800 nmethod 1824 0x000000000f7d9610 code [0x000000000f7d97a0, 0x000000000f7d9a58]

GC Heap History (10 events):
Event: 30.580 GC heap after
Heap after GC invocations=4 (full 1):
 PSYoungGen      total 18944K, used 2554K [0x00000000eab00000, 0x00000000ecb80000, 0x0000000100000000)
  eden space 16384K, 0% used [0x00000000eab00000,0x00000000eab00000,0x00000000ebb00000)
  from space 2560K, 99% used [0x00000000ebb00000,0x00000000ebd7eaa8,0x00000000ebd80000)
  to   space 2560K, 0% used [0x00000000ec900000,0x00000000ec900000,0x00000000ecb80000)
 ParOldGen       total 16896K, used 3606K [0x00000000c0000000, 0x00000000c1080000, 0x00000000eab00000)
  object space 16896K, 21% used [0x00000000c0000000,0x00000000c0385ba8,0x00000000c1080000)
 Metaspace       used 5997K, capacity 6960K, committed 7040K, reserved 1060864K
  class space    used 590K, capacity 616K, committed 640K, reserved 1048576K
}
Event: 31.369 GC heap before
{Heap before GC invocations=5 (full 1):
 PSYoungGen      total 18944K, used 18938K [0x00000000eab00000, 0x00000000ecb80000, 0x0000000100000000)
  eden space 16384K, 100% used [0x00000000eab00000,0x00000000ebb00000,0x00000000ebb00000)
  from space 2560K, 99% used [0x00000000ebb00000,0x00000000ebd7eaa8,0x00000000ebd80000)
  to   space 2560K, 0% used [0x00000000ec900000,0x00000000ec900000,0x00000000ecb80000)
 ParOldGen       total 16896K, used 3606K [0x00000000c0000000, 0x00000000c1080000, 0x00000000eab00000)
  object space 16896K, 21% used [0x00000000c0000000,0x00000000c0385ba8,0x00000000c1080000)
 Metaspace       used 6081K, capacity 7024K, committed 7296K, reserved 1060864K
  class space    used 591K, capacity 616K, committed 640K, reserved 1048576K
Event: 31.594 GC heap after
Heap after GC invocations=5 (full 1):
 PSYoungGen      total 30720K, used 2528K [0x00000000eab00000, 0x00000000ecf00000, 0x0000000100000000)
  eden space 28160K, 0% used [0x00000000eab00000,0x00000000eab00000,0x00000000ec680000)
  from space 2560K, 98% used [0x00000000ec900000,0x00000000ecb78018,0x00000000ecb80000)
  to   space 2560K, 0% used [0x00000000ec680000,0x00000000ec680000,0x00000000ec900000)
 ParOldGen       total 16896K, used 6150K [0x00000000c0000000, 0x00000000c1080000, 0x00000000eab00000)
  object space 16896K, 36% used [0x00000000c0000000,0x00000000c0601ae8,0x00000000c1080000)
 Metaspace       used 6081K, capacity 7024K, committed 7296K, reserved 1060864K
  class space    used 591K, capacity 616K, committed 640K, reserved 1048576K
}
Event: 33.759 GC heap before
{Heap before GC invocations=6 (full 1):
 PSYoungGen      total 30720K, used 30688K [0x00000000eab00000, 0x00000000ecf00000, 0x0000000100000000)
  eden space 28160K, 100% used [0x00000000eab00000,0x00000000ec680000,0x00000000ec680000)
  from space 2560K, 98% used [0x00000000ec900000,0x00000000ecb78018,0x00000000ecb80000)
  to   space 2560K, 0% used [0x00000000ec680000,0x00000000ec680000,0x00000000ec900000)
 ParOldGen       total 16896K, used 6150K [0x00000000c0000000, 0x00000000c1080000, 0x00000000eab00000)
  object space 16896K, 36% used [0x00000000c0000000,0x00000000c0601ae8,0x00000000c1080000)
 Metaspace       used 6179K, capacity 7088K, committed 7296K, reserved 1060864K
  class space    used 591K, capacity 616K, committed 640K, reserved 1048576K
Event: 34.785 GC heap after
Heap after GC invocations=6 (full 1):
 PSYoungGen      total 30720K, used 2534K [0x00000000eab00000, 0x00000000ecf00000, 0x0000000100000000)
  eden space 28160K, 0% used [0x00000000eab00000,0x00000000eab00000,0x00000000ec680000)
  from space 2560K, 98% used [0x00000000ec680000,0x00000000ec8f9938,0x00000000ec900000)
  to   space 2560K, 0% used [0x00000000ec900000,0x00000000ec900000,0x00000000ecb80000)
 ParOldGen       total 16896K, used 10914K [0x00000000c0000000, 0x00000000c1080000, 0x00000000eab00000)
  object space 16896K, 64% used [0x00000000c0000000,0x00000000c0aa8bc8,0x00000000c1080000)
 Metaspace       used 6179K, capacity 7088K, committed 7296K, reserved 1060864K
  class space    used 591K, capacity 616K, committed 640K, reserved 1048576K
}
Event: 36.381 GC heap before
{Heap before GC invocations=7 (full 1):
 PSYoungGen      total 30720K, used 30694K [0x00000000eab00000, 0x00000000ecf00000, 0x0000000100000000)
  eden space 28160K, 100% used [0x00000000eab00000,0x00000000ec680000,0x00000000ec680000)
  from space 2560K, 98% used [0x00000000ec680000,0x00000000ec8f9938,0x00000000ec900000)
  to   space 2560K, 0% used [0x00000000ec900000,0x00000000ec900000,0x00000000ecb80000)
 ParOldGen       total 16896K, used 10914K [0x00000000c0000000, 0x00000000c1080000, 0x00000000eab00000)
  object space 16896K, 64% used [0x00000000c0000000,0x00000000c0aa8bc8,0x00000000c1080000)
 Metaspace       used 6217K, capacity 7152K, committed 7296K, reserved 1060864K
  class space    used 592K, capacity 616K, committed 640K, reserved 1048576K
Event: 36.484 GC heap after
Heap after GC invocations=7 (full 1):
 PSYoungGen      total 23040K, used 2546K [0x00000000eab00000, 0x00000000ef500000, 0x0000000100000000)
  eden space 20480K, 0% used [0x00000000eab00000,0x00000000eab00000,0x00000000ebf00000)
  from space 2560K, 99% used [0x00000000ec900000,0x00000000ecb7cb08,0x00000000ecb80000)
  to   space 10240K, 0% used [0x00000000ebf00000,0x00000000ebf00000,0x00000000ec900000)
 ParOldGen       total 16896K, used 15336K [0x00000000c0000000, 0x00000000c1080000, 0x00000000eab00000)
  object space 16896K, 90% used [0x00000000c0000000,0x00000000c0efa188,0x00000000c1080000)
 Metaspace       used 6217K, capacity 7152K, committed 7296K, reserved 1060864K
  class space    used 592K, capacity 616K, committed 640K, reserved 1048576K
}
Event: 36.484 GC heap before
{Heap before GC invocations=8 (full 2):
 PSYoungGen      total 23040K, used 2546K [0x00000000eab00000, 0x00000000ef500000, 0x0000000100000000)
  eden space 20480K, 0% used [0x00000000eab00000,0x00000000eab00000,0x00000000ebf00000)
  from space 2560K, 99% used [0x00000000ec900000,0x00000000ecb7cb08,0x00000000ecb80000)
  to   space 10240K, 0% used [0x00000000ebf00000,0x00000000ebf00000,0x00000000ec900000)
 ParOldGen       total 16896K, used 15336K [0x00000000c0000000, 0x00000000c1080000, 0x00000000eab00000)
  object space 16896K, 90% used [0x00000000c0000000,0x00000000c0efa188,0x00000000c1080000)
 Metaspace       used 6217K, capacity 7152K, committed 7296K, reserved 1060864K
  class space    used 592K, capacity 616K, committed 640K, reserved 1048576K
Event: 36.900 GC heap after
Heap after GC invocations=8 (full 2):
 PSYoungGen      total 23040K, used 0K [0x00000000eab00000, 0x00000000ef500000, 0x0000000100000000)
  eden space 20480K, 0% used [0x00000000eab00000,0x00000000eab00000,0x00000000ebf00000)
  from space 2560K, 0% used [0x00000000ec900000,0x00000000ec900000,0x00000000ecb80000)
  to   space 10240K, 0% used [0x00000000ebf00000,0x00000000ebf00000,0x00000000ec900000)
 ParOldGen       total 16896K, used 15682K [0x00000000c0000000, 0x00000000c1080000, 0x00000000eab00000)
  object space 16896K, 92% used [0x00000000c0000000,0x00000000c0f50ab8,0x00000000c1080000)
 Metaspace       used 6217K, capacity 7152K, committed 7296K, reserved 1060864K
  class space    used 592K, capacity 616K, committed 640K, reserved 1048576K
}
Event: 37.005 GC heap before
{Heap before GC invocations=9 (full 3):
 PSYoungGen      total 23040K, used 20480K [0x00000000eab00000, 0x00000000ef500000, 0x0000000100000000)
  eden space 20480K, 100% used [0x00000000eab00000,0x00000000ebf00000,0x00000000ebf00000)
  from space 2560K, 0% used [0x00000000ec900000,0x00000000ec900000,0x00000000ecb80000)
  to   space 10240K, 0% used [0x00000000ebf00000,0x00000000ebf00000,0x00000000ec900000)
 ParOldGen       total 16896K, used 15682K [0x00000000c0000000, 0x00000000c1080000, 0x00000000eab00000)
  object space 16896K, 92% used [0x00000000c0000000,0x00000000c0f50ab8,0x00000000c1080000)
 Metaspace       used 6223K, capacity 7152K, committed 7296K, reserved 1060864K
  class space    used 592K, capacity 616K, committed 640K, reserved 1048576K

Deoptimization events (10 events):
Event: 33.710 Thread 0x00000000028b0800 Uncommon trap: reason=bimorphic action=maybe_recompile pc=0x000000000f666618 method=com.android.dx.cf.code.BytecodeArray.parseInstruction(ILcom/android/dx/cf/code/BytecodeArray$Visitor;)I @ 939
Event: 33.710 Thread 0x00000000028b0800 Uncommon trap: reason=bimorphic action=maybe_recompile pc=0x000000000f666618 method=com.android.dx.cf.code.BytecodeArray.parseInstruction(ILcom/android/dx/cf/code/BytecodeArray$Visitor;)I @ 939
Event: 33.735 Thread 0x0000000007b4b000 Uncommon trap: reason=bimorphic action=maybe_recompile pc=0x000000000f658638 method=com.android.dx.ssa.LiteralOpUpgrader.tryReplacingWithConstant(Lcom/android/dx/ssa/NormalSsaInsn;)Z @ 52
Event: 35.560 Thread 0x00000000028b0800 Uncommon trap: reason=unloaded action=reinterpret pc=0x000000000f6d07e8 method=com.android.dx.cf.cst.ConstantPoolParser.parse0(ILjava/util/BitSet;)Lcom/android/dx/rop/cst/Constant; @ 220
Event: 35.579 Thread 0x0000000007b47000 Uncommon trap: reason=uninitialized action=reinterpret pc=0x000000000f72db1c method=com.android.dx.cf.code.BytecodeArray.parseInstruction(ILcom/android/dx/cf/code/BytecodeArray$Visitor;)I @ 1095
Event: 35.626 Thread 0x0000000007b47000 Uncommon trap: reason=class_check action=maybe_recompile pc=0x000000000f74adb0 method=com.android.dx.cf.code.Ropper.processBlock(Lcom/android/dx/cf/code/ByteBlock;Lcom/android/dx/cf/code/Frame;[I)V @ 777
Event: 36.226 Thread 0x00000000028b0800 Uncommon trap: reason=unstable_if action=reinterpret pc=0x000000000f68b0ac method=com.android.dx.rop.code.LocalItem.compareHandlesNulls(Lcom/android/dx/rop/cst/CstString;Lcom/android/dx/rop/cst/CstString;)I @ 14
Event: 36.227 Thread 0x00000000028b0800 Uncommon trap: reason=unstable_if action=reinterpret pc=0x000000000f4c4310 method=com.android.dx.rop.code.LocalItem.compareHandlesNulls(Lcom/android/dx/rop/cst/CstString;Lcom/android/dx/rop/cst/CstString;)I @ 14
Event: 36.929 Thread 0x0000000007b7b000 Uncommon trap: reason=bimorphic action=maybe_recompile pc=0x000000000f606afc method=com.android.dx.ssa.SCCP.simulatePhi(Lcom/android/dx/ssa/PhiInsn;)V @ 124
Event: 36.929 Thread 0x0000000007b7b000 Uncommon trap: reason=bimorphic action=maybe_recompile pc=0x000000000f606afc method=com.android.dx.ssa.SCCP.simulatePhi(Lcom/android/dx/ssa/PhiInsn;)V @ 124

Internal exceptions (6 events):
Event: 6.112 Thread 0x00000000028b0800 Exception <a 'java/lang/NoSuchMethodError': Method sun.misc.Unsafe.defineClass(Ljava/lang/String;[BII)Ljava/lang/Class; name or signature does not match> (0x00000000eab0d428) thrown at [C:\re\workspace\8-2-build-windows-amd64-cygwin\jdk8u45\3457\hotspot\sr„áüts@
Event: 6.112 Thread 0x00000000028b0800 Exception <a 'java/lang/NoSuchMethodError': Method sun.misc.Unsafe.prefetchRead(Ljava/lang/Object;J)V name or signature does not match> (0x00000000eab0d6b8) thrown at [C:\re\workspace\8-2-build-windows-amd64-cygwin\jdk8u45\3457\hotspot\src\share\vm\prims\j»Ï¼s]>@
Event: 30.365 Thread 0x0000000007b7b000 Implicit null exception at 0x000000000f4b5162 to 0x000000000f4b5252
Event: 30.680 Thread 0x0000000007b47000 Implicit null exception at 0x000000000f37cecb to 0x000000000f37fe85
Event: 36.226 Thread 0x00000000028b0800 Implicit null exception at 0x000000000f688f9b to 0x000000000f68b039
Event: 36.227 Thread 0x00000000028b0800 Implicit null exception at 0x000000000f4c4193 to 0x000000000f4c42fd

Events (10 events):
Event: 36.900 Executing VM operation: ParallelGCFailedAllocation done
Event: 36.927 Thread 0x00000000028b0800 DEOPT PACKING pc=0x000000000f45ca28 sp=0x000000000286e350
Event: 36.927 Thread 0x00000000028b0800 DEOPT UNPACKING pc=0x000000000f05787f sp=0x000000000286e180 mode 0
Event: 36.929 Thread 0x0000000007b7b000 Uncommon trap: trap_request=0xffffffc6 fr.pc=0x000000000f606afc
Event: 36.929 Thread 0x0000000007b7b000 DEOPT PACKING pc=0x000000000f606afc sp=0x000000000822ebb0
Event: 36.929 Thread 0x0000000007b7b000 DEOPT UNPACKING pc=0x000000000f05582a sp=0x000000000822eb48 mode 2
Event: 36.929 Thread 0x0000000007b7b000 Uncommon trap: trap_request=0xffffffc6 fr.pc=0x000000000f606afc
Event: 36.929 Thread 0x0000000007b7b000 DEOPT PACKING pc=0x000000000f606afc sp=0x000000000822ebb0
Event: 36.929 Thread 0x0000000007b7b000 DEOPT UNPACKING pc=0x000000000f05582a sp=0x000000000822eb48 mode 2
Event: 37.005 Executing VM operation: ParallelGCFailedAllocation


Dynamic libraries:
0x00007ff65b6e0000 - 0x00007ff65b717000 	C:\Program Files\Java\jdk1.8.0_45\bin\java.exe
0x00007ffd21a40000 - 0x00007ffd21bec000 	C:\Windows\SYSTEM32\ntdll.dll
0x00007ffd1fb00000 - 0x00007ffd1fc3e000 	C:\Windows\system32\KERNEL32.DLL
0x00007ffd1efb0000 - 0x00007ffd1f0c5000 	C:\Windows\system32\KERNELBASE.dll
0x00007ffd1d710000 - 0x00007ffd1d79e000 	C:\Windows\system32\apphelp.dll
0x00007ffd04040000 - 0x00007ffd04093000 	C:\Windows\AppPatch\AppPatch64\AcGenral.DLL
0x00007ffd21220000 - 0x00007ffd212ca000 	C:\Windows\system32\msvcrt.dll
0x00007ffd1e9a0000 - 0x00007ffd1e9ce000 	C:\Windows\SYSTEM32\SspiCli.dll
0x00007ffd1f520000 - 0x00007ffd1f574000 	C:\Windows\system32\SHLWAPI.dll
0x00007ffd1f0d0000 - 0x00007ffd1f247000 	C:\Windows\system32\USER32.dll
0x00007ffd1f260000 - 0x00007ffd1f3f4000 	C:\Windows\system32\ole32.dll
0x00007ffd1fd00000 - 0x00007ffd21219000 	C:\Windows\system32\SHELL32.dll
0x00007ffd1e110000 - 0x00007ffd1e131000 	C:\Windows\SYSTEM32\USERENV.dll
0x00007ffd214a0000 - 0x00007ffd2154a000 	C:\Windows\system32\ADVAPI32.dll
0x00007ffd14280000 - 0x00007ffd1429e000 	C:\Windows\SYSTEM32\MPR.dll
0x00007ffd212d0000 - 0x00007ffd21411000 	C:\Windows\system32\RPCRT4.dll
0x00007ffd1f460000 - 0x00007ffd1f4b9000 	C:\Windows\SYSTEM32\sechost.dll
0x00007ffd1f730000 - 0x00007ffd1f941000 	C:\Windows\SYSTEM32\combase.dll
0x00007ffd1f9b0000 - 0x00007ffd1fb00000 	C:\Windows\system32\GDI32.dll
0x00007ffd1eba0000 - 0x00007ffd1ebb5000 	C:\Windows\SYSTEM32\profapi.dll
0x00007ffd1d370000 - 0x00007ffd1d422000 	C:\Windows\SYSTEM32\SHCORE.dll
0x00007ffd1f420000 - 0x00007ffd1f456000 	C:\Windows\system32\IMM32.DLL
0x00007ffd21550000 - 0x00007ffd216a2000 	C:\Windows\system32\MSCTF.dll
0x00007ffd1eb60000 - 0x00007ffd1eb8f000 	C:\Windows\system32\nvinitx.dll
0x000000000f000000 - 0x000000000f006000 	C:\Program Files\NVIDIA Corporation\CoProcManager\detoured.dll
0x00007ffd1cb20000 - 0x00007ffd1cb7f000 	C:\Program Files\NVIDIA Corporation\CoProcManager\nvd3d9wrapx.dll
0x00007ffd21850000 - 0x00007ffd21a2a000 	C:\Windows\system32\SETUPAPI.dll
0x00007ffd1ed20000 - 0x00007ffd1ed6f000 	C:\Windows\system32\CFGMGR32.dll
0x00007ffd1cad0000 - 0x00007ffd1cb16000 	C:\Program Files\NVIDIA Corporation\CoProcManager\nvdxgiwrapx.dll
0x00007ffd1cef0000 - 0x00007ffd1d16a000 	C:\Windows\WinSxS\amd64_microsoft.windows.common-controls_6595b64144ccf1df_6.0.9600.17810_none_6240b9c7ecbd0bda\COMCTL32.dll
0x00000000732e0000 - 0x00000000733b2000 	C:\Program Files\Java\jdk1.8.0_45\jre\bin\msvcr100.dll
0x0000000072a50000 - 0x00000000732d3000 	C:\Program Files\Java\jdk1.8.0_45\jre\bin\server\jvm.dll
0x00007ffd15670000 - 0x00007ffd15679000 	C:\Windows\SYSTEM32\WSOCK32.dll
0x00007ffd1c4f0000 - 0x00007ffd1c512000 	C:\Windows\SYSTEM32\WINMM.dll
0x00007ffd1cc90000 - 0x00007ffd1cc9a000 	C:\Windows\SYSTEM32\VERSION.dll
0x00007ffd21a30000 - 0x00007ffd21a37000 	C:\Windows\system32\PSAPI.DLL
0x00007ffd1f4c0000 - 0x00007ffd1f51a000 	C:\Windows\system32\WS2_32.dll
0x00007ffd1c4b0000 - 0x00007ffd1c4da000 	C:\Windows\SYSTEM32\WINMMBASE.dll
0x00007ffd21840000 - 0x00007ffd21849000 	C:\Windows\system32\NSI.dll
0x00007ffd1d970000 - 0x00007ffd1d998000 	C:\Windows\SYSTEM32\DEVOBJ.dll
0x0000000072a40000 - 0x0000000072a4f000 	C:\Program Files\Java\jdk1.8.0_45\jre\bin\verify.dll
0x0000000072a10000 - 0x0000000072a39000 	C:\Program Files\Java\jdk1.8.0_45\jre\bin\java.dll
0x00000000729f0000 - 0x0000000072a06000 	C:\Program Files\Java\jdk1.8.0_45\jre\bin\zip.dll
0x00007ffd16ba0000 - 0x00007ffd16d29000 	C:\Windows\SYSTEM32\dbghelp.dll

VM Arguments:
jvm_args: -Djava.awt.headless=true -Xmx1024M -Dfile.encoding=windows-1252 -Duser.country=US -Duser.language=en -Duser.variant 
java_command: com.android.dx.command.Main --dex --force-jumbo --num-threads=4 --multi-dex --output D:\Android\GymApplication\app\build\intermediates\transforms\dex\debug\folders\1000\10\com.android.support-design-23.4.0_b981b9e53a9c654e9bb31a5acc8462e00de8e748 D:\Android\GymApplication\app\build\intermediates\exploded-aar\com.android.support\design\23.4.0\jars\classes.jar
java_class_path (initial): C:\Users\Admin\AppData\Local\Android\sdk\build-tools\23.0.3\lib\dx.jar
Launcher Type: SUN_STANDARD

Environment Variables:
PATH=C:\Program Files\Java\jdk1.8.0_45;C:\ProgramData\Oracle\Java\javapath;C:\Windows\system32;C:\Windows;C:\Windows\System32\Wbem;C:\Windows\System32\WindowsPowerShell\v1.0\;C:\Program Files\Microsoft\Web Platform Installer\;C:\Program Files (x86)\Microsoft ASP.NET\ASP.NET Web Pages\v1.0\;C:\Program Files (x86)\Windows Kits\8.0\Windows Performance Toolkit\;C:\Program Files\Microsoft SQL Server\110\Tools\Binn\;C:\Program Files (x86)\Microsoft SQL Server\100\Tools\Binn\;C:\Program Files\Microsoft SQL Server\100\Tools\Binn\;C:\Program Files\Microsoft SQL Server\100\DTS\Binn\;C:\Program Files (x86)\Microsoft SQL Server\100\Tools\Binn\VSShell\Common7\IDE\;C:\Program Files (x86)\Microsoft SQL Server\100\DTS\Binn\;C:\Program Files (x86)\Microsoft Visual Studio 9.0\Common7\IDE\PrivateAssemblies\;C:\Program Files (x86)\Common Files\lenovo\easyplussdk\bin
USERNAME=Admin
OS=Windows_NT
PROCESSOR_IDENTIFIER=Intel64 Family 6 Model 42 Stepping 7, GenuineIntel



---------------  S Y S T E M  ---------------

OS: Windows 8.1 , 64 bit Build 9600 (6.3.9600.17415)

CPU:total 4 (2 cores per cpu, 2 threads per core) family 6 model 42 stepping 7, cmov, cx8, fxsr, mmx, sse, sse2, sse3, ssse3, sse4.1, sse4.2, popcnt, avx, clmul, ht, tsc, tscinvbit

Memory: 4k page, physical 4103216k(140024k free), swap 7248944k(3708k free)

vm_info: Java HotSpot(TM) 64-Bit Server VM (25.45-b02) for windows-amd64 JRE (1.8.0_45-b14), built on Apr 10 2015 10:34:15 by "java_re" with MS VC++ 10.0 (VS2010)

time: Sun Sep 11 20:42:41 2016
elapsed time: 51 seconds (0d 0h 0m 51s)

