#
# There is insufficient memory for the Java Runtime Environment to continue.
# Native memory allocation (malloc) failed to allocate 943056 bytes for Chunk::new
# Possible reasons:
#   The system is out of physical RAM or swap space
#   In 32 bit mode, the process size limit was hit
# Possible solutions:
#   Reduce memory load on the system
#   Increase physical memory or swap space
#   Check if swap backing store is full
#   Use 64 bit Java on a 64 bit OS
#   Decrease Java heap size (-Xmx/-Xms)
#   Decrease number of Java threads
#   Decrease Java thread stack sizes (-Xss)
#   Set larger code cache with -XX:ReservedCodeCacheSize=
# This output file may be truncated or incomplete.
#
#  Out of Memory Error (allocation.cpp:390), pid=2264, tid=5184
#
# JRE version: Java(TM) SE Runtime Environment (8.0_45-b14) (build 1.8.0_45-b14)
# Java VM: Java HotSpot(TM) 64-Bit Server VM (25.45-b02 mixed mode windows-amd64 compressed oops)
# Failed to write core dump. Minidumps are not enabled by default on client versions of Windows
#

---------------  T H R E A D  ---------------

Current thread (0x0000000005eb3000):  JavaThread "C2 CompilerThread1" daemon [_thread_in_native, id=5184, stack(0x0000000007500000,0x0000000007600000)]

Stack: [0x0000000007500000,0x0000000007600000]
Native frames: (J=compiled Java code, j=interpreted, Vv=VM code, C=native code)
V  [jvm.dll+0x32b57a]


Current CompileTask:
C2:  47577 1853       4       com.android.dx.ssa.SCCP::simulateBranch (666 bytes)


---------------  P R O C E S S  ---------------

Java Threads: ( => current thread )
  0x0000000005ee4000 JavaThread "pool-1-thread-1" [_thread_in_native, id=4460, stack(0x0000000007d00000,0x0000000007e00000)]
  0x0000000005f0c800 JavaThread "Service Thread" daemon [_thread_blocked, id=4476, stack(0x0000000007b00000,0x0000000007c00000)]
  0x0000000005ed1000 JavaThread "C1 CompilerThread2" daemon [_thread_blocked, id=4820, stack(0x0000000007600000,0x0000000007700000)]
=>0x0000000005eb3000 JavaThread "C2 CompilerThread1" daemon [_thread_in_native, id=5184, stack(0x0000000007500000,0x0000000007600000)]
  0x0000000005eb0000 JavaThread "C2 CompilerThread0" daemon [_thread_in_native, id=2520, stack(0x0000000007400000,0x0000000007500000)]
  0x0000000005eaa800 JavaThread "Attach Listener" daemon [_thread_blocked, id=4756, stack(0x0000000007300000,0x0000000007400000)]
  0x0000000005ea9800 JavaThread "Signal Dispatcher" daemon [_thread_blocked, id=1380, stack(0x0000000007200000,0x0000000007300000)]
  0x00000000027d0800 JavaThread "Finalizer" daemon [_thread_blocked, id=5228, stack(0x0000000007100000,0x0000000007200000)]
  0x00000000027cd800 JavaThread "Reference Handler" daemon [_thread_blocked, id=5792, stack(0x0000000007000000,0x0000000007100000)]
  0x00000000026e0800 JavaThread "main" [_thread_blocked, id=2136, stack(0x00000000025e0000,0x00000000026e0000)]

Other Threads:
  0x0000000005e77800 VMThread [stack: 0x0000000006f00000,0x0000000007000000] [id=5384]
  0x0000000005f0e800 WatcherThread [stack: 0x0000000007c00000,0x0000000007d00000] [id=3188]

VM state:not at safepoint (normal execution)

VM Mutex/Monitor currently owned by a thread: None

Heap:
 PSYoungGen      total 30720K, used 18698K [0x00000000eab00000, 0x00000000ecf00000, 0x0000000100000000)
  eden space 28160K, 66% used [0x00000000eab00000,0x00000000ebd42860,0x00000000ec680000)
  from space 2560K, 0% used [0x00000000ec900000,0x00000000ec900000,0x00000000ecb80000)
  to   space 2560K, 0% used [0x00000000ec680000,0x00000000ec680000,0x00000000ec900000)
 ParOldGen       total 16896K, used 15398K [0x00000000c0000000, 0x00000000c1080000, 0x00000000eab00000)
  object space 16896K, 91% used [0x00000000c0000000,0x00000000c0f09808,0x00000000c1080000)
 Metaspace       used 6985K, capacity 7608K, committed 7936K, reserved 1060864K
  class space    used 647K, capacity 688K, committed 768K, reserved 1048576K

Card table byte_map: [0x0000000002ba0000,0x0000000002db0000] byte_map_base: 0x00000000025a0000

Marking Bits: (ParMarkBitMap*) 0x0000000073254040
 Begin Bits: [0x0000000003310000, 0x0000000004310000)
 End Bits:   [0x0000000004310000, 0x0000000005310000)

Polling page: 0x0000000000a50000

CodeCache: size=245760Kb used=9070Kb max_used=9070Kb free=236689Kb
 bounds [0x000000000f010000, 0x000000000f900000, 0x000000001e010000]
 total_blobs=2551 nmethods=2271 adapters=192
 compilation: enabled

Compilation events (10 events):
Event: 37.283 Thread 0x0000000005ed1000 1868       2       com.android.dx.ssa.SsaBasicBlock::getLiveOutRegs (26 bytes)
Event: 37.283 Thread 0x0000000005ed1000 nmethod 1868 0x000000000f7ae510 code [0x000000000f7ae680, 0x000000000f7ae988]
Event: 37.295 Thread 0x0000000005ed1000 1869       2       java.util.concurrent.locks.ReentrantLock$NonfairSync::tryAcquire (6 bytes)
Event: 37.296 Thread 0x0000000005ed1000 nmethod 1869 0x000000000f7ae190 code [0x000000000f7ae300, 0x000000000f7ae468]
Event: 37.296 Thread 0x0000000005ed1000 1870       2       java.util.concurrent.locks.ReentrantLock$Sync::nonfairTryAcquire (67 bytes)
Event: 37.296 Thread 0x0000000005ed1000 nmethod 1870 0x000000000f7aaa90 code [0x000000000f7aac00, 0x000000000f7aae88]
Event: 37.297 Thread 0x0000000005eb3000 nmethod 1837 0x000000000f7c99d0 code [0x000000000f7c9be0, 0x000000000f7cb048]
Event: 37.297 Thread 0x0000000005eb3000 1853       4       com.android.dx.ssa.SCCP::simulateBranch (666 bytes)
Event: 37.319 Thread 0x0000000005eb0000 nmethod 1822 0x000000000f7d0510 code [0x000000000f7d0740, 0x000000000f7d2ce8]
Event: 37.319 Thread 0x0000000005eb0000 1856   !   4       com.android.dx.cf.code.BytecodeArray::parseInstruction (2764 bytes)

GC Heap History (10 events):
Event: 31.093 GC heap before
{Heap before GC invocations=4 (full 1):
 PSYoungGen      total 18944K, used 18941K [0x00000000eab00000, 0x00000000ec000000, 0x0000000100000000)
  eden space 16384K, 100% used [0x00000000eab00000,0x00000000ebb00000,0x00000000ebb00000)
  from space 2560K, 99% used [0x00000000ebd80000,0x00000000ebfff638,0x00000000ec000000)
  to   space 2560K, 0% used [0x00000000ebb00000,0x00000000ebb00000,0x00000000ebd80000)
 ParOldGen       total 16896K, used 931K [0x00000000c0000000, 0x00000000c1080000, 0x00000000eab00000)
  object space 16896K, 5% used [0x00000000c0000000,0x00000000c00e8f78,0x00000000c1080000)
 Metaspace       used 5996K, capacity 6896K, committed 7040K, reserved 1060864K
  class space    used 588K, capacity 616K, committed 640K, reserved 1048576K
Event: 31.171 GC heap after
Heap after GC invocations=4 (full 1):
 PSYoungGen      total 18944K, used 2538K [0x00000000eab00000, 0x00000000ecb80000, 0x0000000100000000)
  eden space 16384K, 0% used [0x00000000eab00000,0x00000000eab00000,0x00000000ebb00000)
  from space 2560K, 99% used [0x00000000ebb00000,0x00000000ebd7aab8,0x00000000ebd80000)
  to   space 2560K, 0% used [0x00000000ec900000,0x00000000ec900000,0x00000000ecb80000)
 ParOldGen       total 16896K, used 2464K [0x00000000c0000000, 0x00000000c1080000, 0x00000000eab00000)
  object space 16896K, 14% used [0x00000000c0000000,0x00000000c02681b0,0x00000000c1080000)
 Metaspace       used 5996K, capacity 6896K, committed 7040K, reserved 1060864K
  class space    used 588K, capacity 616K, committed 640K, reserved 1048576K
}
Event: 31.795 GC heap before
{Heap before GC invocations=5 (full 1):
 PSYoungGen      total 18944K, used 18922K [0x00000000eab00000, 0x00000000ecb80000, 0x0000000100000000)
  eden space 16384K, 100% used [0x00000000eab00000,0x00000000ebb00000,0x00000000ebb00000)
  from space 2560K, 99% used [0x00000000ebb00000,0x00000000ebd7aab8,0x00000000ebd80000)
  to   space 2560K, 0% used [0x00000000ec900000,0x00000000ec900000,0x00000000ecb80000)
 ParOldGen       total 16896K, used 2464K [0x00000000c0000000, 0x00000000c1080000, 0x00000000eab00000)
  object space 16896K, 14% used [0x00000000c0000000,0x00000000c02681b0,0x00000000c1080000)
 Metaspace       used 6146K, capacity 7024K, committed 7296K, reserved 1060864K
  class space    used 593K, capacity 616K, committed 640K, reserved 1048576K
Event: 31.964 GC heap after
Heap after GC invocations=5 (full 1):
 PSYoungGen      total 30720K, used 2528K [0x00000000eab00000, 0x00000000ecf00000, 0x0000000100000000)
  eden space 28160K, 0% used [0x00000000eab00000,0x00000000eab00000,0x00000000ec680000)
  from space 2560K, 98% used [0x00000000ec900000,0x00000000ecb78010,0x00000000ecb80000)
  to   space 2560K, 0% used [0x00000000ec680000,0x00000000ec680000,0x00000000ec900000)
 ParOldGen       total 16896K, used 4657K [0x00000000c0000000, 0x00000000c1080000, 0x00000000eab00000)
  object space 16896K, 27% used [0x00000000c0000000,0x00000000c048c650,0x00000000c1080000)
 Metaspace       used 6146K, capacity 7024K, committed 7296K, reserved 1060864K
  class space    used 593K, capacity 616K, committed 640K, reserved 1048576K
}
Event: 34.892 GC heap before
{Heap before GC invocations=6 (full 1):
 PSYoungGen      total 30720K, used 30688K [0x00000000eab00000, 0x00000000ecf00000, 0x0000000100000000)
  eden space 28160K, 100% used [0x00000000eab00000,0x00000000ec680000,0x00000000ec680000)
  from space 2560K, 98% used [0x00000000ec900000,0x00000000ecb78010,0x00000000ecb80000)
  to   space 2560K, 0% used [0x00000000ec680000,0x00000000ec680000,0x00000000ec900000)
 ParOldGen       total 16896K, used 4657K [0x00000000c0000000, 0x00000000c1080000, 0x00000000eab00000)
  object space 16896K, 27% used [0x00000000c0000000,0x00000000c048c650,0x00000000c1080000)
 Metaspace       used 6246K, capacity 7088K, committed 7296K, reserved 1060864K
  class space    used 594K, capacity 616K, committed 640K, reserved 1048576K
Event: 35.093 GC heap after
Heap after GC invocations=6 (full 1):
 PSYoungGen      total 30720K, used 2560K [0x00000000eab00000, 0x00000000ecf00000, 0x0000000100000000)
  eden space 28160K, 0% used [0x00000000eab00000,0x00000000eab00000,0x00000000ec680000)
  from space 2560K, 100% used [0x00000000ec680000,0x00000000ec900000,0x00000000ec900000)
  to   space 2560K, 0% used [0x00000000ec900000,0x00000000ec900000,0x00000000ecb80000)
 ParOldGen       total 16896K, used 9554K [0x00000000c0000000, 0x00000000c1080000, 0x00000000eab00000)
  object space 16896K, 56% used [0x00000000c0000000,0x00000000c0954980,0x00000000c1080000)
 Metaspace       used 6246K, capacity 7088K, committed 7296K, reserved 1060864K
  class space    used 594K, capacity 616K, committed 640K, reserved 1048576K
}
Event: 36.572 GC heap before
{Heap before GC invocations=7 (full 1):
 PSYoungGen      total 30720K, used 30720K [0x00000000eab00000, 0x00000000ecf00000, 0x0000000100000000)
  eden space 28160K, 100% used [0x00000000eab00000,0x00000000ec680000,0x00000000ec680000)
  from space 2560K, 100% used [0x00000000ec680000,0x00000000ec900000,0x00000000ec900000)
  to   space 2560K, 0% used [0x00000000ec900000,0x00000000ec900000,0x00000000ecb80000)
 ParOldGen       total 16896K, used 9554K [0x00000000c0000000, 0x00000000c1080000, 0x00000000eab00000)
  object space 16896K, 56% used [0x00000000c0000000,0x00000000c0954980,0x00000000c1080000)
 Metaspace       used 6305K, capacity 7152K, committed 7296K, reserved 1060864K
  class space    used 595K, capacity 616K, committed 640K, reserved 1048576K
Event: 36.687 GC heap after
Heap after GC invocations=7 (full 1):
 PSYoungGen      total 30720K, used 2560K [0x00000000eab00000, 0x00000000ecf00000, 0x0000000100000000)
  eden space 28160K, 0% used [0x00000000eab00000,0x00000000eab00000,0x00000000ec680000)
  from space 2560K, 100% used [0x00000000ec900000,0x00000000ecb80000,0x00000000ecb80000)
  to   space 2560K, 0% used [0x00000000ec680000,0x00000000ec680000,0x00000000ec900000)
 ParOldGen       total 16896K, used 14181K [0x00000000c0000000, 0x00000000c1080000, 0x00000000eab00000)
  object space 16896K, 83% used [0x00000000c0000000,0x00000000c0dd9758,0x00000000c1080000)
 Metaspace       used 6305K, capacity 7152K, committed 7296K, reserved 1060864K
  class space    used 595K, capacity 616K, committed 640K, reserved 1048576K
}
Event: 36.687 GC heap before
{Heap before GC invocations=8 (full 2):
 PSYoungGen      total 30720K, used 2560K [0x00000000eab00000, 0x00000000ecf00000, 0x0000000100000000)
  eden space 28160K, 0% used [0x00000000eab00000,0x00000000eab00000,0x00000000ec680000)
  from space 2560K, 100% used [0x00000000ec900000,0x00000000ecb80000,0x00000000ecb80000)
  to   space 2560K, 0% used [0x00000000ec680000,0x00000000ec680000,0x00000000ec900000)
 ParOldGen       total 16896K, used 14181K [0x00000000c0000000, 0x00000000c1080000, 0x00000000eab00000)
  object space 16896K, 83% used [0x00000000c0000000,0x00000000c0dd9758,0x00000000c1080000)
 Metaspace       used 6305K, capacity 7152K, committed 7296K, reserved 1060864K
  class space    used 595K, capacity 616K, committed 640K, reserved 1048576K
Event: 37.186 GC heap after
Heap after GC invocations=8 (full 2):
 PSYoungGen      total 30720K, used 0K [0x00000000eab00000, 0x00000000ecf00000, 0x0000000100000000)
  eden space 28160K, 0% used [0x00000000eab00000,0x00000000eab00000,0x00000000ec680000)
  from space 2560K, 0% used [0x00000000ec900000,0x00000000ec900000,0x00000000ecb80000)
  to   space 2560K, 0% used [0x00000000ec680000,0x00000000ec680000,0x00000000ec900000)
 ParOldGen       total 16896K, used 15398K [0x00000000c0000000, 0x00000000c1080000, 0x00000000eab00000)
  object space 16896K, 91% used [0x00000000c0000000,0x00000000c0f09808,0x00000000c1080000)
 Metaspace       used 6305K, capacity 7152K, committed 7296K, reserved 1060864K
  class space    used 595K, capacity 616K, committed 640K, reserved 1048576K
}

Deoptimization events (10 events):
Event: 35.823 Thread 0x0000000007971800 Uncommon trap: reason=unstable_if action=reinterpret pc=0x000000000f46b1dc method=com.android.dx.ssa.SsaMethod.updateOneDefinition(Lcom/android/dx/ssa/SsaInsn;Lcom/android/dx/rop/code/RegisterSpec;)V @ 4
Event: 35.910 Thread 0x0000000007971800 Uncommon trap: reason=bimorphic action=maybe_recompile pc=0x000000000f6ee3dc method=com.android.dx.ssa.SCCP.setLatticeValueTo(IILcom/android/dx/rop/cst/Constant;)Z @ 43
Event: 35.910 Thread 0x0000000007971800 Uncommon trap: reason=bimorphic action=maybe_recompile pc=0x000000000f70452c method=com.android.dx.ssa.SCCP.setLatticeValueTo(IILcom/android/dx/rop/cst/Constant;)Z @ 43
Event: 35.910 Thread 0x0000000007971800 Uncommon trap: reason=bimorphic action=maybe_recompile pc=0x000000000f70452c method=com.android.dx.ssa.SCCP.setLatticeValueTo(IILcom/android/dx/rop/cst/Constant;)Z @ 43
Event: 35.910 Thread 0x0000000007971800 Uncommon trap: reason=bimorphic action=maybe_recompile pc=0x000000000f70452c method=com.android.dx.ssa.SCCP.setLatticeValueTo(IILcom/android/dx/rop/cst/Constant;)Z @ 43
Event: 37.253 Thread 0x0000000007971800 Uncommon trap: reason=bimorphic action=maybe_recompile pc=0x000000000f680fbc method=com.android.dx.cf.code.BytecodeArray.parseInstruction(ILcom/android/dx/cf/code/BytecodeArray$Visitor;)I @ 1357
Event: 37.253 Thread 0x0000000007971800 Uncommon trap: reason=bimorphic action=maybe_recompile pc=0x000000000f680fbc method=com.android.dx.cf.code.BytecodeArray.parseInstruction(ILcom/android/dx/cf/code/BytecodeArray$Visitor;)I @ 1357
Event: 37.254 Thread 0x0000000007971800 Uncommon trap: reason=bimorphic action=maybe_recompile pc=0x000000000f680fbc method=com.android.dx.cf.code.BytecodeArray.parseInstruction(ILcom/android/dx/cf/code/BytecodeArray$Visitor;)I @ 1357
Event: 37.254 Thread 0x0000000007971800 Uncommon trap: reason=bimorphic action=maybe_recompile pc=0x000000000f680fbc method=com.android.dx.cf.code.BytecodeArray.parseInstruction(ILcom/android/dx/cf/code/BytecodeArray$Visitor;)I @ 1357
Event: 37.259 Thread 0x0000000007971800 Uncommon trap: reason=bimorphic action=maybe_recompile pc=0x000000000f6edf6c method=com.android.dx.ssa.SCCP.simulatePhi(Lcom/android/dx/ssa/PhiInsn;)V @ 124

Internal exceptions (3 events):
Event: 6.112 Thread 0x00000000026e0800 Exception <a 'java/lang/NoSuchMethodError': Method sun.misc.Unsafe.defineClass(Ljava/lang/String;[BII)Ljava/lang/Class; name or signature does not match> (0x00000000eab0d648) thrown at [C:\re\workspace\8-2-build-windows-amd64-cygwin\jdk8u45\3457\hotspot\sr’Ó,nMs@
Event: 6.113 Thread 0x00000000026e0800 Exception <a 'java/lang/NoSuchMethodError': Method sun.misc.Unsafe.prefetchRead(Ljava/lang/Object;J)V name or signature does not match> (0x00000000eab0d8d8) thrown at [C:\re\workspace\8-2-build-windows-amd64-cygwin\jdk8u45\3457\hotspot\src\share\vm\prims\jÖb-€=@
Event: 29.107 Thread 0x0000000008346800 Implicit null exception at 0x000000000f37b40a to 0x000000000f37d805

Events (10 events):
Event: 37.254 Thread 0x0000000007971800 Uncommon trap: trap_request=0xffffffc6 fr.pc=0x000000000f680fbc
Event: 37.254 Thread 0x0000000007971800 DEOPT PACKING pc=0x000000000f680fbc sp=0x00000000080fe6f0
Event: 37.254 Thread 0x0000000007971800 DEOPT UNPACKING pc=0x000000000f05582a sp=0x00000000080fe6b0 mode 2
Event: 37.254 Thread 0x0000000007971800 Uncommon trap: trap_request=0xffffffc6 fr.pc=0x000000000f680fbc
Event: 37.254 Thread 0x0000000007971800 DEOPT PACKING pc=0x000000000f680fbc sp=0x00000000080fe6f0
Event: 37.254 Thread 0x0000000007971800 DEOPT UNPACKING pc=0x000000000f05582a sp=0x00000000080fe6b0 mode 2
Event: 37.259 Thread 0x0000000007971800 Uncommon trap: trap_request=0xffffffc6 fr.pc=0x000000000f6edf6c
Event: 37.259 Thread 0x0000000007971800 DEOPT PACKING pc=0x000000000f6edf6c sp=0x00000000080feb00
Event: 37.259 Thread 0x0000000007971800 DEOPT UNPACKING pc=0x000000000f05582a sp=0x00000000080fea88 mode 2
Event: 37.299 loading class java/util/HashMap$KeySet


Dynamic libraries:
0x00007ff65b6e0000 - 0x00007ff65b717000 	C:\Program Files\Java\jdk1.8.0_45\bin\java.exe
0x00007ffd21a40000 - 0x00007ffd21bec000 	C:\Windows\SYSTEM32\ntdll.dll
0x00007ffd1fb00000 - 0x00007ffd1fc3e000 	C:\Windows\system32\KERNEL32.DLL
0x00007ffd1efb0000 - 0x00007ffd1f0c5000 	C:\Windows\system32\KERNELBASE.dll
0x00007ffd1d710000 - 0x00007ffd1d79e000 	C:\Windows\system32\apphelp.dll
0x00007ffd04040000 - 0x00007ffd04093000 	C:\Windows\AppPatch\AppPatch64\AcGenral.DLL
0x00007ffd21220000 - 0x00007ffd212ca000 	C:\Windows\system32\msvcrt.dll
0x00007ffd1e9a0000 - 0x00007ffd1e9ce000 	C:\Windows\SYSTEM32\SspiCli.dll
0x00007ffd1f520000 - 0x00007ffd1f574000 	C:\Windows\system32\SHLWAPI.dll
0x00007ffd1f0d0000 - 0x00007ffd1f247000 	C:\Windows\system32\USER32.dll
0x00007ffd1f260000 - 0x00007ffd1f3f4000 	C:\Windows\system32\ole32.dll
0x00007ffd1fd00000 - 0x00007ffd21219000 	C:\Windows\system32\SHELL32.dll
0x00007ffd1e110000 - 0x00007ffd1e131000 	C:\Windows\SYSTEM32\USERENV.dll
0x00007ffd214a0000 - 0x00007ffd2154a000 	C:\Windows\system32\ADVAPI32.dll
0x00007ffd14280000 - 0x00007ffd1429e000 	C:\Windows\SYSTEM32\MPR.dll
0x00007ffd212d0000 - 0x00007ffd21411000 	C:\Windows\system32\RPCRT4.dll
0x00007ffd1f460000 - 0x00007ffd1f4b9000 	C:\Windows\SYSTEM32\sechost.dll
0x00007ffd1f730000 - 0x00007ffd1f941000 	C:\Windows\SYSTEM32\combase.dll
0x00007ffd1f9b0000 - 0x00007ffd1fb00000 	C:\Windows\system32\GDI32.dll
0x00007ffd1eba0000 - 0x00007ffd1ebb5000 	C:\Windows\SYSTEM32\profapi.dll
0x00007ffd1d370000 - 0x00007ffd1d422000 	C:\Windows\SYSTEM32\SHCORE.dll
0x00007ffd1f420000 - 0x00007ffd1f456000 	C:\Windows\system32\IMM32.DLL
0x00007ffd21550000 - 0x00007ffd216a2000 	C:\Windows\system32\MSCTF.dll
0x00007ffd1eb60000 - 0x00007ffd1eb8f000 	C:\Windows\system32\nvinitx.dll
0x000000000f000000 - 0x000000000f006000 	C:\Program Files\NVIDIA Corporation\CoProcManager\detoured.dll
0x00007ffd1cb20000 - 0x00007ffd1cb7f000 	C:\Program Files\NVIDIA Corporation\CoProcManager\nvd3d9wrapx.dll
0x00007ffd21850000 - 0x00007ffd21a2a000 	C:\Windows\system32\SETUPAPI.dll
0x00007ffd1ed20000 - 0x00007ffd1ed6f000 	C:\Windows\system32\CFGMGR32.dll
0x00007ffd1cad0000 - 0x00007ffd1cb16000 	C:\Program Files\NVIDIA Corporation\CoProcManager\nvdxgiwrapx.dll
0x00007ffd1cef0000 - 0x00007ffd1d16a000 	C:\Windows\WinSxS\amd64_microsoft.windows.common-controls_6595b64144ccf1df_6.0.9600.17810_none_6240b9c7ecbd0bda\COMCTL32.dll
0x00000000732e0000 - 0x00000000733b2000 	C:\Program Files\Java\jdk1.8.0_45\jre\bin\msvcr100.dll
0x0000000072a50000 - 0x00000000732d3000 	C:\Program Files\Java\jdk1.8.0_45\jre\bin\server\jvm.dll
0x00007ffd15670000 - 0x00007ffd15679000 	C:\Windows\SYSTEM32\WSOCK32.dll
0x00007ffd1c4f0000 - 0x00007ffd1c512000 	C:\Windows\SYSTEM32\WINMM.dll
0x00007ffd1cc90000 - 0x00007ffd1cc9a000 	C:\Windows\SYSTEM32\VERSION.dll
0x00007ffd21a30000 - 0x00007ffd21a37000 	C:\Windows\system32\PSAPI.DLL
0x00007ffd1f4c0000 - 0x00007ffd1f51a000 	C:\Windows\system32\WS2_32.dll
0x00007ffd1c4b0000 - 0x00007ffd1c4da000 	C:\Windows\SYSTEM32\WINMMBASE.dll
0x00007ffd21840000 - 0x00007ffd21849000 	C:\Windows\system32\NSI.dll
0x00007ffd1d970000 - 0x00007ffd1d998000 	C:\Windows\SYSTEM32\DEVOBJ.dll
0x0000000072a40000 - 0x0000000072a4f000 	C:\Program Files\Java\jdk1.8.0_45\jre\bin\verify.dll
0x0000000072a10000 - 0x0000000072a39000 	C:\Program Files\Java\jdk1.8.0_45\jre\bin\java.dll
0x00000000729f0000 - 0x0000000072a06000 	C:\Program Files\Java\jdk1.8.0_45\jre\bin\zip.dll
0x00007ffd16ba0000 - 0x00007ffd16d29000 	C:\Windows\SYSTEM32\dbghelp.dll

VM Arguments:
jvm_args: -Djava.awt.headless=true -Xmx1024M -Dfile.encoding=windows-1252 -Duser.country=US -Duser.language=en -Duser.variant 
java_command: com.android.dx.command.Main --dex --force-jumbo --num-threads=4 --multi-dex --output D:\Android\GymApplication\app\build\intermediates\transforms\dex\debug\folders\1000\10\internal_impl-23.4.0_4cb3500d5b759fef2017a18c91787e65d50a4d77 D:\Android\GymApplication\app\build\intermediates\exploded-aar\com.android.support\support-v4\23.4.0\jars\libs\internal_impl-23.4.0.jar
java_class_path (initial): C:\Users\Admin\AppData\Local\Android\sdk\build-tools\23.0.3\lib\dx.jar
Launcher Type: SUN_STANDARD

Environment Variables:
PATH=C:\Program Files\Java\jdk1.8.0_45;C:\ProgramData\Oracle\Java\javapath;C:\Windows\system32;C:\Windows;C:\Windows\System32\Wbem;C:\Windows\System32\WindowsPowerShell\v1.0\;C:\Program Files\Microsoft\Web Platform Installer\;C:\Program Files (x86)\Microsoft ASP.NET\ASP.NET Web Pages\v1.0\;C:\Program Files (x86)\Windows Kits\8.0\Windows Performance Toolkit\;C:\Program Files\Microsoft SQL Server\110\Tools\Binn\;C:\Program Files (x86)\Microsoft SQL Server\100\Tools\Binn\;C:\Program Files\Microsoft SQL Server\100\Tools\Binn\;C:\Program Files\Microsoft SQL Server\100\DTS\Binn\;C:\Program Files (x86)\Microsoft SQL Server\100\Tools\Binn\VSShell\Common7\IDE\;C:\Program Files (x86)\Microsoft SQL Server\100\DTS\Binn\;C:\Program Files (x86)\Microsoft Visual Studio 9.0\Common7\IDE\PrivateAssemblies\;C:\Program Files (x86)\Common Files\lenovo\easyplussdk\bin
USERNAME=Admin
OS=Windows_NT
PROCESSOR_IDENTIFIER=Intel64 Family 6 Model 42 Stepping 7, GenuineIntel



---------------  S Y S T E M  ---------------

OS: Windows 8.1 , 64 bit Build 9600 (6.3.9600.17415)

CPU:total 4 (2 cores per cpu, 2 threads per core) family 6 model 42 stepping 7, cmov, cx8, fxsr, mmx, sse, sse2, sse3, ssse3, sse4.1, sse4.2, popcnt, avx, clmul, ht, tsc, tscinvbit

Memory: 4k page, physical 4103216k(119540k free), swap 7248944k(3932k free)

vm_info: Java HotSpot(TM) 64-Bit Server VM (25.45-b02) for windows-amd64 JRE (1.8.0_45-b14), built on Apr 10 2015 10:34:15 by "java_re" with MS VC++ 10.0 (VS2010)

time: Sun Sep 11 20:42:39 2016
elapsed time: 49 seconds (0d 0h 0m 49s)

