#
# There is insufficient memory for the Java Runtime Environment to continue.
# Native memory allocation (malloc) failed to allocate 4088 bytes for AllocateHeap
# Possible reasons:
#   The system is out of physical RAM or swap space
#   In 32 bit mode, the process size limit was hit
# Possible solutions:
#   Reduce memory load on the system
#   Increase physical memory or swap space
#   Check if swap backing store is full
#   Use 64 bit Java on a 64 bit OS
#   Decrease Java heap size (-Xmx/-Xms)
#   Decrease number of Java threads
#   Decrease Java thread stack sizes (-Xss)
#   Set larger code cache with -XX:ReservedCodeCacheSize=
# This output file may be truncated or incomplete.
#
#  Out of Memory Error (memory/allocation.inline.hpp:61), pid=4468, tid=5748
#
# JRE version: Java(TM) SE Runtime Environment (8.0_45-b14) (build 1.8.0_45-b14)
# Java VM: Java HotSpot(TM) 64-Bit Server VM (25.45-b02 mixed mode windows-amd64 compressed oops)
# Failed to write core dump. Minidumps are not enabled by default on client versions of Windows
#

---------------  T H R E A D  ---------------

Current thread (0x0000000005bb7800):  VMThread [stack: 0x0000000006c60000,0x0000000006d60000] [id=5748]

Stack: [0x0000000006c60000,0x0000000006d60000]
Native frames: (J=compiled Java code, j=interpreted, Vv=VM code, C=native code)
V  [jvm.dll+0x32b57a]
V  [jvm.dll+0x279873]
V  [jvm.dll+0x27a509]
V  [jvm.dll+0x271825]
V  [jvm.dll+0x1606]
V  [jvm.dll+0x124552]
V  [jvm.dll+0x3f5caf]
V  [jvm.dll+0x3f702a]
V  [jvm.dll+0x3f764b]
V  [jvm.dll+0xae005]
V  [jvm.dll+0x28ce9c]
V  [jvm.dll+0x247ef7]
V  [jvm.dll+0x247196]
V  [jvm.dll+0x247631]
V  [jvm.dll+0x24784e]
V  [jvm.dll+0x29853a]
C  [msvcr100.dll+0x21d9f]
C  [msvcr100.dll+0x21e3b]
C  [KERNEL32.DLL+0x13d2]
C  [ntdll.dll+0x15454]

VM_Operation (0x00000000023ed1e0): CollectForMetadataAllocation, mode: safepoint, requested by thread 0x0000000002420800


---------------  P R O C E S S  ---------------

Java Threads: ( => current thread )
  0x0000000007480800 JavaThread "Service Thread" daemon [_thread_blocked, id=2504, stack(0x0000000007860000,0x0000000007960000)]
  0x0000000005bf0800 JavaThread "C1 CompilerThread2" daemon [_thread_blocked, id=2600, stack(0x0000000007360000,0x0000000007460000)]
  0x0000000005beb000 JavaThread "C2 CompilerThread1" daemon [_thread_blocked, id=812, stack(0x0000000007260000,0x0000000007360000)]
  0x0000000005bfc800 JavaThread "C2 CompilerThread0" daemon [_thread_blocked, id=1208, stack(0x0000000007160000,0x0000000007260000)]
  0x0000000005bf7000 JavaThread "Attach Listener" daemon [_thread_blocked, id=3148, stack(0x0000000007060000,0x0000000007160000)]
  0x0000000005bf5800 JavaThread "Signal Dispatcher" daemon [_thread_blocked, id=3824, stack(0x0000000006f60000,0x0000000007060000)]
  0x0000000002510800 JavaThread "Finalizer" daemon [_thread_blocked, id=3280, stack(0x0000000006e60000,0x0000000006f60000)]
  0x000000000250d800 JavaThread "Reference Handler" daemon [_thread_blocked, id=4032, stack(0x0000000006d60000,0x0000000006e60000)]
  0x0000000002420800 JavaThread "main" [_thread_blocked, id=1840, stack(0x00000000022f0000,0x00000000023f0000)]

Other Threads:
=>0x0000000005bb7800 VMThread [stack: 0x0000000006c60000,0x0000000006d60000] [id=5748]
  0x0000000007482800 WatcherThread [stack: 0x0000000007960000,0x0000000007a60000] [id=4020]

VM state:at safepoint (normal execution)

VM Mutex/Monitor currently owned by a thread:  ([mutex/lock_event])
[0x000000000241c210] Threads_lock - owner thread: 0x0000000005bb7800
[0x000000000241c010] Heap_lock - owner thread: 0x0000000002420800

Heap:
 PSYoungGen      total 18944K, used 512K [0x00000000eab00000, 0x00000000ec000000, 0x0000000100000000)
  eden space 16384K, 0% used [0x00000000eab00000,0x00000000eab00000,0x00000000ebb00000)
  from space 2560K, 20% used [0x00000000ebb00000,0x00000000ebb80020,0x00000000ebd80000)
  to   space 2560K, 0% used [0x00000000ebd80000,0x00000000ebd80000,0x00000000ec000000)
 ParOldGen       total 44032K, used 8K [0x00000000c0000000, 0x00000000c2b00000, 0x00000000eab00000)
  object space 44032K, 0% used [0x00000000c0000000,0x00000000c0002000,0x00000000c2b00000)
 Metaspace       used 2813K, capacity 4480K, committed 4480K, reserved 1062912K
  class space    used 303K, capacity 384K, committed 384K, reserved 1048576K

Card table byte_map: [0x00000000028e0000,0x0000000002af0000] byte_map_base: 0x00000000022e0000

Marking Bits: (ParMarkBitMap*) 0x0000000073254040
 Begin Bits: [0x0000000003050000, 0x0000000004050000)
 End Bits:   [0x0000000004050000, 0x0000000005050000)

Polling page: 0x0000000000580000

CodeCache: size=245760Kb used=1150Kb max_used=1159Kb free=244610Kb
 bounds [0x000000000f010000, 0x000000000f280000, 0x000000001e010000]
 total_blobs=282 nmethods=39 adapters=156
 compilation: enabled

Compilation events (10 events):
Event: 11.358 Thread 0x0000000005bfc800   35       4       java.lang.String::charAt (29 bytes)
Event: 11.359 Thread 0x0000000005bf0800   36       3       java.util.jar.Attributes$Name::isValid (32 bytes)
Event: 11.360 Thread 0x0000000005bf0800 nmethod 36 0x000000000f12e390 code [0x000000000f12e500, 0x000000000f12e7b8]
Event: 11.360 Thread 0x0000000005bf0800   37       3       java.util.jar.Attributes$Name::isAlpha (30 bytes)
Event: 11.360 Thread 0x0000000005bf0800 nmethod 37 0x000000000f12e850 code [0x000000000f12e9c0, 0x000000000f12ebf0]
Event: 11.363 Thread 0x0000000005bfc800 nmethod 35 0x000000000f131b10 code [0x000000000f131c60, 0x000000000f131d18]
Event: 11.450 Thread 0x0000000005bf0800   38       3       java.util.HashMap::newNode (13 bytes)
Event: 11.451 Thread 0x0000000005bf0800 nmethod 38 0x000000000f1315d0 code [0x000000000f131740, 0x000000000f1319f0]
Event: 11.451 Thread 0x0000000005bf0800   39       3       java.util.HashMap::afterNodeInsertion (1 bytes)
Event: 11.451 Thread 0x0000000005bf0800 nmethod 39 0x000000000f1312d0 code [0x000000000f131420, 0x000000000f131570]

GC Heap History (3 events):
Event: 11.677 GC heap before
{Heap before GC invocations=1 (full 0):
 PSYoungGen      total 18944K, used 1311K [0x00000000eab00000, 0x00000000ec000000, 0x0000000100000000)
  eden space 16384K, 8% used [0x00000000eab00000,0x00000000eac47c90,0x00000000ebb00000)
  from space 2560K, 0% used [0x00000000ebd80000,0x00000000ebd80000,0x00000000ec000000)
  to   space 2560K, 0% used [0x00000000ebb00000,0x00000000ebb00000,0x00000000ebd80000)
 ParOldGen       total 44032K, used 0K [0x00000000c0000000, 0x00000000c2b00000, 0x00000000eab00000)
  object space 44032K, 0% used [0x00000000c0000000,0x00000000c0000000,0x00000000c2b00000)
 Metaspace       used 2813K, capacity 4480K, committed 4480K, reserved 1062912K
  class space    used 303K, capacity 384K, committed 384K, reserved 1048576K
Event: 11.691 GC heap after
Heap after GC invocations=1 (full 0):
 PSYoungGen      total 18944K, used 512K [0x00000000eab00000, 0x00000000ec000000, 0x0000000100000000)
  eden space 16384K, 0% used [0x00000000eab00000,0x00000000eab00000,0x00000000ebb00000)
  from space 2560K, 20% used [0x00000000ebb00000,0x00000000ebb80020,0x00000000ebd80000)
  to   space 2560K, 0% used [0x00000000ebd80000,0x00000000ebd80000,0x00000000ec000000)
 ParOldGen       total 44032K, used 8K [0x00000000c0000000, 0x00000000c2b00000, 0x00000000eab00000)
  object space 44032K, 0% used [0x00000000c0000000,0x00000000c0002000,0x00000000c2b00000)
 Metaspace       used 2813K, capacity 4480K, committed 4480K, reserved 1062912K
  class space    used 303K, capacity 384K, committed 384K, reserved 1048576K
}
Event: 11.691 GC heap before
{Heap before GC invocations=2 (full 1):
 PSYoungGen      total 18944K, used 512K [0x00000000eab00000, 0x00000000ec000000, 0x0000000100000000)
  eden space 16384K, 0% used [0x00000000eab00000,0x00000000eab00000,0x00000000ebb00000)
  from space 2560K, 20% used [0x00000000ebb00000,0x00000000ebb80020,0x00000000ebd80000)
  to   space 2560K, 0% used [0x00000000ebd80000,0x00000000ebd80000,0x00000000ec000000)
 ParOldGen       total 44032K, used 8K [0x00000000c0000000, 0x00000000c2b00000, 0x00000000eab00000)
  object space 44032K, 0% used [0x00000000c0000000,0x00000000c0002000,0x00000000c2b00000)
 Metaspace       used 2813K, capacity 4480K, committed 4480K, reserved 1062912K
  class space    used 303K, capacity 384K, committed 384K, reserved 1048576K

Deoptimization events (0 events):
No events

Internal exceptions (2 events):
Event: 6.112 Thread 0x0000000002420800 Exception <a 'java/lang/NoSuchMethodError': Method sun.misc.Unsafe.defineClass(Ljava/lang/String;[BII)Ljava/lang/Class; name or signature does not match> (0x00000000eab0d440) thrown at [C:\re\workspace\8-2-build-windows-amd64-cygwin\jdk8u45\3457\hotspot\sr‹)^s@
Event: 6.112 Thread 0x0000000002420800 Exception <a 'java/lang/NoSuchMethodError': Method sun.misc.Unsafe.prefetchRead(Ljava/lang/Object;J)V name or signature does not match> (0x00000000eab0d6d0) thrown at [C:\re\workspace\8-2-build-windows-amd64-cygwin\jdk8u45\3457\hotspot\src\share\vm\prims\j

Events (10 events):
Event: 11.631 loading class java/io/FilePermission$1 done
Event: 11.636 loading class java/io/FilePermissionCollection
Event: 11.636 loading class java/io/FilePermissionCollection done
Event: 11.637 loading class java/security/AllPermission
Event: 11.637 loading class java/security/AllPermission done
Event: 11.637 loading class java/security/UnresolvedPermission
Event: 11.674 loading class java/security/UnresolvedPermission done
Event: 11.675 loading class java/security/BasicPermissionCollection
Event: 11.675 loading class java/security/BasicPermissionCollection done
Event: 11.676 Executing VM operation: CollectForMetadataAllocation


Dynamic libraries:
0x00007ff65b6e0000 - 0x00007ff65b717000 	C:\Program Files\Java\jdk1.8.0_45\bin\java.exe
0x00007ffd21a40000 - 0x00007ffd21bec000 	C:\Windows\SYSTEM32\ntdll.dll
0x00007ffd1fb00000 - 0x00007ffd1fc3e000 	C:\Windows\system32\KERNEL32.DLL
0x00007ffd1efb0000 - 0x00007ffd1f0c5000 	C:\Windows\system32\KERNELBASE.dll
0x00007ffd1d710000 - 0x00007ffd1d79e000 	C:\Windows\system32\apphelp.dll
0x00007ffd04040000 - 0x00007ffd04093000 	C:\Windows\AppPatch\AppPatch64\AcGenral.DLL
0x00007ffd21220000 - 0x00007ffd212ca000 	C:\Windows\system32\msvcrt.dll
0x00007ffd1e9a0000 - 0x00007ffd1e9ce000 	C:\Windows\SYSTEM32\SspiCli.dll
0x00007ffd1f520000 - 0x00007ffd1f574000 	C:\Windows\system32\SHLWAPI.dll
0x00007ffd1f0d0000 - 0x00007ffd1f247000 	C:\Windows\system32\USER32.dll
0x00007ffd1f260000 - 0x00007ffd1f3f4000 	C:\Windows\system32\ole32.dll
0x00007ffd1fd00000 - 0x00007ffd21219000 	C:\Windows\system32\SHELL32.dll
0x00007ffd1e110000 - 0x00007ffd1e131000 	C:\Windows\SYSTEM32\USERENV.dll
0x00007ffd214a0000 - 0x00007ffd2154a000 	C:\Windows\system32\ADVAPI32.dll
0x00007ffd14280000 - 0x00007ffd1429e000 	C:\Windows\SYSTEM32\MPR.dll
0x00007ffd212d0000 - 0x00007ffd21411000 	C:\Windows\system32\RPCRT4.dll
0x00007ffd1f460000 - 0x00007ffd1f4b9000 	C:\Windows\SYSTEM32\sechost.dll
0x00007ffd1f730000 - 0x00007ffd1f941000 	C:\Windows\SYSTEM32\combase.dll
0x00007ffd1f9b0000 - 0x00007ffd1fb00000 	C:\Windows\system32\GDI32.dll
0x00007ffd1eba0000 - 0x00007ffd1ebb5000 	C:\Windows\SYSTEM32\profapi.dll
0x00007ffd1d370000 - 0x00007ffd1d422000 	C:\Windows\SYSTEM32\SHCORE.dll
0x00007ffd1f420000 - 0x00007ffd1f456000 	C:\Windows\system32\IMM32.DLL
0x00007ffd21550000 - 0x00007ffd216a2000 	C:\Windows\system32\MSCTF.dll
0x00007ffd1eb60000 - 0x00007ffd1eb8f000 	C:\Windows\system32\nvinitx.dll
0x000000000f000000 - 0x000000000f006000 	C:\Program Files\NVIDIA Corporation\CoProcManager\detoured.dll
0x00007ffd1cb20000 - 0x00007ffd1cb7f000 	C:\Program Files\NVIDIA Corporation\CoProcManager\nvd3d9wrapx.dll
0x00007ffd21850000 - 0x00007ffd21a2a000 	C:\Windows\system32\SETUPAPI.dll
0x00007ffd1ed20000 - 0x00007ffd1ed6f000 	C:\Windows\system32\CFGMGR32.dll
0x00007ffd1cad0000 - 0x00007ffd1cb16000 	C:\Program Files\NVIDIA Corporation\CoProcManager\nvdxgiwrapx.dll
0x00007ffd1cef0000 - 0x00007ffd1d16a000 	C:\Windows\WinSxS\amd64_microsoft.windows.common-controls_6595b64144ccf1df_6.0.9600.17810_none_6240b9c7ecbd0bda\COMCTL32.dll
0x00000000732e0000 - 0x00000000733b2000 	C:\Program Files\Java\jdk1.8.0_45\jre\bin\msvcr100.dll
0x0000000072a50000 - 0x00000000732d3000 	C:\Program Files\Java\jdk1.8.0_45\jre\bin\server\jvm.dll
0x00007ffd15670000 - 0x00007ffd15679000 	C:\Windows\SYSTEM32\WSOCK32.dll
0x00007ffd1c4f0000 - 0x00007ffd1c512000 	C:\Windows\SYSTEM32\WINMM.dll
0x00007ffd1cc90000 - 0x00007ffd1cc9a000 	C:\Windows\SYSTEM32\VERSION.dll
0x00007ffd21a30000 - 0x00007ffd21a37000 	C:\Windows\system32\PSAPI.DLL
0x00007ffd1f4c0000 - 0x00007ffd1f51a000 	C:\Windows\system32\WS2_32.dll
0x00007ffd1c4b0000 - 0x00007ffd1c4da000 	C:\Windows\SYSTEM32\WINMMBASE.dll
0x00007ffd21840000 - 0x00007ffd21849000 	C:\Windows\system32\NSI.dll
0x00007ffd1d970000 - 0x00007ffd1d998000 	C:\Windows\SYSTEM32\DEVOBJ.dll
0x0000000072a40000 - 0x0000000072a4f000 	C:\Program Files\Java\jdk1.8.0_45\jre\bin\verify.dll
0x0000000072a10000 - 0x0000000072a39000 	C:\Program Files\Java\jdk1.8.0_45\jre\bin\java.dll
0x00000000729f0000 - 0x0000000072a06000 	C:\Program Files\Java\jdk1.8.0_45\jre\bin\zip.dll
0x00007ffd16ba0000 - 0x00007ffd16d29000 	C:\Windows\SYSTEM32\dbghelp.dll

VM Arguments:
jvm_args: -Djava.awt.headless=true -Xmx1024M -Dfile.encoding=windows-1252 -Duser.country=US -Duser.language=en -Duser.variant 
java_command: com.android.dx.command.Main --dex --force-jumbo --num-threads=4 --multi-dex --output D:\Android\GymApplication\app\build\intermediates\transforms\dex\debug\folders\1000\10\com.android.support-appcompat-v7-23.4.0_708e36039fe968d558df53b371752f75f4d4c929 D:\Android\GymApplication\app\build\intermediates\exploded-aar\com.android.support\appcompat-v7\23.4.0\jars\classes.jar
java_class_path (initial): C:\Users\Admin\AppData\Local\Android\sdk\build-tools\23.0.3\lib\dx.jar
Launcher Type: SUN_STANDARD

Environment Variables:
PATH=C:\Program Files\Java\jdk1.8.0_45;C:\ProgramData\Oracle\Java\javapath;C:\Windows\system32;C:\Windows;C:\Windows\System32\Wbem;C:\Windows\System32\WindowsPowerShell\v1.0\;C:\Program Files\Microsoft\Web Platform Installer\;C:\Program Files (x86)\Microsoft ASP.NET\ASP.NET Web Pages\v1.0\;C:\Program Files (x86)\Windows Kits\8.0\Windows Performance Toolkit\;C:\Program Files\Microsoft SQL Server\110\Tools\Binn\;C:\Program Files (x86)\Microsoft SQL Server\100\Tools\Binn\;C:\Program Files\Microsoft SQL Server\100\Tools\Binn\;C:\Program Files\Microsoft SQL Server\100\DTS\Binn\;C:\Program Files (x86)\Microsoft SQL Server\100\Tools\Binn\VSShell\Common7\IDE\;C:\Program Files (x86)\Microsoft SQL Server\100\DTS\Binn\;C:\Program Files (x86)\Microsoft Visual Studio 9.0\Common7\IDE\PrivateAssemblies\;C:\Program Files (x86)\Common Files\lenovo\easyplussdk\bin
USERNAME=Admin
OS=Windows_NT
PROCESSOR_IDENTIFIER=Intel64 Family 6 Model 42 Stepping 7, GenuineIntel



---------------  S Y S T E M  ---------------

OS: Windows 8.1 , 64 bit Build 9600 (6.3.9600.17415)

CPU:total 4 (2 cores per cpu, 2 threads per core) family 6 model 42 stepping 7, cmov, cx8, fxsr, mmx, sse, sse2, sse3, ssse3, sse4.1, sse4.2, popcnt, avx, clmul, ht, tsc, tscinvbit

Memory: 4k page, physical 4103216k(99204k free), swap 7248944k(74932k free)

vm_info: Java HotSpot(TM) 64-Bit Server VM (25.45-b02) for windows-amd64 JRE (1.8.0_45-b14), built on Apr 10 2015 10:34:15 by "java_re" with MS VC++ 10.0 (VS2010)

time: Sun Sep 11 20:42:04 2016
elapsed time: 14 seconds (0d 0h 0m 14s)

