#
# There is insufficient memory for the Java Runtime Environment to continue.
# Native memory allocation (malloc) failed to allocate 611536 bytes for Chunk::new
# Possible reasons:
#   The system is out of physical RAM or swap space
#   In 32 bit mode, the process size limit was hit
# Possible solutions:
#   Reduce memory load on the system
#   Increase physical memory or swap space
#   Check if swap backing store is full
#   Use 64 bit Java on a 64 bit OS
#   Decrease Java heap size (-Xmx/-Xms)
#   Decrease number of Java threads
#   Decrease Java thread stack sizes (-Xss)
#   Set larger code cache with -XX:ReservedCodeCacheSize=
# This output file may be truncated or incomplete.
#
#  Out of Memory Error (allocation.cpp:390), pid=6112, tid=4572
#
# JRE version: Java(TM) SE Runtime Environment (8.0_45-b14) (build 1.8.0_45-b14)
# Java VM: Java HotSpot(TM) 64-Bit Server VM (25.45-b02 mixed mode windows-amd64 compressed oops)
# Failed to write core dump. Minidumps are not enabled by default on client versions of Windows
#

---------------  T H R E A D  ---------------

Current thread (0x000000000688b000):  JavaThread "C2 CompilerThread1" daemon [_thread_in_native, id=4572, stack(0x0000000007ef0000,0x0000000007ff0000)]

Stack: [0x0000000007ef0000,0x0000000007ff0000]
Native frames: (J=compiled Java code, j=interpreted, Vv=VM code, C=native code)
V  [jvm.dll+0x32b57a]


Current CompileTask:
C2:  47269 1898   !   4       com.android.dx.cf.code.BytecodeArray::parseInstruction (2764 bytes)


---------------  P R O C E S S  ---------------

Java Threads: ( => current thread )
  0x00000000084ac800 JavaThread "pool-2-thread-4" [_thread_blocked, id=4476, stack(0x00000000092f0000,0x00000000093f0000)]
  0x00000000084aa000 JavaThread "pool-2-thread-3" [_thread_blocked, id=3136, stack(0x00000000091f0000,0x00000000092f0000)]
  0x000000000834e800 JavaThread "pool-2-thread-2" [_thread_blocked, id=2908, stack(0x00000000090f0000,0x00000000091f0000)]
  0x00000000083a6800 JavaThread "pool-3-thread-1" [_thread_blocked, id=1576, stack(0x0000000008ff0000,0x00000000090f0000)]
  0x0000000008347000 JavaThread "pool-2-thread-1" [_thread_blocked, id=3108, stack(0x0000000008ef0000,0x0000000008ff0000)]
  0x0000000006893800 JavaThread "Service Thread" daemon [_thread_blocked, id=6908, stack(0x00000000084f0000,0x00000000085f0000)]
  0x0000000006891000 JavaThread "C1 CompilerThread2" daemon [_thread_blocked, id=6232, stack(0x0000000007ff0000,0x00000000080f0000)]
=>0x000000000688b000 JavaThread "C2 CompilerThread1" daemon [_thread_in_native, id=4572, stack(0x0000000007ef0000,0x0000000007ff0000)]
  0x000000000689c000 JavaThread "C2 CompilerThread0" daemon [_thread_in_native, id=6108, stack(0x0000000007df0000,0x0000000007ef0000)]
  0x0000000006897000 JavaThread "Attach Listener" daemon [_thread_blocked, id=4372, stack(0x0000000007cf0000,0x0000000007df0000)]
  0x0000000006895800 JavaThread "Signal Dispatcher" daemon [_thread_blocked, id=4496, stack(0x0000000007bf0000,0x0000000007cf0000)]
  0x00000000031b6000 JavaThread "Finalizer" daemon [_thread_blocked, id=1976, stack(0x0000000007af0000,0x0000000007bf0000)]
  0x00000000031ad800 JavaThread "Reference Handler" daemon [_thread_blocked, id=1032, stack(0x00000000079f0000,0x0000000007af0000)]
  0x00000000030c0800 JavaThread "main" [_thread_blocked, id=7008, stack(0x0000000002fc0000,0x00000000030c0000)]

Other Threads:
  0x0000000006857800 VMThread [stack: 0x00000000078f0000,0x00000000079f0000] [id=2028]
  0x0000000008108800 WatcherThread [stack: 0x00000000085f0000,0x00000000086f0000] [id=4140]

VM state:at safepoint (normal execution)

VM Mutex/Monitor currently owned by a thread:  ([mutex/lock_event])
[0x0000000002edc790] Threads_lock - owner thread: 0x0000000006857800
[0x0000000002edc690] Heap_lock - owner thread: 0x000000000834e800

Heap:
 PSYoungGen      total 75264K, used 10741K [0x00000000eab00000, 0x00000000f0000000, 0x0000000100000000)
  eden space 64512K, 0% used [0x00000000eab00000,0x00000000eab00000,0x00000000eea00000)
  from space 10752K, 99% used [0x00000000eea00000,0x00000000ef47d5d0,0x00000000ef480000)
  to   space 9728K, 0% used [0x00000000ef480000,0x00000000ef480000,0x00000000efe00000)
 ParOldGen       total 44032K, used 40331K [0x00000000c0000000, 0x00000000c2b00000, 0x00000000eab00000)
  object space 44032K, 91% used [0x00000000c0000000,0x00000000c2762dd8,0x00000000c2b00000)
 Metaspace       used 6404K, capacity 7256K, committed 7424K, reserved 1056768K
  class space    used 614K, capacity 656K, committed 768K, reserved 1048576K

Card table byte_map: [0x0000000003580000,0x0000000003790000] byte_map_base: 0x0000000002f80000

Marking Bits: (ParMarkBitMap*) 0x000000006f474040
 Begin Bits: [0x0000000003cf0000, 0x0000000004cf0000)
 End Bits:   [0x0000000004cf0000, 0x0000000005cf0000)

Polling page: 0x0000000002e40000

CodeCache: size=245760Kb used=8865Kb max_used=8865Kb free=236894Kb
 bounds [0x000000000f010000, 0x000000000f8c0000, 0x000000001e010000]
 total_blobs=2211 nmethods=1939 adapters=182
 compilation: enabled

Compilation events (10 events):
Event: 45.488 Thread 0x0000000006891000 1912       2       com.android.dx.cf.code.Frame::makeExceptionHandlerStartFrame (34 bytes)
Event: 45.489 Thread 0x0000000006891000 nmethod 1912 0x000000000f831910 code [0x000000000f831aa0, 0x000000000f831cf8]
Event: 45.494 Thread 0x0000000006891000 1914       2       com.android.dx.cf.code.RopperMachine::hasRet (13 bytes)
Event: 45.494 Thread 0x0000000006891000 nmethod 1914 0x000000000f831e50 code [0x000000000f831fa0, 0x000000000f832110]
Event: 45.494 Thread 0x0000000006891000 1915   !   2       com.android.dx.cf.code.Ropper::processBlock (1101 bytes)
Event: 45.506 Thread 0x0000000006891000 nmethod 1915 0x000000000f832190 code [0x000000000f8328c0, 0x000000000f8359b8]
Event: 45.506 Thread 0x0000000006891000 1916       2       com.android.dx.cf.code.Frame::copy (26 bytes)
Event: 45.507 Thread 0x0000000006891000 nmethod 1916 0x000000000f83c310 code [0x000000000f83c4a0, 0x000000000f83c6e8]
Event: 45.578 Thread 0x000000000688b000 nmethod 1829 0x000000000f8437d0 code [0x000000000f843b60, 0x000000000f847d10]
Event: 45.579 Thread 0x000000000688b000 1898   !   4       com.android.dx.cf.code.BytecodeArray::parseInstruction (2764 bytes)

GC Heap History (10 events):
Event: 32.713 GC heap before
{Heap before GC invocations=2 (full 0):
 PSYoungGen      total 18944K, used 17845K [0x00000000eab00000, 0x00000000ec000000, 0x0000000100000000)
  eden space 16384K, 100% used [0x00000000eab00000,0x00000000ebb00000,0x00000000ebb00000)
  from space 2560K, 57% used [0x00000000ebb00000,0x00000000ebc6d598,0x00000000ebd80000)
  to   space 2560K, 0% used [0x00000000ebd80000,0x00000000ebd80000,0x00000000ec000000)
 ParOldGen       total 44032K, used 8K [0x00000000c0000000, 0x00000000c2b00000, 0x00000000eab00000)
  object space 44032K, 0% used [0x00000000c0000000,0x00000000c0002000,0x00000000c2b00000)
 Metaspace       used 5853K, capacity 6832K, committed 7040K, reserved 1056768K
  class space    used 590K, capacity 616K, committed 640K, reserved 1048576K
Event: 33.400 GC heap after
Heap after GC invocations=2 (full 0):
 PSYoungGen      total 18944K, used 2540K [0x00000000eab00000, 0x00000000ed000000, 0x0000000100000000)
  eden space 16384K, 0% used [0x00000000eab00000,0x00000000eab00000,0x00000000ebb00000)
  from space 2560K, 99% used [0x00000000ebd80000,0x00000000ebffb2f8,0x00000000ec000000)
  to   space 2560K, 0% used [0x00000000ebb00000,0x00000000ebb00000,0x00000000ebd80000)
 ParOldGen       total 44032K, used 2198K [0x00000000c0000000, 0x00000000c2b00000, 0x00000000eab00000)
  object space 44032K, 4% used [0x00000000c0000000,0x00000000c0225ad0,0x00000000c2b00000)
 Metaspace       used 5853K, capacity 6832K, committed 7040K, reserved 1056768K
  class space    used 590K, capacity 616K, committed 640K, reserved 1048576K
}
Event: 35.755 GC heap before
{Heap before GC invocations=3 (full 0):
 PSYoungGen      total 18944K, used 18924K [0x00000000eab00000, 0x00000000ed000000, 0x0000000100000000)
  eden space 16384K, 100% used [0x00000000eab00000,0x00000000ebb00000,0x00000000ebb00000)
  from space 2560K, 99% used [0x00000000ebd80000,0x00000000ebffb2f8,0x00000000ec000000)
  to   space 2560K, 0% used [0x00000000ebb00000,0x00000000ebb00000,0x00000000ebd80000)
 ParOldGen       total 44032K, used 2198K [0x00000000c0000000, 0x00000000c2b00000, 0x00000000eab00000)
  object space 44032K, 4% used [0x00000000c0000000,0x00000000c0225ad0,0x00000000c2b00000)
 Metaspace       used 6059K, capacity 7024K, committed 7296K, reserved 1056768K
  class space    used 592K, capacity 616K, committed 640K, reserved 1048576K
Event: 36.269 GC heap after
Heap after GC invocations=3 (full 0):
 PSYoungGen      total 18944K, used 2548K [0x00000000eab00000, 0x00000000ed000000, 0x0000000100000000)
  eden space 16384K, 0% used [0x00000000eab00000,0x00000000eab00000,0x00000000ebb00000)
  from space 2560K, 99% used [0x00000000ebb00000,0x00000000ebd7d318,0x00000000ebd80000)
  to   space 2560K, 0% used [0x00000000ecd80000,0x00000000ecd80000,0x00000000ed000000)
 ParOldGen       total 44032K, used 5303K [0x00000000c0000000, 0x00000000c2b00000, 0x00000000eab00000)
  object space 44032K, 12% used [0x00000000c0000000,0x00000000c052dc40,0x00000000c2b00000)
 Metaspace       used 6059K, capacity 7024K, committed 7296K, reserved 1056768K
  class space    used 592K, capacity 616K, committed 640K, reserved 1048576K
}
Event: 37.250 GC heap before
{Heap before GC invocations=4 (full 0):
 PSYoungGen      total 18944K, used 18932K [0x00000000eab00000, 0x00000000ed000000, 0x0000000100000000)
  eden space 16384K, 100% used [0x00000000eab00000,0x00000000ebb00000,0x00000000ebb00000)
  from space 2560K, 99% used [0x00000000ebb00000,0x00000000ebd7d318,0x00000000ebd80000)
  to   space 2560K, 0% used [0x00000000ecd80000,0x00000000ecd80000,0x00000000ed000000)
 ParOldGen       total 44032K, used 5303K [0x00000000c0000000, 0x00000000c2b00000, 0x00000000eab00000)
  object space 44032K, 12% used [0x00000000c0000000,0x00000000c052dc40,0x00000000c2b00000)
 Metaspace       used 6111K, capacity 7024K, committed 7296K, reserved 1056768K
  class space    used 592K, capacity 616K, committed 640K, reserved 1048576K
Event: 37.803 GC heap after
Heap after GC invocations=4 (full 0):
 PSYoungGen      total 35328K, used 2543K [0x00000000eab00000, 0x00000000ed000000, 0x0000000100000000)
  eden space 32768K, 0% used [0x00000000eab00000,0x00000000eab00000,0x00000000ecb00000)
  from space 2560K, 99% used [0x00000000ecd80000,0x00000000ecffbe58,0x00000000ed000000)
  to   space 2560K, 0% used [0x00000000ecb00000,0x00000000ecb00000,0x00000000ecd80000)
 ParOldGen       total 44032K, used 8107K [0x00000000c0000000, 0x00000000c2b00000, 0x00000000eab00000)
  object space 44032K, 18% used [0x00000000c0000000,0x00000000c07eaed0,0x00000000c2b00000)
 Metaspace       used 6111K, capacity 7024K, committed 7296K, reserved 1056768K
  class space    used 592K, capacity 616K, committed 640K, reserved 1048576K
}
Event: 41.527 GC heap before
{Heap before GC invocations=5 (full 0):
 PSYoungGen      total 35328K, used 35311K [0x00000000eab00000, 0x00000000ed000000, 0x0000000100000000)
  eden space 32768K, 100% used [0x00000000eab00000,0x00000000ecb00000,0x00000000ecb00000)
  from space 2560K, 99% used [0x00000000ecd80000,0x00000000ecffbe58,0x00000000ed000000)
  to   space 2560K, 0% used [0x00000000ecb00000,0x00000000ecb00000,0x00000000ecd80000)
 ParOldGen       total 44032K, used 8107K [0x00000000c0000000, 0x00000000c2b00000, 0x00000000eab00000)
  object space 44032K, 18% used [0x00000000c0000000,0x00000000c07eaed0,0x00000000c2b00000)
 Metaspace       used 6186K, capacity 7088K, committed 7296K, reserved 1056768K
  class space    used 593K, capacity 616K, committed 640K, reserved 1048576K
Event: 41.917 GC heap after
Heap after GC invocations=5 (full 0):
 PSYoungGen      total 35328K, used 2543K [0x00000000eab00000, 0x00000000efe00000, 0x0000000100000000)
  eden space 32768K, 0% used [0x00000000eab00000,0x00000000eab00000,0x00000000ecb00000)
  from space 2560K, 99% used [0x00000000ecb00000,0x00000000ecd7be40,0x00000000ecd80000)
  to   space 9728K, 0% used [0x00000000ef480000,0x00000000ef480000,0x00000000efe00000)
 ParOldGen       total 44032K, used 13419K [0x00000000c0000000, 0x00000000c2b00000, 0x00000000eab00000)
  object space 44032K, 30% used [0x00000000c0000000,0x00000000c0d1ad60,0x00000000c2b00000)
 Metaspace       used 6186K, capacity 7088K, committed 7296K, reserved 1056768K
  class space    used 593K, capacity 616K, committed 640K, reserved 1048576K
}
Event: 44.769 GC heap before
{Heap before GC invocations=6 (full 0):
 PSYoungGen      total 35328K, used 35311K [0x00000000eab00000, 0x00000000efe00000, 0x0000000100000000)
  eden space 32768K, 100% used [0x00000000eab00000,0x00000000ecb00000,0x00000000ecb00000)
  from space 2560K, 99% used [0x00000000ecb00000,0x00000000ecd7be40,0x00000000ecd80000)
  to   space 9728K, 0% used [0x00000000ef480000,0x00000000ef480000,0x00000000efe00000)
 ParOldGen       total 44032K, used 13419K [0x00000000c0000000, 0x00000000c2b00000, 0x00000000eab00000)
  object space 44032K, 30% used [0x00000000c0000000,0x00000000c0d1ad60,0x00000000c2b00000)
 Metaspace       used 6232K, capacity 7152K, committed 7296K, reserved 1056768K
  class space    used 594K, capacity 616K, committed 640K, reserved 1048576K
Event: 45.129 GC heap after
Heap after GC invocations=6 (full 0):
 PSYoungGen      total 74240K, used 8410K [0x00000000eab00000, 0x00000000f0000000, 0x0000000100000000)
  eden space 64512K, 0% used [0x00000000eab00000,0x00000000eab00000,0x00000000eea00000)
  from space 9728K, 86% used [0x00000000ef480000,0x00000000efcb6bc8,0x00000000efe00000)
  to   space 10752K, 0% used [0x00000000eea00000,0x00000000eea00000,0x00000000ef480000)
 ParOldGen       total 44032K, used 13419K [0x00000000c0000000, 0x00000000c2b00000, 0x00000000eab00000)
  object space 44032K, 30% used [0x00000000c0000000,0x00000000c0d1ad60,0x00000000c2b00000)
 Metaspace       used 6232K, capacity 7152K, committed 7296K, reserved 1056768K
  class space    used 594K, capacity 616K, committed 640K, reserved 1048576K
}

Deoptimization events (10 events):
Event: 39.500 Thread 0x00000000084ac800 Uncommon trap: reason=unstable_if action=reinterpret pc=0x000000000f3e171c method=com.android.dx.rop.code.RegisterSpecSet.put(Lcom/android/dx/rop/code/RegisterSpec;)V @ 77
Event: 39.500 Thread 0x00000000084ac800 Uncommon trap: reason=unstable_if action=reinterpret pc=0x000000000f6539fc method=com.android.dx.rop.code.RegisterSpecSet.put(Lcom/android/dx/rop/code/RegisterSpec;)V @ 77
Event: 39.503 Thread 0x00000000030c0800 Uncommon trap: reason=unstable_if action=reinterpret pc=0x000000000f6c5e58 method=com.android.dx.ssa.SsaRenamer$BlockRenamer.visitMoveInsn(Lcom/android/dx/ssa/NormalSsaInsn;)V @ 104
Event: 39.515 Thread 0x00000000030c0800 Uncommon trap: reason=unstable_if action=reinterpret pc=0x000000000f61927c method=com.android.dx.ssa.SCCP.simulateBranch(Lcom/android/dx/ssa/SsaInsn;)V @ 64
Event: 39.515 Thread 0x00000000030c0800 Uncommon trap: reason=unstable_if action=reinterpret pc=0x000000000f64caac method=com.android.dx.ssa.LiteralOpUpgrader$1.visitNonMoveInsn(Lcom/android/dx/ssa/NormalSsaInsn;)V @ 55
Event: 39.516 Thread 0x00000000030c0800 Uncommon trap: reason=unstable_if action=reinterpret pc=0x000000000f3c1d1c method=com.android.dx.ssa.SsaMethod.updateOneDefinition(Lcom/android/dx/ssa/SsaInsn;Lcom/android/dx/rop/code/RegisterSpec;)V @ 4
Event: 42.525 Thread 0x00000000084aa000 Uncommon trap: reason=unstable_if action=reinterpret pc=0x000000000f7582c8 method=com.android.dx.cf.code.RopperMachine.run(Lcom/android/dx/cf/code/Frame;II)V @ 1250
Event: 45.420 Thread 0x00000000030c0800 Uncommon trap: reason=bimorphic action=maybe_recompile pc=0x000000000f6a9974 method=com.android.dx.cf.code.BytecodeArray.parseInstruction(ILcom/android/dx/cf/code/BytecodeArray$Visitor;)I @ 1130
Event: 45.420 Thread 0x00000000030c0800 Uncommon trap: reason=bimorphic action=maybe_recompile pc=0x000000000f6a9974 method=com.android.dx.cf.code.BytecodeArray.parseInstruction(ILcom/android/dx/cf/code/BytecodeArray$Visitor;)I @ 1130
Event: 45.485 Thread 0x00000000084ac800 Uncommon trap: reason=unstable_if action=reinterpret pc=0x000000000f6f591c method=com.android.dx.cf.code.Ropper.isSynchronized()Z @ 12

Internal exceptions (2 events):
Event: 12.437 Thread 0x00000000030c0800 Exception <a 'java/lang/NoSuchMethodError': Method sun.misc.Unsafe.defineClass(Ljava/lang/String;[BII)Ljava/lang/Class; name or signature does not match> (0x00000000eab0d4a8) thrown at [C:\re\workspace\8-2-build-windows-amd64-cygwin\jdk8u45\3457\hotspot\sr÷AOñªH)@
Event: 12.642 Thread 0x00000000030c0800 Exception <a 'java/lang/NoSuchMethodError': Method sun.misc.Unsafe.prefetchRead(Ljava/lang/Object;J)V name or signature does not match> (0x00000000eab0d738) thrown at [C:\re\workspace\8-2-build-windows-amd64-cygwin\jdk8u45\3457\hotspot\src\share\vm\prims\j

Events (10 events):
Event: 45.417 Thread 0x00000000084aa000 DEOPT UNPACKING pc=0x000000000f05787f sp=0x00000000092ee868 mode 0
Event: 45.420 Thread 0x00000000030c0800 Uncommon trap: trap_request=0xffffffc6 fr.pc=0x000000000f6a9974
Event: 45.420 Thread 0x00000000030c0800 DEOPT PACKING pc=0x000000000f6a9974 sp=0x00000000030be4f0
Event: 45.420 Thread 0x00000000030c0800 DEOPT UNPACKING pc=0x000000000f05582a sp=0x00000000030be478 mode 2
Event: 45.420 Thread 0x00000000030c0800 Uncommon trap: trap_request=0xffffffc6 fr.pc=0x000000000f6a9974
Event: 45.420 Thread 0x00000000030c0800 DEOPT PACKING pc=0x000000000f6a9974 sp=0x00000000030be5d0
Event: 45.420 Thread 0x00000000030c0800 DEOPT UNPACKING pc=0x000000000f05582a sp=0x00000000030be558 mode 2
Event: 45.485 Thread 0x00000000084ac800 Uncommon trap: trap_request=0xffffff65 fr.pc=0x000000000f6f591c
Event: 45.485 Thread 0x00000000084ac800 DEOPT PACKING pc=0x000000000f6f591c sp=0x00000000093ee910
Event: 45.485 Thread 0x00000000084ac800 DEOPT UNPACKING pc=0x000000000f05582a sp=0x00000000093ee878 mode 2


Dynamic libraries:
0x00007ff6ca110000 - 0x00007ff6ca147000 	C:\Program Files\Java\jdk1.8.0_45\bin\java.exe
0x00007ffbcc5b0000 - 0x00007ffbcc75c000 	C:\Windows\SYSTEM32\ntdll.dll
0x00007ffbca940000 - 0x00007ffbcaa7e000 	C:\Windows\system32\KERNEL32.DLL
0x00007ffbc9b20000 - 0x00007ffbc9c35000 	C:\Windows\system32\KERNELBASE.dll
0x00007ffbc81a0000 - 0x00007ffbc822e000 	C:\Windows\system32\apphelp.dll
0x00007ffbc4e70000 - 0x00007ffbc4ec3000 	C:\Windows\AppPatch\AppPatch64\AcGenral.DLL
0x00007ffbc9fa0000 - 0x00007ffbca04a000 	C:\Windows\system32\msvcrt.dll
0x00007ffbc9510000 - 0x00007ffbc953e000 	C:\Windows\SYSTEM32\SspiCli.dll
0x00007ffbcc140000 - 0x00007ffbcc194000 	C:\Windows\system32\SHLWAPI.dll
0x00007ffbca4d0000 - 0x00007ffbca647000 	C:\Windows\system32\USER32.dll
0x00007ffbcaa80000 - 0x00007ffbcac14000 	C:\Windows\system32\ole32.dll
0x00007ffbcac20000 - 0x00007ffbcc139000 	C:\Windows\system32\SHELL32.dll
0x00007ffbc8c80000 - 0x00007ffbc8ca1000 	C:\Windows\SYSTEM32\USERENV.dll
0x00007ffbc9ef0000 - 0x00007ffbc9f9a000 	C:\Windows\system32\ADVAPI32.dll
0x00007ffbc1180000 - 0x00007ffbc119e000 	C:\Windows\SYSTEM32\MPR.dll
0x00007ffbca050000 - 0x00007ffbca191000 	C:\Windows\system32\RPCRT4.dll
0x00007ffbcc380000 - 0x00007ffbcc3d9000 	C:\Windows\SYSTEM32\sechost.dll
0x00007ffbc9c40000 - 0x00007ffbc9e51000 	C:\Windows\SYSTEM32\combase.dll
0x00007ffbca730000 - 0x00007ffbca880000 	C:\Windows\system32\GDI32.dll
0x00007ffbc9710000 - 0x00007ffbc9725000 	C:\Windows\SYSTEM32\profapi.dll
0x00007ffbc8230000 - 0x00007ffbc82e2000 	C:\Windows\SYSTEM32\SHCORE.dll
0x00007ffbca210000 - 0x00007ffbca246000 	C:\Windows\system32\IMM32.DLL
0x00007ffbcc440000 - 0x00007ffbcc592000 	C:\Windows\system32\MSCTF.dll
0x00007ffbc96d0000 - 0x00007ffbc96ff000 	C:\Windows\system32\nvinitx.dll
0x000000000f000000 - 0x000000000f006000 	C:\Program Files\NVIDIA Corporation\CoProcManager\detoured.dll
0x00007ffbc8140000 - 0x00007ffbc819f000 	C:\Program Files\NVIDIA Corporation\CoProcManager\nvd3d9wrapx.dll
0x00007ffbcc1a0000 - 0x00007ffbcc37a000 	C:\Windows\system32\SETUPAPI.dll
0x00007ffbc9ad0000 - 0x00007ffbc9b1f000 	C:\Windows\system32\CFGMGR32.dll
0x00007ffbc7d80000 - 0x00007ffbc7dc6000 	C:\Program Files\NVIDIA Corporation\CoProcManager\nvdxgiwrapx.dll
0x00007ffbc7a30000 - 0x00007ffbc7caa000 	C:\Windows\WinSxS\amd64_microsoft.windows.common-controls_6595b64144ccf1df_6.0.9600.17810_none_6240b9c7ecbd0bda\COMCTL32.dll
0x000000006f500000 - 0x000000006f5d2000 	C:\Program Files\Java\jdk1.8.0_45\jre\bin\msvcr100.dll
0x000000006ec70000 - 0x000000006f4f3000 	C:\Program Files\Java\jdk1.8.0_45\jre\bin\server\jvm.dll
0x00007ffbb8020000 - 0x00007ffbb8029000 	C:\Windows\SYSTEM32\WSOCK32.dll
0x00007ffbc7cb0000 - 0x00007ffbc7cd2000 	C:\Windows\SYSTEM32\WINMM.dll
0x00007ffbc7ce0000 - 0x00007ffbc7cea000 	C:\Windows\SYSTEM32\VERSION.dll
0x00007ffbc9e60000 - 0x00007ffbc9e67000 	C:\Windows\system32\PSAPI.DLL
0x00007ffbcc3e0000 - 0x00007ffbcc43a000 	C:\Windows\system32\WS2_32.dll
0x00007ffbc79c0000 - 0x00007ffbc79ea000 	C:\Windows\SYSTEM32\WINMMBASE.dll
0x00007ffbcc5a0000 - 0x00007ffbcc5a9000 	C:\Windows\system32\NSI.dll
0x00007ffbc84d0000 - 0x00007ffbc84f8000 	C:\Windows\SYSTEM32\DEVOBJ.dll
0x000000006ec60000 - 0x000000006ec6f000 	C:\Program Files\Java\jdk1.8.0_45\jre\bin\verify.dll
0x000000006ec30000 - 0x000000006ec59000 	C:\Program Files\Java\jdk1.8.0_45\jre\bin\java.dll
0x000000006ec10000 - 0x000000006ec26000 	C:\Program Files\Java\jdk1.8.0_45\jre\bin\zip.dll
0x00007ffbbe460000 - 0x00007ffbbe5e9000 	C:\Windows\SYSTEM32\dbghelp.dll

VM Arguments:
jvm_args: -Djava.awt.headless=true -Xmx1024M -Dfile.encoding=windows-1252 -Duser.country=US -Duser.language=en -Duser.variant 
java_command: com.android.dx.command.Main --dex --force-jumbo --num-threads=4 --multi-dex --output D:\Android\GymApplication\app\build\intermediates\transforms\dex\debug\folders\1000\10\com.android.support-support-v4-23.4.0_41abddc24dcf89ca300785b53b6bdb0a8647cb5d D:\Android\GymApplication\app\build\intermediates\exploded-aar\com.android.support\support-v4\23.4.0\jars\classes.jar
java_class_path (initial): C:\Users\Admin\AppData\Local\Android\sdk\build-tools\23.0.3\lib\dx.jar
Launcher Type: SUN_STANDARD

Environment Variables:
PATH=C:\Program Files\Java\jdk1.8.0_45;C:\ProgramData\Oracle\Java\javapath;C:\Windows\system32;C:\Windows;C:\Windows\System32\Wbem;C:\Windows\System32\WindowsPowerShell\v1.0\;C:\Program Files\Microsoft\Web Platform Installer\;C:\Program Files (x86)\Microsoft ASP.NET\ASP.NET Web Pages\v1.0\;C:\Program Files (x86)\Windows Kits\8.0\Windows Performance Toolkit\;C:\Program Files\Microsoft SQL Server\110\Tools\Binn\;C:\Program Files (x86)\Microsoft SQL Server\100\Tools\Binn\;C:\Program Files\Microsoft SQL Server\100\Tools\Binn\;C:\Program Files\Microsoft SQL Server\100\DTS\Binn\;C:\Program Files (x86)\Microsoft SQL Server\100\Tools\Binn\VSShell\Common7\IDE\;C:\Program Files (x86)\Microsoft SQL Server\100\DTS\Binn\;C:\Program Files (x86)\Microsoft Visual Studio 9.0\Common7\IDE\PrivateAssemblies\;C:\Program Files (x86)\Common Files\lenovo\easyplussdk\bin
USERNAME=Admin
OS=Windows_NT
PROCESSOR_IDENTIFIER=Intel64 Family 6 Model 42 Stepping 7, GenuineIntel



---------------  S Y S T E M  ---------------

OS: Windows 8.1 , 64 bit Build 9600 (6.3.9600.17415)

CPU:total 4 (2 cores per cpu, 2 threads per core) family 6 model 42 stepping 7, cmov, cx8, fxsr, mmx, sse, sse2, sse3, ssse3, sse4.1, sse4.2, popcnt, avx, clmul, ht, tsc, tscinvbit

Memory: 4k page, physical 4103216k(398560k free), swap 7248944k(3860k free)

vm_info: Java HotSpot(TM) 64-Bit Server VM (25.45-b02) for windows-amd64 JRE (1.8.0_45-b14), built on Apr 10 2015 10:34:15 by "java_re" with MS VC++ 10.0 (VS2010)

time: Thu Aug 11 22:00:09 2016
elapsed time: 47 seconds (0d 0h 0m 47s)

