#
# There is insufficient memory for the Java Runtime Environment to continue.
# Native memory allocation (malloc) failed to allocate 32784 bytes for Chunk::new
# Possible reasons:
#   The system is out of physical RAM or swap space
#   In 32 bit mode, the process size limit was hit
# Possible solutions:
#   Reduce memory load on the system
#   Increase physical memory or swap space
#   Check if swap backing store is full
#   Use 64 bit Java on a 64 bit OS
#   Decrease Java heap size (-Xmx/-Xms)
#   Decrease number of Java threads
#   Decrease Java thread stack sizes (-Xss)
#   Set larger code cache with -XX:ReservedCodeCacheSize=
# This output file may be truncated or incomplete.
#
#  Out of Memory Error (allocation.cpp:390), pid=6888, tid=4212
#
# JRE version: Java(TM) SE Runtime Environment (8.0_45-b14) (build 1.8.0_45-b14)
# Java VM: Java HotSpot(TM) 64-Bit Server VM (25.45-b02 mixed mode windows-amd64 compressed oops)
# Failed to write core dump. Minidumps are not enabled by default on client versions of Windows
#

---------------  T H R E A D  ---------------

Current thread (0x0000000005a13800):  JavaThread "C2 CompilerThread1" daemon [_thread_in_native, id=4212, stack(0x0000000007070000,0x0000000007170000)]

Stack: [0x0000000007070000,0x0000000007170000]
Native frames: (J=compiled Java code, j=interpreted, Vv=VM code, C=native code)
V  [jvm.dll+0x32b57a]


Current CompileTask:
C2:  46773 1928  s    4       com.android.dx.dex.file.MethodIdsSection::intern (55 bytes)


---------------  P R O C E S S  ---------------

Java Threads: ( => current thread )
  0x00000000074aa000 JavaThread "pool-1-thread-1" [_thread_in_native, id=7020, stack(0x0000000009540000,0x0000000009640000)]
  0x0000000005a6c000 JavaThread "Service Thread" daemon [_thread_blocked, id=6796, stack(0x0000000007670000,0x0000000007770000)]
  0x0000000005a31800 JavaThread "C1 CompilerThread2" daemon [_thread_blocked, id=1744, stack(0x0000000007170000,0x0000000007270000)]
=>0x0000000005a13800 JavaThread "C2 CompilerThread1" daemon [_thread_in_native, id=4212, stack(0x0000000007070000,0x0000000007170000)]
  0x0000000005a1c000 JavaThread "C2 CompilerThread0" daemon [_thread_in_native, id=2392, stack(0x0000000006f70000,0x0000000007070000)]
  0x0000000005a17000 JavaThread "Attach Listener" daemon [_thread_blocked, id=7164, stack(0x0000000006e70000,0x0000000006f70000)]
  0x0000000005a15800 JavaThread "Signal Dispatcher" daemon [_thread_blocked, id=6748, stack(0x0000000006d70000,0x0000000006e70000)]
  0x0000000002256000 JavaThread "Finalizer" daemon [_thread_blocked, id=6336, stack(0x0000000006c70000,0x0000000006d70000)]
  0x000000000224d800 JavaThread "Reference Handler" daemon [_thread_blocked, id=6568, stack(0x0000000006b70000,0x0000000006c70000)]
  0x0000000002160800 JavaThread "main" [_thread_blocked, id=4468, stack(0x0000000001fa0000,0x00000000020a0000)]

Other Threads:
  0x00000000059d7800 VMThread [stack: 0x0000000006a70000,0x0000000006b70000] [id=6124]
  0x0000000005a6e000 WatcherThread [stack: 0x0000000007770000,0x0000000007870000] [id=856]

VM state:not at safepoint (normal execution)

VM Mutex/Monitor currently owned by a thread: None

Heap:
 PSYoungGen      total 35328K, used 23929K [0x00000000eab00000, 0x00000000efb00000, 0x0000000100000000)
  eden space 32768K, 65% used [0x00000000eab00000,0x00000000ebfe2668,0x00000000ecb00000)
  from space 2560K, 99% used [0x00000000ecb00000,0x00000000ecd7c028,0x00000000ecd80000)
  to   space 8192K, 0% used [0x00000000ef300000,0x00000000ef300000,0x00000000efb00000)
 ParOldGen       total 44032K, used 12860K [0x00000000c0000000, 0x00000000c2b00000, 0x00000000eab00000)
  object space 44032K, 29% used [0x00000000c0000000,0x00000000c0c8f2b0,0x00000000c2b00000)
 Metaspace       used 6393K, capacity 7216K, committed 7296K, reserved 1056768K
  class space    used 599K, capacity 616K, committed 640K, reserved 1048576K

Card table byte_map: [0x0000000002700000,0x0000000002910000] byte_map_base: 0x0000000002100000

Marking Bits: (ParMarkBitMap*) 0x000000006f474040
 Begin Bits: [0x0000000002e70000, 0x0000000003e70000)
 End Bits:   [0x0000000003e70000, 0x0000000004e70000)

Polling page: 0x00000000020a0000

CodeCache: size=245760Kb used=8784Kb max_used=8784Kb free=236975Kb
 bounds [0x000000000f010000, 0x000000000f8b0000, 0x000000001e010000]
 total_blobs=2229 nmethods=1959 adapters=182
 compilation: enabled

Compilation events (10 events):
Event: 46.422 Thread 0x0000000005a31800 nmethod 1936 0x000000000f863e90 code [0x000000000f863fe0, 0x000000000f8640f0]
Event: 46.422 Thread 0x0000000005a31800 1937       3       com.android.dx.dex.code.OutputFinisher::addConstants (93 bytes)
Event: 46.424 Thread 0x0000000005a31800 nmethod 1937 0x000000000f862410 code [0x000000000f862660, 0x000000000f863818]
Event: 46.425 Thread 0x0000000005a31800 1938   !   3       com.android.dx.rop.cst.CstType::intern (48 bytes)
Event: 46.426 Thread 0x0000000005a31800 nmethod 1938 0x000000000f88ae10 code [0x000000000f88b020, 0x000000000f88bc48]
Event: 46.426 Thread 0x0000000005a31800 1939       1       com.android.dx.rop.code.LocalItem::getSignature (5 bytes)
Event: 46.426 Thread 0x0000000005a31800 nmethod 1939 0x000000000f862150 code [0x000000000f8622a0, 0x000000000f8623b0]
Event: 46.427 Thread 0x0000000005a31800 1940       1       java.util.HashMap::afterNodeAccess (1 bytes)
Event: 46.427 Thread 0x0000000005a31800 nmethod 1940 0x000000000f88c310 code [0x000000000f88c460, 0x000000000f88c570]
Event: 46.427 Thread 0x0000000005a31800 1941       3       com.android.dx.dex.code.OutputFinisher::addConstants (68 bytes)

GC Heap History (10 events):
Event: 31.026 GC heap before
{Heap before GC invocations=1 (full 0):
 PSYoungGen      total 18944K, used 16384K [0x00000000eab00000, 0x00000000ec000000, 0x0000000100000000)
  eden space 16384K, 100% used [0x00000000eab00000,0x00000000ebb00000,0x00000000ebb00000)
  from space 2560K, 0% used [0x00000000ebd80000,0x00000000ebd80000,0x00000000ec000000)
  to   space 2560K, 0% used [0x00000000ebb00000,0x00000000ebb00000,0x00000000ebd80000)
 ParOldGen       total 44032K, used 0K [0x00000000c0000000, 0x00000000c2b00000, 0x00000000eab00000)
  object space 44032K, 0% used [0x00000000c0000000,0x00000000c0000000,0x00000000c2b00000)
 Metaspace       used 5426K, capacity 6448K, committed 6528K, reserved 1056768K
  class space    used 581K, capacity 616K, committed 640K, reserved 1048576K
Event: 31.260 GC heap after
Heap after GC invocations=1 (full 0):
 PSYoungGen      total 18944K, used 2551K [0x00000000eab00000, 0x00000000ec000000, 0x0000000100000000)
  eden space 16384K, 0% used [0x00000000eab00000,0x00000000eab00000,0x00000000ebb00000)
  from space 2560K, 99% used [0x00000000ebb00000,0x00000000ebd7de80,0x00000000ebd80000)
  to   space 2560K, 0% used [0x00000000ebd80000,0x00000000ebd80000,0x00000000ec000000)
 ParOldGen       total 44032K, used 710K [0x00000000c0000000, 0x00000000c2b00000, 0x00000000eab00000)
  object space 44032K, 1% used [0x00000000c0000000,0x00000000c00b1a70,0x00000000c2b00000)
 Metaspace       used 5426K, capacity 6448K, committed 6528K, reserved 1056768K
  class space    used 581K, capacity 616K, committed 640K, reserved 1048576K
}
Event: 33.918 GC heap before
{Heap before GC invocations=2 (full 0):
 PSYoungGen      total 18944K, used 18935K [0x00000000eab00000, 0x00000000ec000000, 0x0000000100000000)
  eden space 16384K, 100% used [0x00000000eab00000,0x00000000ebb00000,0x00000000ebb00000)
  from space 2560K, 99% used [0x00000000ebb00000,0x00000000ebd7de80,0x00000000ebd80000)
  to   space 2560K, 0% used [0x00000000ebd80000,0x00000000ebd80000,0x00000000ec000000)
 ParOldGen       total 44032K, used 710K [0x00000000c0000000, 0x00000000c2b00000, 0x00000000eab00000)
  object space 44032K, 1% used [0x00000000c0000000,0x00000000c00b1a70,0x00000000c2b00000)
 Metaspace       used 5913K, capacity 6896K, committed 7040K, reserved 1056768K
  class space    used 586K, capacity 616K, committed 640K, reserved 1048576K
Event: 34.286 GC heap after
Heap after GC invocations=2 (full 0):
 PSYoungGen      total 18944K, used 2547K [0x00000000eab00000, 0x00000000ed000000, 0x0000000100000000)
  eden space 16384K, 0% used [0x00000000eab00000,0x00000000eab00000,0x00000000ebb00000)
  from space 2560K, 99% used [0x00000000ebd80000,0x00000000ebffce48,0x00000000ec000000)
  to   space 2560K, 0% used [0x00000000ebb00000,0x00000000ebb00000,0x00000000ebd80000)
 ParOldGen       total 44032K, used 2569K [0x00000000c0000000, 0x00000000c2b00000, 0x00000000eab00000)
  object space 44032K, 5% used [0x00000000c0000000,0x00000000c02825b0,0x00000000c2b00000)
 Metaspace       used 5913K, capacity 6896K, committed 7040K, reserved 1056768K
  class space    used 586K, capacity 616K, committed 640K, reserved 1048576K
}
Event: 35.825 GC heap before
{Heap before GC invocations=3 (full 0):
 PSYoungGen      total 18944K, used 18931K [0x00000000eab00000, 0x00000000ed000000, 0x0000000100000000)
  eden space 16384K, 100% used [0x00000000eab00000,0x00000000ebb00000,0x00000000ebb00000)
  from space 2560K, 99% used [0x00000000ebd80000,0x00000000ebffce48,0x00000000ec000000)
  to   space 2560K, 0% used [0x00000000ebb00000,0x00000000ebb00000,0x00000000ebd80000)
 ParOldGen       total 44032K, used 2569K [0x00000000c0000000, 0x00000000c2b00000, 0x00000000eab00000)
  object space 44032K, 5% used [0x00000000c0000000,0x00000000c02825b0,0x00000000c2b00000)
 Metaspace       used 6145K, capacity 7088K, committed 7296K, reserved 1056768K
  class space    used 592K, capacity 616K, committed 640K, reserved 1048576K
Event: 36.571 GC heap after
Heap after GC invocations=3 (full 0):
 PSYoungGen      total 18944K, used 2528K [0x00000000eab00000, 0x00000000ed000000, 0x0000000100000000)
  eden space 16384K, 0% used [0x00000000eab00000,0x00000000eab00000,0x00000000ebb00000)
  from space 2560K, 98% used [0x00000000ebb00000,0x00000000ebd78018,0x00000000ebd80000)
  to   space 2560K, 0% used [0x00000000ecd80000,0x00000000ecd80000,0x00000000ed000000)
 ParOldGen       total 44032K, used 4794K [0x00000000c0000000, 0x00000000c2b00000, 0x00000000eab00000)
  object space 44032K, 10% used [0x00000000c0000000,0x00000000c04ae840,0x00000000c2b00000)
 Metaspace       used 6145K, capacity 7088K, committed 7296K, reserved 1056768K
  class space    used 592K, capacity 616K, committed 640K, reserved 1048576K
}
Event: 37.116 GC heap before
{Heap before GC invocations=4 (full 0):
 PSYoungGen      total 18944K, used 18912K [0x00000000eab00000, 0x00000000ed000000, 0x0000000100000000)
  eden space 16384K, 100% used [0x00000000eab00000,0x00000000ebb00000,0x00000000ebb00000)
  from space 2560K, 98% used [0x00000000ebb00000,0x00000000ebd78018,0x00000000ebd80000)
  to   space 2560K, 0% used [0x00000000ecd80000,0x00000000ecd80000,0x00000000ed000000)
 ParOldGen       total 44032K, used 4794K [0x00000000c0000000, 0x00000000c2b00000, 0x00000000eab00000)
  object space 44032K, 10% used [0x00000000c0000000,0x00000000c04ae840,0x00000000c2b00000)
 Metaspace       used 6208K, capacity 7088K, committed 7296K, reserved 1056768K
  class space    used 592K, capacity 616K, committed 640K, reserved 1048576K
Event: 38.364 GC heap after
Heap after GC invocations=4 (full 0):
 PSYoungGen      total 35328K, used 2528K [0x00000000eab00000, 0x00000000ed000000, 0x0000000100000000)
  eden space 32768K, 0% used [0x00000000eab00000,0x00000000eab00000,0x00000000ecb00000)
  from space 2560K, 98% used [0x00000000ecd80000,0x00000000ecff8018,0x00000000ed000000)
  to   space 2560K, 0% used [0x00000000ecb00000,0x00000000ecb00000,0x00000000ecd80000)
 ParOldGen       total 44032K, used 7501K [0x00000000c0000000, 0x00000000c2b00000, 0x00000000eab00000)
  object space 44032K, 17% used [0x00000000c0000000,0x00000000c0753638,0x00000000c2b00000)
 Metaspace       used 6208K, capacity 7088K, committed 7296K, reserved 1056768K
  class space    used 592K, capacity 616K, committed 640K, reserved 1048576K
}
Event: 41.874 GC heap before
{Heap before GC invocations=5 (full 0):
 PSYoungGen      total 35328K, used 35296K [0x00000000eab00000, 0x00000000ed000000, 0x0000000100000000)
  eden space 32768K, 100% used [0x00000000eab00000,0x00000000ecb00000,0x00000000ecb00000)
  from space 2560K, 98% used [0x00000000ecd80000,0x00000000ecff8018,0x00000000ed000000)
  to   space 2560K, 0% used [0x00000000ecb00000,0x00000000ecb00000,0x00000000ecd80000)
 ParOldGen       total 44032K, used 7501K [0x00000000c0000000, 0x00000000c2b00000, 0x00000000eab00000)
  object space 44032K, 17% used [0x00000000c0000000,0x00000000c0753638,0x00000000c2b00000)
 Metaspace       used 6260K, capacity 7152K, committed 7296K, reserved 1056768K
  class space    used 593K, capacity 616K, committed 640K, reserved 1048576K
Event: 43.038 GC heap after
Heap after GC invocations=5 (full 0):
 PSYoungGen      total 35328K, used 2544K [0x00000000eab00000, 0x00000000efb00000, 0x0000000100000000)
  eden space 32768K, 0% used [0x00000000eab00000,0x00000000eab00000,0x00000000ecb00000)
  from space 2560K, 99% used [0x00000000ecb00000,0x00000000ecd7c028,0x00000000ecd80000)
  to   space 8192K, 0% used [0x00000000ef300000,0x00000000ef300000,0x00000000efb00000)
 ParOldGen       total 44032K, used 12860K [0x00000000c0000000, 0x00000000c2b00000, 0x00000000eab00000)
  object space 44032K, 29% used [0x00000000c0000000,0x00000000c0c8f2b0,0x00000000c2b00000)
 Metaspace       used 6260K, capacity 7152K, committed 7296K, reserved 1056768K
  class space    used 593K, capacity 616K, committed 640K, reserved 1048576K
}

Deoptimization events (10 events):
Event: 46.376 Thread 0x00000000074aa000 Uncommon trap: reason=class_check action=maybe_recompile pc=0x000000000f4b4358 method=java.util.Arrays.hashCode([Ljava/lang/Object;)I @ 43
Event: 46.376 Thread 0x00000000074aa000 Uncommon trap: reason=class_check action=maybe_recompile pc=0x000000000f4b4358 method=java.util.Arrays.hashCode([Ljava/lang/Object;)I @ 43
Event: 46.377 Thread 0x00000000074aa000 Uncommon trap: reason=bimorphic action=maybe_recompile pc=0x000000000f3fa5e0 method=java.util.HashMap.getNode(ILjava/lang/Object;)Ljava/util/HashMap$Node; @ 126
Event: 46.404 Thread 0x00000000074aa000 Uncommon trap: reason=bimorphic action=maybe_recompile pc=0x000000000f3fa5e0 method=java.util.HashMap.getNode(ILjava/lang/Object;)Ljava/util/HashMap$Node; @ 126
Event: 46.404 Thread 0x00000000074aa000 Uncommon trap: reason=bimorphic action=maybe_recompile pc=0x000000000f3fa5e0 method=java.util.HashMap.getNode(ILjava/lang/Object;)Ljava/util/HashMap$Node; @ 126
Event: 46.404 Thread 0x00000000074aa000 Uncommon trap: reason=bimorphic action=maybe_recompile pc=0x000000000f3fa5e0 method=java.util.HashMap.getNode(ILjava/lang/Object;)Ljava/util/HashMap$Node; @ 126
Event: 46.416 Thread 0x00000000074aa000 Uncommon trap: reason=class_check action=maybe_recompile pc=0x000000000f4a253c method=java.util.HashMap.putVal(ILjava/lang/Object;Ljava/lang/Object;ZZ)Ljava/lang/Object; @ 203
Event: 46.416 Thread 0x00000000074aa000 Uncommon trap: reason=class_check action=maybe_recompile pc=0x000000000f4a253c method=java.util.HashMap.putVal(ILjava/lang/Object;Ljava/lang/Object;ZZ)Ljava/lang/Object; @ 203
Event: 46.417 Thread 0x00000000074aa000 Uncommon trap: reason=class_check action=maybe_recompile pc=0x000000000f4a253c method=java.util.HashMap.putVal(ILjava/lang/Object;Ljava/lang/Object;ZZ)Ljava/lang/Object; @ 203
Event: 46.417 Thread 0x00000000074aa000 Uncommon trap: reason=class_check action=maybe_recompile pc=0x000000000f4a253c method=java.util.HashMap.putVal(ILjava/lang/Object;Ljava/lang/Object;ZZ)Ljava/lang/Object; @ 203

Internal exceptions (2 events):
Event: 12.437 Thread 0x0000000002160800 Exception <a 'java/lang/NoSuchMethodError': Method sun.misc.Unsafe.defineClass(Ljava/lang/String;[BII)Ljava/lang/Class; name or signature does not match> (0x00000000eab0d518) thrown at [C:\re\workspace\8-2-build-windows-amd64-cygwin\jdk8u45\3457\hotspot\srÏŒ´ìbH)@
Event: 12.641 Thread 0x0000000002160800 Exception <a 'java/lang/NoSuchMethodError': Method sun.misc.Unsafe.prefetchRead(Ljava/lang/Object;J)V name or signature does not match> (0x00000000eab0d7a8) thrown at [C:\re\workspace\8-2-build-windows-amd64-cygwin\jdk8u45\3457\hotspot\src\share\vm\prims\j

Events (10 events):
Event: 46.416 Thread 0x00000000074aa000 DEOPT UNPACKING pc=0x000000000f05582a sp=0x000000000963ecd8 mode 2
Event: 46.416 Thread 0x00000000074aa000 Uncommon trap: trap_request=0xffffffde fr.pc=0x000000000f4a253c
Event: 46.416 Thread 0x00000000074aa000 DEOPT PACKING pc=0x000000000f4a253c sp=0x000000000963ed60
Event: 46.416 Thread 0x00000000074aa000 DEOPT UNPACKING pc=0x000000000f05582a sp=0x000000000963ecd8 mode 2
Event: 46.417 Thread 0x00000000074aa000 Uncommon trap: trap_request=0xffffffde fr.pc=0x000000000f4a253c
Event: 46.417 Thread 0x00000000074aa000 DEOPT PACKING pc=0x000000000f4a253c sp=0x000000000963ed60
Event: 46.417 Thread 0x00000000074aa000 DEOPT UNPACKING pc=0x000000000f05582a sp=0x000000000963ecd8 mode 2
Event: 46.417 Thread 0x00000000074aa000 Uncommon trap: trap_request=0xffffffde fr.pc=0x000000000f4a253c
Event: 46.417 Thread 0x00000000074aa000 DEOPT PACKING pc=0x000000000f4a253c sp=0x000000000963ed60
Event: 46.417 Thread 0x00000000074aa000 DEOPT UNPACKING pc=0x000000000f05582a sp=0x000000000963ecd8 mode 2


Dynamic libraries:
0x00007ff6ca110000 - 0x00007ff6ca147000 	C:\Program Files\Java\jdk1.8.0_45\bin\java.exe
0x00007ffbcc5b0000 - 0x00007ffbcc75c000 	C:\Windows\SYSTEM32\ntdll.dll
0x00007ffbca940000 - 0x00007ffbcaa7e000 	C:\Windows\system32\KERNEL32.DLL
0x00007ffbc9b20000 - 0x00007ffbc9c35000 	C:\Windows\system32\KERNELBASE.dll
0x00007ffbc81a0000 - 0x00007ffbc822e000 	C:\Windows\system32\apphelp.dll
0x00007ffbc4e70000 - 0x00007ffbc4ec3000 	C:\Windows\AppPatch\AppPatch64\AcGenral.DLL
0x00007ffbc9fa0000 - 0x00007ffbca04a000 	C:\Windows\system32\msvcrt.dll
0x00007ffbc9510000 - 0x00007ffbc953e000 	C:\Windows\SYSTEM32\SspiCli.dll
0x00007ffbcc140000 - 0x00007ffbcc194000 	C:\Windows\system32\SHLWAPI.dll
0x00007ffbca4d0000 - 0x00007ffbca647000 	C:\Windows\system32\USER32.dll
0x00007ffbcaa80000 - 0x00007ffbcac14000 	C:\Windows\system32\ole32.dll
0x00007ffbcac20000 - 0x00007ffbcc139000 	C:\Windows\system32\SHELL32.dll
0x00007ffbc8c80000 - 0x00007ffbc8ca1000 	C:\Windows\SYSTEM32\USERENV.dll
0x00007ffbc9ef0000 - 0x00007ffbc9f9a000 	C:\Windows\system32\ADVAPI32.dll
0x00007ffbc1180000 - 0x00007ffbc119e000 	C:\Windows\SYSTEM32\MPR.dll
0x00007ffbca050000 - 0x00007ffbca191000 	C:\Windows\system32\RPCRT4.dll
0x00007ffbcc380000 - 0x00007ffbcc3d9000 	C:\Windows\SYSTEM32\sechost.dll
0x00007ffbc9c40000 - 0x00007ffbc9e51000 	C:\Windows\SYSTEM32\combase.dll
0x00007ffbca730000 - 0x00007ffbca880000 	C:\Windows\system32\GDI32.dll
0x00007ffbc9710000 - 0x00007ffbc9725000 	C:\Windows\SYSTEM32\profapi.dll
0x00007ffbc8230000 - 0x00007ffbc82e2000 	C:\Windows\SYSTEM32\SHCORE.dll
0x00007ffbca210000 - 0x00007ffbca246000 	C:\Windows\system32\IMM32.DLL
0x00007ffbcc440000 - 0x00007ffbcc592000 	C:\Windows\system32\MSCTF.dll
0x00007ffbc96d0000 - 0x00007ffbc96ff000 	C:\Windows\system32\nvinitx.dll
0x000000000f000000 - 0x000000000f006000 	C:\Program Files\NVIDIA Corporation\CoProcManager\detoured.dll
0x00007ffbc8140000 - 0x00007ffbc819f000 	C:\Program Files\NVIDIA Corporation\CoProcManager\nvd3d9wrapx.dll
0x00007ffbcc1a0000 - 0x00007ffbcc37a000 	C:\Windows\system32\SETUPAPI.dll
0x00007ffbc9ad0000 - 0x00007ffbc9b1f000 	C:\Windows\system32\CFGMGR32.dll
0x00007ffbc7d80000 - 0x00007ffbc7dc6000 	C:\Program Files\NVIDIA Corporation\CoProcManager\nvdxgiwrapx.dll
0x00007ffbc7a30000 - 0x00007ffbc7caa000 	C:\Windows\WinSxS\amd64_microsoft.windows.common-controls_6595b64144ccf1df_6.0.9600.17810_none_6240b9c7ecbd0bda\COMCTL32.dll
0x000000006f500000 - 0x000000006f5d2000 	C:\Program Files\Java\jdk1.8.0_45\jre\bin\msvcr100.dll
0x000000006ec70000 - 0x000000006f4f3000 	C:\Program Files\Java\jdk1.8.0_45\jre\bin\server\jvm.dll
0x00007ffbb8020000 - 0x00007ffbb8029000 	C:\Windows\SYSTEM32\WSOCK32.dll
0x00007ffbc7cb0000 - 0x00007ffbc7cd2000 	C:\Windows\SYSTEM32\WINMM.dll
0x00007ffbc7ce0000 - 0x00007ffbc7cea000 	C:\Windows\SYSTEM32\VERSION.dll
0x00007ffbc9e60000 - 0x00007ffbc9e67000 	C:\Windows\system32\PSAPI.DLL
0x00007ffbcc3e0000 - 0x00007ffbcc43a000 	C:\Windows\system32\WS2_32.dll
0x00007ffbc79c0000 - 0x00007ffbc79ea000 	C:\Windows\SYSTEM32\WINMMBASE.dll
0x00007ffbcc5a0000 - 0x00007ffbcc5a9000 	C:\Windows\system32\NSI.dll
0x00007ffbc84d0000 - 0x00007ffbc84f8000 	C:\Windows\SYSTEM32\DEVOBJ.dll
0x000000006ec60000 - 0x000000006ec6f000 	C:\Program Files\Java\jdk1.8.0_45\jre\bin\verify.dll
0x000000006ec30000 - 0x000000006ec59000 	C:\Program Files\Java\jdk1.8.0_45\jre\bin\java.dll
0x000000006ec10000 - 0x000000006ec26000 	C:\Program Files\Java\jdk1.8.0_45\jre\bin\zip.dll

VM Arguments:
jvm_args: -Djava.awt.headless=true -Xmx1024M -Dfile.encoding=windows-1252 -Duser.country=US -Duser.language=en -Duser.variant 
java_command: com.android.dx.command.Main --dex --force-jumbo --num-threads=4 --multi-dex --output D:\Android\GymApplication\app\build\intermediates\transforms\dex\debug\folders\1000\10\internal_impl-23.4.0_4cb3500d5b759fef2017a18c91787e65d50a4d77 D:\Android\GymApplication\app\build\intermediates\exploded-aar\com.android.support\support-v4\23.4.0\jars\libs\internal_impl-23.4.0.jar
java_class_path (initial): C:\Users\Admin\AppData\Local\Android\sdk\build-tools\23.0.3\lib\dx.jar
Launcher Type: SUN_STANDARD

Environment Variables:
PATH=C:\Program Files\Java\jdk1.8.0_45;C:\ProgramData\Oracle\Java\javapath;C:\Windows\system32;C:\Windows;C:\Windows\System32\Wbem;C:\Windows\System32\WindowsPowerShell\v1.0\;C:\Program Files\Microsoft\Web Platform Installer\;C:\Program Files (x86)\Microsoft ASP.NET\ASP.NET Web Pages\v1.0\;C:\Program Files (x86)\Windows Kits\8.0\Windows Performance Toolkit\;C:\Program Files\Microsoft SQL Server\110\Tools\Binn\;C:\Program Files (x86)\Microsoft SQL Server\100\Tools\Binn\;C:\Program Files\Microsoft SQL Server\100\Tools\Binn\;C:\Program Files\Microsoft SQL Server\100\DTS\Binn\;C:\Program Files (x86)\Microsoft SQL Server\100\Tools\Binn\VSShell\Common7\IDE\;C:\Program Files (x86)\Microsoft SQL Server\100\DTS\Binn\;C:\Program Files (x86)\Microsoft Visual Studio 9.0\Common7\IDE\PrivateAssemblies\;C:\Program Files (x86)\Common Files\lenovo\easyplussdk\bin
USERNAME=Admin
OS=Windows_NT
PROCESSOR_IDENTIFIER=Intel64 Family 6 Model 42 Stepping 7, GenuineIntel



---------------  S Y S T E M  ---------------

OS: Windows 8.1 , 64 bit Build 9600 (6.3.9600.17415)

CPU:total 4 (2 cores per cpu, 2 threads per core) family 6 model 42 stepping 7, cmov, cx8, fxsr, mmx, sse, sse2, sse3, ssse3, sse4.1, sse4.2, popcnt, avx, clmul, ht, tsc, tscinvbit

Memory: 4k page, physical 4103216k(418028k free), swap 7248944k(4296k free)

vm_info: Java HotSpot(TM) 64-Bit Server VM (25.45-b02) for windows-amd64 JRE (1.8.0_45-b14), built on Apr 10 2015 10:34:15 by "java_re" with MS VC++ 10.0 (VS2010)

time: Thu Aug 11 22:00:08 2016
elapsed time: 46 seconds (0d 0h 0m 46s)

