#
# There is insufficient memory for the Java Runtime Environment to continue.
# Native memory allocation (malloc) failed to allocate 48496 bytes for Chunk::new
# Possible reasons:
#   The system is out of physical RAM or swap space
#   In 32 bit mode, the process size limit was hit
# Possible solutions:
#   Reduce memory load on the system
#   Increase physical memory or swap space
#   Check if swap backing store is full
#   Use 64 bit Java on a 64 bit OS
#   Decrease Java heap size (-Xmx/-Xms)
#   Decrease number of Java threads
#   Decrease Java thread stack sizes (-Xss)
#   Set larger code cache with -XX:ReservedCodeCacheSize=
# This output file may be truncated or incomplete.
#
#  Out of Memory Error (allocation.cpp:390), pid=7072, tid=1092
#
# JRE version: Java(TM) SE Runtime Environment (8.0_45-b14) (build 1.8.0_45-b14)
# Java VM: Java HotSpot(TM) 64-Bit Server VM (25.45-b02 mixed mode windows-amd64 compressed oops)
# Failed to write core dump. Minidumps are not enabled by default on client versions of Windows
#

---------------  T H R E A D  ---------------

Current thread (0x000000000688c800):  JavaThread "C2 CompilerThread0" daemon [_thread_in_native, id=1092, stack(0x0000000007dd0000,0x0000000007ed0000)]

Stack: [0x0000000007dd0000,0x0000000007ed0000]
Native frames: (J=compiled Java code, j=interpreted, Vv=VM code, C=native code)
V  [jvm.dll+0x32b57a]


Current CompileTask:
C2:  46620 1882       4       com.android.dx.ssa.BasicRegisterMapper::addMapping (68 bytes)


---------------  P R O C E S S  ---------------

Java Threads: ( => current thread )
  0x0000000008365000 JavaThread "pool-1-thread-1" [_thread_in_Java, id=4756, stack(0x00000000086d0000,0x00000000087d0000)]
  0x00000000080e8800 JavaThread "Service Thread" daemon [_thread_blocked, id=2092, stack(0x00000000084d0000,0x00000000085d0000)]
  0x0000000006880800 JavaThread "C1 CompilerThread2" daemon [_thread_blocked, id=6272, stack(0x0000000007fd0000,0x00000000080d0000)]
  0x000000000687b000 JavaThread "C2 CompilerThread1" daemon [_thread_in_native, id=2404, stack(0x0000000007ed0000,0x0000000007fd0000)]
=>0x000000000688c800 JavaThread "C2 CompilerThread0" daemon [_thread_in_native, id=1092, stack(0x0000000007dd0000,0x0000000007ed0000)]
  0x0000000006887000 JavaThread "Attach Listener" daemon [_thread_blocked, id=2388, stack(0x0000000007cd0000,0x0000000007dd0000)]
  0x0000000006885800 JavaThread "Signal Dispatcher" daemon [_thread_blocked, id=7096, stack(0x0000000007bd0000,0x0000000007cd0000)]
  0x00000000031a6000 JavaThread "Finalizer" daemon [_thread_blocked, id=6356, stack(0x0000000007ad0000,0x0000000007bd0000)]
  0x000000000319d800 JavaThread "Reference Handler" daemon [_thread_blocked, id=6248, stack(0x00000000079d0000,0x0000000007ad0000)]
  0x00000000030b0800 JavaThread "main" [_thread_blocked, id=812, stack(0x0000000002ef0000,0x0000000002ff0000)]

Other Threads:
  0x0000000006847800 VMThread [stack: 0x00000000078d0000,0x00000000079d0000] [id=1108]
  0x00000000068dd000 WatcherThread [stack: 0x00000000085d0000,0x00000000086d0000] [id=3992]

VM state:not at safepoint (normal execution)

VM Mutex/Monitor currently owned by a thread: None

Heap:
 PSYoungGen      total 40448K, used 19107K [0x00000000eab00000, 0x00000000efa00000, 0x0000000100000000)
  eden space 32768K, 34% used [0x00000000eab00000,0x00000000eb62e7e8,0x00000000ecb00000)
  from space 7680K, 99% used [0x00000000ef280000,0x00000000ef9fa590,0x00000000efa00000)
  to   space 2560K, 0% used [0x00000000ecb00000,0x00000000ecb00000,0x00000000ecd80000)
 ParOldGen       total 44032K, used 14067K [0x00000000c0000000, 0x00000000c2b00000, 0x00000000eab00000)
  object space 44032K, 31% used [0x00000000c0000000,0x00000000c0dbcf18,0x00000000c2b00000)
 Metaspace       used 6325K, capacity 7152K, committed 7296K, reserved 1056768K
  class space    used 598K, capacity 616K, committed 640K, reserved 1048576K

Card table byte_map: [0x0000000003570000,0x0000000003780000] byte_map_base: 0x0000000002f70000

Marking Bits: (ParMarkBitMap*) 0x000000006f474040
 Begin Bits: [0x0000000003ce0000, 0x0000000004ce0000)
 End Bits:   [0x0000000004ce0000, 0x0000000005ce0000)

Polling page: 0x0000000001310000

CodeCache: size=245760Kb used=8556Kb max_used=8556Kb free=237203Kb
 bounds [0x000000000f010000, 0x000000000f880000, 0x000000001e010000]
 total_blobs=2173 nmethods=1902 adapters=182
 compilation: enabled

Compilation events (10 events):
Event: 45.129 Thread 0x000000000687b000 nmethod 1842 0x000000000f841c10 code [0x000000000f841d60, 0x000000000f842118]
Event: 45.129 Thread 0x000000000687b000 1872       4       com.android.dx.ssa.LocalVariableInfo::mergeStarts (59 bytes)
Event: 45.178 Thread 0x000000000687b000 nmethod 1872 0x000000000f84ab90 code [0x000000000f84ad40, 0x000000000f84baa8]
Event: 45.178 Thread 0x000000000687b000 1768       4       com.android.dx.dex.code.RopTranslator::getRegs (64 bytes)
Event: 45.208 Thread 0x000000000687b000 nmethod 1768 0x000000000f841050 code [0x000000000f8411e0, 0x000000000f841688]
Event: 45.362 Thread 0x000000000688c800 nmethod 1836 0x000000000f851350 code [0x000000000f851700, 0x000000000f854ae0]
Event: 46.031 Thread 0x000000000687b000 1881       4       com.android.dx.ssa.SsaMethod::convertRopToSsaBlocks (103 bytes)
Event: 46.032 Thread 0x000000000688c800 1882       4       com.android.dx.ssa.BasicRegisterMapper::addMapping (68 bytes)
Event: 46.034 Thread 0x0000000006880800 1888       3       com.android.dx.dex.file.AnnotationSetItem::<init> (83 bytes)
Event: 46.037 Thread 0x0000000006880800 nmethod 1888 0x000000000f848890 code [0x000000000f848b40, 0x000000000f849fa8]

GC Heap History (10 events):
Event: 31.639 GC heap before
{Heap before GC invocations=1 (full 0):
 PSYoungGen      total 18944K, used 16384K [0x00000000eab00000, 0x00000000ec000000, 0x0000000100000000)
  eden space 16384K, 100% used [0x00000000eab00000,0x00000000ebb00000,0x00000000ebb00000)
  from space 2560K, 0% used [0x00000000ebd80000,0x00000000ebd80000,0x00000000ec000000)
  to   space 2560K, 0% used [0x00000000ebb00000,0x00000000ebb00000,0x00000000ebd80000)
 ParOldGen       total 44032K, used 0K [0x00000000c0000000, 0x00000000c2b00000, 0x00000000eab00000)
  object space 44032K, 0% used [0x00000000c0000000,0x00000000c0000000,0x00000000c2b00000)
 Metaspace       used 5661K, capacity 6704K, committed 6784K, reserved 1056768K
  class space    used 583K, capacity 616K, committed 640K, reserved 1048576K
Event: 31.909 GC heap after
Heap after GC invocations=1 (full 0):
 PSYoungGen      total 18944K, used 2555K [0x00000000eab00000, 0x00000000ec000000, 0x0000000100000000)
  eden space 16384K, 0% used [0x00000000eab00000,0x00000000eab00000,0x00000000ebb00000)
  from space 2560K, 99% used [0x00000000ebb00000,0x00000000ebd7edd0,0x00000000ebd80000)
  to   space 2560K, 0% used [0x00000000ebd80000,0x00000000ebd80000,0x00000000ec000000)
 ParOldGen       total 44032K, used 1352K [0x00000000c0000000, 0x00000000c2b00000, 0x00000000eab00000)
  object space 44032K, 3% used [0x00000000c0000000,0x00000000c0152080,0x00000000c2b00000)
 Metaspace       used 5661K, capacity 6704K, committed 6784K, reserved 1056768K
  class space    used 583K, capacity 616K, committed 640K, reserved 1048576K
}
Event: 33.923 GC heap before
{Heap before GC invocations=2 (full 0):
 PSYoungGen      total 18944K, used 18939K [0x00000000eab00000, 0x00000000ec000000, 0x0000000100000000)
  eden space 16384K, 100% used [0x00000000eab00000,0x00000000ebb00000,0x00000000ebb00000)
  from space 2560K, 99% used [0x00000000ebb00000,0x00000000ebd7edd0,0x00000000ebd80000)
  to   space 2560K, 0% used [0x00000000ebd80000,0x00000000ebd80000,0x00000000ec000000)
 ParOldGen       total 44032K, used 1352K [0x00000000c0000000, 0x00000000c2b00000, 0x00000000eab00000)
  object space 44032K, 3% used [0x00000000c0000000,0x00000000c0152080,0x00000000c2b00000)
 Metaspace       used 6011K, capacity 6960K, committed 7040K, reserved 1056768K
  class space    used 590K, capacity 616K, committed 640K, reserved 1048576K
Event: 34.867 GC heap after
Heap after GC invocations=2 (full 0):
 PSYoungGen      total 18944K, used 2554K [0x00000000eab00000, 0x00000000ed000000, 0x0000000100000000)
  eden space 16384K, 0% used [0x00000000eab00000,0x00000000eab00000,0x00000000ebb00000)
  from space 2560K, 99% used [0x00000000ebd80000,0x00000000ebffea80,0x00000000ec000000)
  to   space 2560K, 0% used [0x00000000ebb00000,0x00000000ebb00000,0x00000000ebd80000)
 ParOldGen       total 44032K, used 3705K [0x00000000c0000000, 0x00000000c2b00000, 0x00000000eab00000)
  object space 44032K, 8% used [0x00000000c0000000,0x00000000c039e488,0x00000000c2b00000)
 Metaspace       used 6011K, capacity 6960K, committed 7040K, reserved 1056768K
  class space    used 590K, capacity 616K, committed 640K, reserved 1048576K
}
Event: 36.875 GC heap before
{Heap before GC invocations=3 (full 0):
 PSYoungGen      total 18944K, used 18938K [0x00000000eab00000, 0x00000000ed000000, 0x0000000100000000)
  eden space 16384K, 100% used [0x00000000eab00000,0x00000000ebb00000,0x00000000ebb00000)
  from space 2560K, 99% used [0x00000000ebd80000,0x00000000ebffea80,0x00000000ec000000)
  to   space 2560K, 0% used [0x00000000ebb00000,0x00000000ebb00000,0x00000000ebd80000)
 ParOldGen       total 44032K, used 3705K [0x00000000c0000000, 0x00000000c2b00000, 0x00000000eab00000)
  object space 44032K, 8% used [0x00000000c0000000,0x00000000c039e488,0x00000000c2b00000)
 Metaspace       used 6086K, capacity 7024K, committed 7296K, reserved 1056768K
  class space    used 591K, capacity 616K, committed 640K, reserved 1048576K
Event: 37.307 GC heap after
Heap after GC invocations=3 (full 0):
 PSYoungGen      total 18944K, used 2538K [0x00000000eab00000, 0x00000000ed000000, 0x0000000100000000)
  eden space 16384K, 0% used [0x00000000eab00000,0x00000000eab00000,0x00000000ebb00000)
  from space 2560K, 99% used [0x00000000ebb00000,0x00000000ebd7aa90,0x00000000ebd80000)
  to   space 2560K, 0% used [0x00000000ecd80000,0x00000000ecd80000,0x00000000ed000000)
 ParOldGen       total 44032K, used 5902K [0x00000000c0000000, 0x00000000c2b00000, 0x00000000eab00000)
  object space 44032K, 13% used [0x00000000c0000000,0x00000000c05c3928,0x00000000c2b00000)
 Metaspace       used 6086K, capacity 7024K, committed 7296K, reserved 1056768K
  class space    used 591K, capacity 616K, committed 640K, reserved 1048576K
}
Event: 39.543 GC heap before
{Heap before GC invocations=4 (full 0):
 PSYoungGen      total 18944K, used 18922K [0x00000000eab00000, 0x00000000ed000000, 0x0000000100000000)
  eden space 16384K, 100% used [0x00000000eab00000,0x00000000ebb00000,0x00000000ebb00000)
  from space 2560K, 99% used [0x00000000ebb00000,0x00000000ebd7aa90,0x00000000ebd80000)
  to   space 2560K, 0% used [0x00000000ecd80000,0x00000000ecd80000,0x00000000ed000000)
 ParOldGen       total 44032K, used 5902K [0x00000000c0000000, 0x00000000c2b00000, 0x00000000eab00000)
  object space 44032K, 13% used [0x00000000c0000000,0x00000000c05c3928,0x00000000c2b00000)
 Metaspace       used 6157K, capacity 7088K, committed 7296K, reserved 1056768K
  class space    used 591K, capacity 616K, committed 640K, reserved 1048576K
Event: 40.418 GC heap after
Heap after GC invocations=4 (full 0):
 PSYoungGen      total 35328K, used 2552K [0x00000000eab00000, 0x00000000ed000000, 0x0000000100000000)
  eden space 32768K, 0% used [0x00000000eab00000,0x00000000eab00000,0x00000000ecb00000)
  from space 2560K, 99% used [0x00000000ecd80000,0x00000000ecffe318,0x00000000ed000000)
  to   space 2560K, 0% used [0x00000000ecb00000,0x00000000ecb00000,0x00000000ecd80000)
 ParOldGen       total 44032K, used 8818K [0x00000000c0000000, 0x00000000c2b00000, 0x00000000eab00000)
  object space 44032K, 20% used [0x00000000c0000000,0x00000000c089c938,0x00000000c2b00000)
 Metaspace       used 6157K, capacity 7088K, committed 7296K, reserved 1056768K
  class space    used 591K, capacity 616K, committed 640K, reserved 1048576K
}
Event: 44.403 GC heap before
{Heap before GC invocations=5 (full 0):
 PSYoungGen      total 35328K, used 35320K [0x00000000eab00000, 0x00000000ed000000, 0x0000000100000000)
  eden space 32768K, 100% used [0x00000000eab00000,0x00000000ecb00000,0x00000000ecb00000)
  from space 2560K, 99% used [0x00000000ecd80000,0x00000000ecffe318,0x00000000ed000000)
  to   space 2560K, 0% used [0x00000000ecb00000,0x00000000ecb00000,0x00000000ecd80000)
 ParOldGen       total 44032K, used 8818K [0x00000000c0000000, 0x00000000c2b00000, 0x00000000eab00000)
  object space 44032K, 20% used [0x00000000c0000000,0x00000000c089c938,0x00000000c2b00000)
 Metaspace       used 6211K, capacity 7152K, committed 7296K, reserved 1056768K
  class space    used 591K, capacity 616K, committed 640K, reserved 1048576K
Event: 44.613 GC heap after
Heap after GC invocations=5 (full 0):
 PSYoungGen      total 35328K, used 2542K [0x00000000eab00000, 0x00000000efa00000, 0x0000000100000000)
  eden space 32768K, 0% used [0x00000000eab00000,0x00000000eab00000,0x00000000ecb00000)
  from space 2560K, 99% used [0x00000000ecb00000,0x00000000ecd7bb20,0x00000000ecd80000)
  to   space 7680K, 0% used [0x00000000ef280000,0x00000000ef280000,0x00000000efa00000)
 ParOldGen       total 44032K, used 13656K [0x00000000c0000000, 0x00000000c2b00000, 0x00000000eab00000)
  object space 44032K, 31% used [0x00000000c0000000,0x00000000c0d56128,0x00000000c2b00000)
 Metaspace       used 6211K, capacity 7152K, committed 7296K, reserved 1056768K
  class space    used 591K, capacity 616K, committed 640K, reserved 1048576K
}

Deoptimization events (10 events):
Event: 41.374 Thread 0x0000000008385800 Uncommon trap: reason=bimorphic action=maybe_recompile pc=0x000000000f6b8750 method=com.android.dx.cf.code.BytecodeArray.parseInstruction(ILcom/android/dx/cf/code/BytecodeArray$Visitor;)I @ 1549
Event: 41.900 Thread 0x0000000008385800 Uncommon trap: reason=unstable_if action=reinterpret pc=0x000000000f53b148 method=com.android.dx.ssa.SCCP.simulateStmt(Lcom/android/dx/ssa/SsaInsn;)V @ 59
Event: 41.920 Thread 0x0000000008385800 Uncommon trap: reason=class_check action=maybe_recompile pc=0x000000000f5ff300 method=java.util.HashMap.putVal(ILjava/lang/Object;Ljava/lang/Object;ZZ)Ljava/lang/Object; @ 203
Event: 43.363 Thread 0x00000000030b0800 Uncommon trap: reason=unstable_if action=reinterpret pc=0x000000000f780b44 method=com.android.dx.cf.code.RopperMachine.run(Lcom/android/dx/cf/code/Frame;II)V @ 1250
Event: 44.913 Thread 0x0000000008385800 Uncommon trap: reason=unstable_if action=reinterpret pc=0x000000000f78d878 method=com.android.dx.cf.code.LocalVariableList$Item.matchesPcAndIndex(II)Z @ 13
Event: 44.932 Thread 0x0000000008385800 Uncommon trap: reason=unstable_if action=reinterpret pc=0x000000000f76bec0 method=com.android.dx.rop.code.LocalItem.compareHandlesNulls(Lcom/android/dx/rop/cst/CstString;Lcom/android/dx/rop/cst/CstString;)I @ 14
Event: 44.932 Thread 0x0000000008385800 Uncommon trap: reason=unstable_if action=reinterpret pc=0x000000000f5ae008 method=com.android.dx.rop.code.LocalItem.compareHandlesNulls(Lcom/android/dx/rop/cst/CstString;Lcom/android/dx/rop/cst/CstString;)I @ 14
Event: 44.933 Thread 0x0000000008385800 Uncommon trap: reason=unstable_if action=reinterpret pc=0x000000000f4d9094 method=com.android.dx.rop.code.LocalItem.compareHandlesNulls(Lcom/android/dx/rop/cst/CstString;Lcom/android/dx/rop/cst/CstString;)I @ 14
Event: 45.078 Thread 0x000000000835d800 Uncommon trap: reason=bimorphic action=maybe_recompile pc=0x000000000f7af284 method=com.android.dx.cf.code.BytecodeArray.parseInstruction(ILcom/android/dx/cf/code/BytecodeArray$Visitor;)I @ 2484
Event: 45.078 Thread 0x000000000835d800 Uncommon trap: reason=bimorphic action=maybe_recompile pc=0x000000000f7af284 method=com.android.dx.cf.code.BytecodeArray.parseInstruction(ILcom/android/dx/cf/code/BytecodeArray$Visitor;)I @ 2484

Internal exceptions (7 events):
Event: 12.430 Thread 0x00000000030b0800 Exception <a 'java/lang/NoSuchMethodError': Method sun.misc.Unsafe.defineClass(Ljava/lang/String;[BII)Ljava/lang/Class; name or signature does not match> (0x00000000eab0d5a8) thrown at [C:\re\workspace\8-2-build-windows-amd64-cygwin\jdk8u45\3457\hotspot\sr‘íyäD)@
Event: 12.635 Thread 0x00000000030b0800 Exception <a 'java/lang/NoSuchMethodError': Method sun.misc.Unsafe.prefetchRead(Ljava/lang/Object;J)V name or signature does not match> (0x00000000eab0d838) thrown at [C:\re\workspace\8-2-build-windows-amd64-cygwin\jdk8u45\3457\hotspot\src\share\vm\prims\j±^Ñê6À@@
Event: 33.502 Thread 0x0000000008365000 Implicit null exception at 0x000000000f4b9a22 to 0x000000000f4b9b12
Event: 35.093 Thread 0x0000000008385800 Implicit null exception at 0x000000000f371e74 to 0x000000000f374d1d
Event: 44.932 Thread 0x0000000008385800 Implicit null exception at 0x000000000f76a3df to 0x000000000f76be75
Event: 44.932 Thread 0x0000000008385800 Implicit null exception at 0x000000000f5acd6c to 0x000000000f5adfcd
Event: 44.933 Thread 0x0000000008385800 Implicit null exception at 0x000000000f4d8f10 to 0x000000000f4d9081

Events (10 events):
Event: 44.966 Thread 0x0000000008365000 DEOPT PACKING pc=0x000000000f45e386 sp=0x0000000008bce560
Event: 44.966 Thread 0x0000000008365000 DEOPT UNPACKING pc=0x000000000f05787f sp=0x0000000008bce3a0 mode 0
Event: 45.078 Thread 0x000000000835d800 Uncommon trap: trap_request=0xffffffc6 fr.pc=0x000000000f7af284
Event: 45.078 Thread 0x000000000835d800 DEOPT PACKING pc=0x000000000f7af284 sp=0x00000000089ce630
Event: 45.078 Thread 0x000000000835d800 DEOPT UNPACKING pc=0x000000000f05582a sp=0x00000000089ce5d8 mode 2
Event: 45.078 Thread 0x000000000835d800 Uncommon trap: trap_request=0xffffffc6 fr.pc=0x000000000f7af284
Event: 45.078 Thread 0x000000000835d800 DEOPT PACKING pc=0x000000000f7af284 sp=0x00000000089ce710
Event: 45.078 Thread 0x000000000835d800 DEOPT UNPACKING pc=0x000000000f05582a sp=0x00000000089ce6b8 mode 2
Event: 45.102 Thread 0x000000000835d800 DEOPT PACKING pc=0x000000000f45e386 sp=0x00000000089ce4a0
Event: 45.102 Thread 0x000000000835d800 DEOPT UNPACKING pc=0x000000000f05787f sp=0x00000000089ce2e0 mode 0


Dynamic libraries:
0x00007ff6ca110000 - 0x00007ff6ca147000 	C:\Program Files\Java\jdk1.8.0_45\bin\java.exe
0x00007ffbcc5b0000 - 0x00007ffbcc75c000 	C:\Windows\SYSTEM32\ntdll.dll
0x00007ffbca940000 - 0x00007ffbcaa7e000 	C:\Windows\system32\KERNEL32.DLL
0x00007ffbc9b20000 - 0x00007ffbc9c35000 	C:\Windows\system32\KERNELBASE.dll
0x00007ffbc81a0000 - 0x00007ffbc822e000 	C:\Windows\system32\apphelp.dll
0x00007ffbc4e70000 - 0x00007ffbc4ec3000 	C:\Windows\AppPatch\AppPatch64\AcGenral.DLL
0x00007ffbc9fa0000 - 0x00007ffbca04a000 	C:\Windows\system32\msvcrt.dll
0x00007ffbc9510000 - 0x00007ffbc953e000 	C:\Windows\SYSTEM32\SspiCli.dll
0x00007ffbcc140000 - 0x00007ffbcc194000 	C:\Windows\system32\SHLWAPI.dll
0x00007ffbca4d0000 - 0x00007ffbca647000 	C:\Windows\system32\USER32.dll
0x00007ffbcaa80000 - 0x00007ffbcac14000 	C:\Windows\system32\ole32.dll
0x00007ffbcac20000 - 0x00007ffbcc139000 	C:\Windows\system32\SHELL32.dll
0x00007ffbc8c80000 - 0x00007ffbc8ca1000 	C:\Windows\SYSTEM32\USERENV.dll
0x00007ffbc9ef0000 - 0x00007ffbc9f9a000 	C:\Windows\system32\ADVAPI32.dll
0x00007ffbc1180000 - 0x00007ffbc119e000 	C:\Windows\SYSTEM32\MPR.dll
0x00007ffbca050000 - 0x00007ffbca191000 	C:\Windows\system32\RPCRT4.dll
0x00007ffbcc380000 - 0x00007ffbcc3d9000 	C:\Windows\SYSTEM32\sechost.dll
0x00007ffbc9c40000 - 0x00007ffbc9e51000 	C:\Windows\SYSTEM32\combase.dll
0x00007ffbca730000 - 0x00007ffbca880000 	C:\Windows\system32\GDI32.dll
0x00007ffbc9710000 - 0x00007ffbc9725000 	C:\Windows\SYSTEM32\profapi.dll
0x00007ffbc8230000 - 0x00007ffbc82e2000 	C:\Windows\SYSTEM32\SHCORE.dll
0x00007ffbca210000 - 0x00007ffbca246000 	C:\Windows\system32\IMM32.DLL
0x00007ffbcc440000 - 0x00007ffbcc592000 	C:\Windows\system32\MSCTF.dll
0x00007ffbc96d0000 - 0x00007ffbc96ff000 	C:\Windows\system32\nvinitx.dll
0x000000000f000000 - 0x000000000f006000 	C:\Program Files\NVIDIA Corporation\CoProcManager\detoured.dll
0x00007ffbc8140000 - 0x00007ffbc819f000 	C:\Program Files\NVIDIA Corporation\CoProcManager\nvd3d9wrapx.dll
0x00007ffbcc1a0000 - 0x00007ffbcc37a000 	C:\Windows\system32\SETUPAPI.dll
0x00007ffbc9ad0000 - 0x00007ffbc9b1f000 	C:\Windows\system32\CFGMGR32.dll
0x00007ffbc7d80000 - 0x00007ffbc7dc6000 	C:\Program Files\NVIDIA Corporation\CoProcManager\nvdxgiwrapx.dll
0x00007ffbc7a30000 - 0x00007ffbc7caa000 	C:\Windows\WinSxS\amd64_microsoft.windows.common-controls_6595b64144ccf1df_6.0.9600.17810_none_6240b9c7ecbd0bda\COMCTL32.dll
0x000000006f500000 - 0x000000006f5d2000 	C:\Program Files\Java\jdk1.8.0_45\jre\bin\msvcr100.dll
0x000000006ec70000 - 0x000000006f4f3000 	C:\Program Files\Java\jdk1.8.0_45\jre\bin\server\jvm.dll
0x00007ffbb8020000 - 0x00007ffbb8029000 	C:\Windows\SYSTEM32\WSOCK32.dll
0x00007ffbc7cb0000 - 0x00007ffbc7cd2000 	C:\Windows\SYSTEM32\WINMM.dll
0x00007ffbc7ce0000 - 0x00007ffbc7cea000 	C:\Windows\SYSTEM32\VERSION.dll
0x00007ffbc9e60000 - 0x00007ffbc9e67000 	C:\Windows\system32\PSAPI.DLL
0x00007ffbcc3e0000 - 0x00007ffbcc43a000 	C:\Windows\system32\WS2_32.dll
0x00007ffbc79c0000 - 0x00007ffbc79ea000 	C:\Windows\SYSTEM32\WINMMBASE.dll
0x00007ffbcc5a0000 - 0x00007ffbcc5a9000 	C:\Windows\system32\NSI.dll
0x00007ffbc84d0000 - 0x00007ffbc84f8000 	C:\Windows\SYSTEM32\DEVOBJ.dll
0x000000006ec60000 - 0x000000006ec6f000 	C:\Program Files\Java\jdk1.8.0_45\jre\bin\verify.dll
0x000000006ec30000 - 0x000000006ec59000 	C:\Program Files\Java\jdk1.8.0_45\jre\bin\java.dll
0x000000006ec10000 - 0x000000006ec26000 	C:\Program Files\Java\jdk1.8.0_45\jre\bin\zip.dll

VM Arguments:
jvm_args: -Djava.awt.headless=true -Xmx1024M -Dfile.encoding=windows-1252 -Duser.country=US -Duser.language=en -Duser.variant 
java_command: com.android.dx.command.Main --dex --force-jumbo --num-threads=4 --multi-dex --output D:\Android\GymApplication\app\build\intermediates\transforms\dex\debug\folders\1000\10\com.android.support-design-23.4.0_b981b9e53a9c654e9bb31a5acc8462e00de8e748 D:\Android\GymApplication\app\build\intermediates\exploded-aar\com.android.support\design\23.4.0\jars\classes.jar
java_class_path (initial): C:\Users\Admin\AppData\Local\Android\sdk\build-tools\23.0.3\lib\dx.jar
Launcher Type: SUN_STANDARD

Environment Variables:
PATH=C:\Program Files\Java\jdk1.8.0_45;C:\ProgramData\Oracle\Java\javapath;C:\Windows\system32;C:\Windows;C:\Windows\System32\Wbem;C:\Windows\System32\WindowsPowerShell\v1.0\;C:\Program Files\Microsoft\Web Platform Installer\;C:\Program Files (x86)\Microsoft ASP.NET\ASP.NET Web Pages\v1.0\;C:\Program Files (x86)\Windows Kits\8.0\Windows Performance Toolkit\;C:\Program Files\Microsoft SQL Server\110\Tools\Binn\;C:\Program Files (x86)\Microsoft SQL Server\100\Tools\Binn\;C:\Program Files\Microsoft SQL Server\100\Tools\Binn\;C:\Program Files\Microsoft SQL Server\100\DTS\Binn\;C:\Program Files (x86)\Microsoft SQL Server\100\Tools\Binn\VSShell\Common7\IDE\;C:\Program Files (x86)\Microsoft SQL Server\100\DTS\Binn\;C:\Program Files (x86)\Microsoft Visual Studio 9.0\Common7\IDE\PrivateAssemblies\;C:\Program Files (x86)\Common Files\lenovo\easyplussdk\bin
USERNAME=Admin
OS=Windows_NT
PROCESSOR_IDENTIFIER=Intel64 Family 6 Model 42 Stepping 7, GenuineIntel



---------------  S Y S T E M  ---------------

OS: Windows 8.1 , 64 bit Build 9600 (6.3.9600.17415)

CPU:total 4 (2 cores per cpu, 2 threads per core) family 6 model 42 stepping 7, cmov, cx8, fxsr, mmx, sse, sse2, sse3, ssse3, sse4.1, sse4.2, popcnt, avx, clmul, ht, tsc, tscinvbit

Memory: 4k page, physical 4103216k(418028k free), swap 7248944k(4296k free)

vm_info: Java HotSpot(TM) 64-Bit Server VM (25.45-b02) for windows-amd64 JRE (1.8.0_45-b14), built on Apr 10 2015 10:34:15 by "java_re" with MS VC++ 10.0 (VS2010)

time: Thu Aug 11 22:00:08 2016
elapsed time: 46 seconds (0d 0h 0m 46s)

