#
# There is insufficient memory for the Java Runtime Environment to continue.
# Native memory allocation (malloc) failed to allocate 1512816 bytes for Chunk::new
# Possible reasons:
#   The system is out of physical RAM or swap space
#   In 32 bit mode, the process size limit was hit
# Possible solutions:
#   Reduce memory load on the system
#   Increase physical memory or swap space
#   Check if swap backing store is full
#   Use 64 bit Java on a 64 bit OS
#   Decrease Java heap size (-Xmx/-Xms)
#   Decrease number of Java threads
#   Decrease Java thread stack sizes (-Xss)
#   Set larger code cache with -XX:ReservedCodeCacheSize=
# This output file may be truncated or incomplete.
#
#  Out of Memory Error (allocation.cpp:390), pid=1168, tid=1640
#
# JRE version: Java(TM) SE Runtime Environment (8.0_45-b14) (build 1.8.0_45-b14)
# Java VM: Java HotSpot(TM) 64-Bit Server VM (25.45-b02 mixed mode windows-amd64 compressed oops)
# Failed to write core dump. Minidumps are not enabled by default on client versions of Windows
#

---------------  T H R E A D  ---------------

Current thread (0x00000000065af000):  JavaThread "C2 CompilerThread1" daemon [_thread_in_native, id=1640, stack(0x0000000007c00000,0x0000000007d00000)]

Stack: [0x0000000007c00000,0x0000000007d00000]
Native frames: (J=compiled Java code, j=interpreted, Vv=VM code, C=native code)
V  [jvm.dll+0x32b57a]


Current CompileTask:
C2:  47244 1887   !   4       com.android.dx.cf.cst.ConstantPoolParser::parse0 (731 bytes)


---------------  P R O C E S S  ---------------

Java Threads: ( => current thread )
  0x0000000008132800 JavaThread "pool-2-thread-4" [_thread_blocked, id=6052, stack(0x0000000009000000,0x0000000009100000)]
  0x0000000008132000 JavaThread "pool-2-thread-3" [_thread_blocked, id=1148, stack(0x0000000008f00000,0x0000000009000000)]
  0x0000000008131000 JavaThread "pool-2-thread-2" [_thread_blocked, id=5116, stack(0x0000000008e00000,0x0000000008f00000)]
  0x00000000081fb800 JavaThread "pool-3-thread-1" [_thread_blocked, id=5700, stack(0x0000000008d00000,0x0000000008e00000)]
  0x00000000081f9000 JavaThread "pool-2-thread-1" [_thread_blocked, id=4896, stack(0x0000000008c00000,0x0000000008d00000)]
  0x00000000065ed000 JavaThread "Service Thread" daemon [_thread_blocked, id=5820, stack(0x0000000008200000,0x0000000008300000)]
  0x00000000065b2000 JavaThread "C1 CompilerThread2" daemon [_thread_in_vm, id=436, stack(0x0000000007d00000,0x0000000007e00000)]
=>0x00000000065af000 JavaThread "C2 CompilerThread1" daemon [_thread_in_native, id=1640, stack(0x0000000007c00000,0x0000000007d00000)]
  0x000000000659c000 JavaThread "C2 CompilerThread0" daemon [_thread_in_native, id=6972, stack(0x0000000007b00000,0x0000000007c00000)]
  0x0000000006597000 JavaThread "Attach Listener" daemon [_thread_blocked, id=5968, stack(0x0000000007a00000,0x0000000007b00000)]
  0x0000000006595800 JavaThread "Signal Dispatcher" daemon [_thread_blocked, id=6816, stack(0x0000000007900000,0x0000000007a00000)]
  0x0000000002eb6000 JavaThread "Finalizer" daemon [_thread_blocked, id=2848, stack(0x0000000007800000,0x0000000007900000)]
  0x0000000002ead800 JavaThread "Reference Handler" daemon [_thread_blocked, id=4652, stack(0x0000000007700000,0x0000000007800000)]
  0x0000000002dc0800 JavaThread "main" [_thread_blocked, id=4536, stack(0x0000000002cc0000,0x0000000002dc0000)]

Other Threads:
  0x0000000006557800 VMThread [stack: 0x0000000007600000,0x0000000007700000] [id=6912]
  0x00000000065ee800 WatcherThread [stack: 0x0000000008300000,0x0000000008400000] [id=2344]

VM state:synchronizing (normal execution)

VM Mutex/Monitor currently owned by a thread:  ([mutex/lock_event])
[0x0000000002bec190] Threads_lock - owner thread: 0x0000000006557800

Heap:
 PSYoungGen      total 72192K, used 43820K [0x00000000eab00000, 0x00000000efe00000, 0x0000000100000000)
  eden space 64000K, 55% used [0x00000000eab00000,0x00000000ecdce790,0x00000000ee980000)
  from space 8192K, 99% used [0x00000000ef300000,0x00000000efafcbf8,0x00000000efb00000)
  to   space 9728K, 0% used [0x00000000ee980000,0x00000000ee980000,0x00000000ef300000)
 ParOldGen       total 44032K, used 13520K [0x00000000c0000000, 0x00000000c2b00000, 0x00000000eab00000)
  object space 44032K, 30% used [0x00000000c0000000,0x00000000c0d340c8,0x00000000c2b00000)
 Metaspace       used 6299K, capacity 7158K, committed 7296K, reserved 1056768K
  class space    used 608K, capacity 622K, committed 640K, reserved 1048576K

Card table byte_map: [0x0000000003280000,0x0000000003490000] byte_map_base: 0x0000000002c80000

Marking Bits: (ParMarkBitMap*) 0x000000006f474040
 Begin Bits: [0x00000000039f0000, 0x00000000049f0000)
 End Bits:   [0x00000000049f0000, 0x00000000059f0000)

Polling page: 0x0000000002b90000

CodeCache: size=245760Kb used=8527Kb max_used=8550Kb free=237232Kb
 bounds [0x000000000f010000, 0x000000000f880000, 0x000000001e010000]
 total_blobs=2090 nmethods=1820 adapters=182
 compilation: enabled

Compilation events (10 events):
Event: 45.601 Thread 0x000000000659c000 1873       4       com.android.dx.rop.code.RegisterSpecList::set (7 bytes)
Event: 45.602 Thread 0x00000000065af000 nmethod 1875 0x000000000f85e290 code [0x000000000f85e400, 0x000000000f85ea98]
Event: 45.602 Thread 0x00000000065af000 1852       4       com.android.dx.ssa.InterferenceRegisterMapper::interferes (78 bytes)
Event: 45.603 Thread 0x000000000659c000 nmethod 1873 0x000000000f84f750 code [0x000000000f84f8a0, 0x000000000f84f9b8]
Event: 45.603 Thread 0x000000000659c000 1842       4       com.android.dx.rop.code.Rops::ropFor (771 bytes)
Event: 45.610 Thread 0x00000000065af000 nmethod 1852 0x000000000f851910 code [0x000000000f851a80, 0x000000000f851e08]
Event: 45.610 Thread 0x00000000065af000 1843       4       com.android.dx.rop.type.Prototype::<init> (67 bytes)
Event: 45.611 Thread 0x00000000065af000 nmethod 1843 0x000000000f85f2d0 code [0x000000000f85f400, 0x000000000f85f4f8]
Event: 45.613 Thread 0x00000000065af000 1887   !   4       com.android.dx.cf.cst.ConstantPoolParser::parse0 (731 bytes)
Event: 46.002 Thread 0x00000000065b2000 1893       3       java.util.concurrent.locks.AbstractQueuedSynchronizer::shouldParkAfterFailedAcquire (50 bytes)

GC Heap History (10 events):
Event: 33.902 GC heap before
{Heap before GC invocations=2 (full 0):
 PSYoungGen      total 18944K, used 18922K [0x00000000eab00000, 0x00000000ec000000, 0x0000000100000000)
  eden space 16384K, 100% used [0x00000000eab00000,0x00000000ebb00000,0x00000000ebb00000)
  from space 2560K, 99% used [0x00000000ebb00000,0x00000000ebd7aa60,0x00000000ebd80000)
  to   space 2560K, 0% used [0x00000000ebd80000,0x00000000ebd80000,0x00000000ec000000)
 ParOldGen       total 44032K, used 867K [0x00000000c0000000, 0x00000000c2b00000, 0x00000000eab00000)
  object space 44032K, 1% used [0x00000000c0000000,0x00000000c00d8d38,0x00000000c2b00000)
 Metaspace       used 5966K, capacity 6896K, committed 7040K, reserved 1056768K
  class space    used 592K, capacity 616K, committed 640K, reserved 1048576K
Event: 34.049 GC heap after
Heap after GC invocations=2 (full 0):
 PSYoungGen      total 18944K, used 2552K [0x00000000eab00000, 0x00000000ed000000, 0x0000000100000000)
  eden space 16384K, 0% used [0x00000000eab00000,0x00000000eab00000,0x00000000ebb00000)
  from space 2560K, 99% used [0x00000000ebd80000,0x00000000ebffe2d8,0x00000000ec000000)
  to   space 2560K, 0% used [0x00000000ebb00000,0x00000000ebb00000,0x00000000ebd80000)
 ParOldGen       total 44032K, used 2464K [0x00000000c0000000, 0x00000000c2b00000, 0x00000000eab00000)
  object space 44032K, 5% used [0x00000000c0000000,0x00000000c0268178,0x00000000c2b00000)
 Metaspace       used 5966K, capacity 6896K, committed 7040K, reserved 1056768K
  class space    used 592K, capacity 616K, committed 640K, reserved 1048576K
}
Event: 35.751 GC heap before
{Heap before GC invocations=3 (full 0):
 PSYoungGen      total 18944K, used 18936K [0x00000000eab00000, 0x00000000ed000000, 0x0000000100000000)
  eden space 16384K, 100% used [0x00000000eab00000,0x00000000ebb00000,0x00000000ebb00000)
  from space 2560K, 99% used [0x00000000ebd80000,0x00000000ebffe2d8,0x00000000ec000000)
  to   space 2560K, 0% used [0x00000000ebb00000,0x00000000ebb00000,0x00000000ebd80000)
 ParOldGen       total 44032K, used 2464K [0x00000000c0000000, 0x00000000c2b00000, 0x00000000eab00000)
  object space 44032K, 5% used [0x00000000c0000000,0x00000000c0268178,0x00000000c2b00000)
 Metaspace       used 6110K, capacity 7024K, committed 7296K, reserved 1056768K
  class space    used 592K, capacity 616K, committed 640K, reserved 1048576K
Event: 35.874 GC heap after
Heap after GC invocations=3 (full 0):
 PSYoungGen      total 18944K, used 2534K [0x00000000eab00000, 0x00000000ed000000, 0x0000000100000000)
  eden space 16384K, 0% used [0x00000000eab00000,0x00000000eab00000,0x00000000ebb00000)
  from space 2560K, 99% used [0x00000000ebb00000,0x00000000ebd79b08,0x00000000ebd80000)
  to   space 2560K, 0% used [0x00000000ecd80000,0x00000000ecd80000,0x00000000ed000000)
 ParOldGen       total 44032K, used 5262K [0x00000000c0000000, 0x00000000c2b00000, 0x00000000eab00000)
  object space 44032K, 11% used [0x00000000c0000000,0x00000000c05239b0,0x00000000c2b00000)
 Metaspace       used 6110K, capacity 7024K, committed 7296K, reserved 1056768K
  class space    used 592K, capacity 616K, committed 640K, reserved 1048576K
}
Event: 36.894 GC heap before
{Heap before GC invocations=4 (full 0):
 PSYoungGen      total 18944K, used 18918K [0x00000000eab00000, 0x00000000ed000000, 0x0000000100000000)
  eden space 16384K, 100% used [0x00000000eab00000,0x00000000ebb00000,0x00000000ebb00000)
  from space 2560K, 99% used [0x00000000ebb00000,0x00000000ebd79b08,0x00000000ebd80000)
  to   space 2560K, 0% used [0x00000000ecd80000,0x00000000ecd80000,0x00000000ed000000)
 ParOldGen       total 44032K, used 5262K [0x00000000c0000000, 0x00000000c2b00000, 0x00000000eab00000)
  object space 44032K, 11% used [0x00000000c0000000,0x00000000c05239b0,0x00000000c2b00000)
 Metaspace       used 6153K, capacity 7088K, committed 7296K, reserved 1056768K
  class space    used 592K, capacity 616K, committed 640K, reserved 1048576K
Event: 37.129 GC heap after
Heap after GC invocations=4 (full 0):
 PSYoungGen      total 35328K, used 2553K [0x00000000eab00000, 0x00000000ed000000, 0x0000000100000000)
  eden space 32768K, 0% used [0x00000000eab00000,0x00000000eab00000,0x00000000ecb00000)
  from space 2560K, 99% used [0x00000000ecd80000,0x00000000ecffe448,0x00000000ed000000)
  to   space 2560K, 0% used [0x00000000ecb00000,0x00000000ecb00000,0x00000000ecd80000)
 ParOldGen       total 44032K, used 8269K [0x00000000c0000000, 0x00000000c2b00000, 0x00000000eab00000)
  object space 44032K, 18% used [0x00000000c0000000,0x00000000c0813468,0x00000000c2b00000)
 Metaspace       used 6153K, capacity 7088K, committed 7296K, reserved 1056768K
  class space    used 592K, capacity 616K, committed 640K, reserved 1048576K
}
Event: 41.721 GC heap before
{Heap before GC invocations=5 (full 0):
 PSYoungGen      total 35328K, used 35321K [0x00000000eab00000, 0x00000000ed000000, 0x0000000100000000)
  eden space 32768K, 100% used [0x00000000eab00000,0x00000000ecb00000,0x00000000ecb00000)
  from space 2560K, 99% used [0x00000000ecd80000,0x00000000ecffe448,0x00000000ed000000)
  to   space 2560K, 0% used [0x00000000ecb00000,0x00000000ecb00000,0x00000000ecd80000)
 ParOldGen       total 44032K, used 8269K [0x00000000c0000000, 0x00000000c2b00000, 0x00000000eab00000)
  object space 44032K, 18% used [0x00000000c0000000,0x00000000c0813468,0x00000000c2b00000)
 Metaspace       used 6211K, capacity 7152K, committed 7296K, reserved 1056768K
  class space    used 592K, capacity 616K, committed 640K, reserved 1048576K
Event: 42.734 GC heap after
Heap after GC invocations=5 (full 0):
 PSYoungGen      total 35328K, used 2553K [0x00000000eab00000, 0x00000000efb00000, 0x0000000100000000)
  eden space 32768K, 0% used [0x00000000eab00000,0x00000000eab00000,0x00000000ecb00000)
  from space 2560K, 99% used [0x00000000ecb00000,0x00000000ecd7e448,0x00000000ecd80000)
  to   space 8192K, 0% used [0x00000000ef300000,0x00000000ef300000,0x00000000efb00000)
 ParOldGen       total 44032K, used 13405K [0x00000000c0000000, 0x00000000c2b00000, 0x00000000eab00000)
  object space 44032K, 30% used [0x00000000c0000000,0x00000000c0d17610,0x00000000c2b00000)
 Metaspace       used 6211K, capacity 7152K, committed 7296K, reserved 1056768K
  class space    used 592K, capacity 616K, committed 640K, reserved 1048576K
}
Event: 44.528 GC heap before
{Heap before GC invocations=6 (full 0):
 PSYoungGen      total 35328K, used 35321K [0x00000000eab00000, 0x00000000efb00000, 0x0000000100000000)
  eden space 32768K, 100% used [0x00000000eab00000,0x00000000ecb00000,0x00000000ecb00000)
  from space 2560K, 99% used [0x00000000ecb00000,0x00000000ecd7e448,0x00000000ecd80000)
  to   space 8192K, 0% used [0x00000000ef300000,0x00000000ef300000,0x00000000efb00000)
 ParOldGen       total 44032K, used 13405K [0x00000000c0000000, 0x00000000c2b00000, 0x00000000eab00000)
  object space 44032K, 30% used [0x00000000c0000000,0x00000000c0d17610,0x00000000c2b00000)
 Metaspace       used 6243K, capacity 7152K, committed 7296K, reserved 1056768K
  class space    used 593K, capacity 616K, committed 640K, reserved 1048576K
Event: 45.489 GC heap after
Heap after GC invocations=6 (full 0):
 PSYoungGen      total 72192K, used 8178K [0x00000000eab00000, 0x00000000efe00000, 0x0000000100000000)
  eden space 64000K, 0% used [0x00000000eab00000,0x00000000eab00000,0x00000000ee980000)
  from space 8192K, 99% used [0x00000000ef300000,0x00000000efafcbf8,0x00000000efb00000)
  to   space 9728K, 0% used [0x00000000ee980000,0x00000000ee980000,0x00000000ef300000)
 ParOldGen       total 44032K, used 13520K [0x00000000c0000000, 0x00000000c2b00000, 0x00000000eab00000)
  object space 44032K, 30% used [0x00000000c0000000,0x00000000c0d340c8,0x00000000c2b00000)
 Metaspace       used 6243K, capacity 7152K, committed 7296K, reserved 1056768K
  class space    used 593K, capacity 616K, committed 640K, reserved 1048576K
}

Deoptimization events (10 events):
Event: 39.653 Thread 0x00000000081f9000 Uncommon trap: reason=class_check action=maybe_recompile pc=0x000000000f72a224 method=com.android.dx.cf.code.BytecodeArray.parseInstruction(ILcom/android/dx/cf/code/BytecodeArray$Visitor;)I @ 2253
Event: 39.653 Thread 0x00000000081f9000 Uncommon trap: reason=class_check action=maybe_recompile pc=0x000000000f72a224 method=com.android.dx.cf.code.BytecodeArray.parseInstruction(ILcom/android/dx/cf/code/BytecodeArray$Visitor;)I @ 2253
Event: 39.669 Thread 0x00000000081f9000 Uncommon trap: reason=unstable_if action=reinterpret pc=0x000000000f5a1fb4 method=com.android.dx.ssa.SCCP.simulateStmt(Lcom/android/dx/ssa/SsaInsn;)V @ 53
Event: 40.910 Thread 0x0000000008131000 Uncommon trap: reason=unstable_if action=reinterpret pc=0x000000000f768e10 method=com.android.dx.cf.code.Ropper.processBlock(Lcom/android/dx/cf/code/ByteBlock;Lcom/android/dx/cf/code/Frame;[I)V @ 413
Event: 40.910 Thread 0x0000000008131000 Uncommon trap: reason=unstable_if action=reinterpret pc=0x000000000f45c5bc method=com.android.dx.util.IntList.binarysearch(I)I @ 105
Event: 40.910 Thread 0x0000000008131000 Uncommon trap: reason=unstable_if action=reinterpret pc=0x000000000f6fb52c method=com.android.dx.ssa.SsaBasicBlock.newFromRop(Lcom/android/dx/rop/code/RopMethod;ILcom/android/dx/ssa/SsaMethod;)Lcom/android/dx/ssa/SsaBasicBlock; @ 164
Event: 42.970 Thread 0x00000000081f9000 Uncommon trap: reason=class_check action=maybe_recompile pc=0x000000000f79ec28 method=com.android.dx.cf.code.BytecodeArray.parseInstruction(ILcom/android/dx/cf/code/BytecodeArray$Visitor;)I @ 1612
Event: 42.970 Thread 0x00000000081f9000 Uncommon trap: reason=class_check action=maybe_recompile pc=0x000000000f79ec28 method=com.android.dx.cf.code.BytecodeArray.parseInstruction(ILcom/android/dx/cf/code/BytecodeArray$Visitor;)I @ 1612
Event: 42.973 Thread 0x0000000008132800 Uncommon trap: reason=unstable_if action=reinterpret pc=0x000000000f63a678 method=com.android.dx.ssa.LiteralOpUpgrader$1.visitNonMoveInsn(Lcom/android/dx/ssa/NormalSsaInsn;)V @ 55
Event: 42.974 Thread 0x0000000008132800 Uncommon trap: reason=unstable_if action=reinterpret pc=0x000000000f44a81c method=com.android.dx.ssa.SsaMethod.updateOneDefinition(Lcom/android/dx/ssa/SsaInsn;Lcom/android/dx/rop/code/RegisterSpec;)V @ 4

Internal exceptions (2 events):
Event: 12.433 Thread 0x0000000002dc0800 Exception <a 'java/lang/NoSuchMethodError': Method sun.misc.Unsafe.defineClass(Ljava/lang/String;[BII)Ljava/lang/Class; name or signature does not match> (0x00000000eab0d648) thrown at [C:\re\workspace\8-2-build-windows-amd64-cygwin\jdk8u45\3457\hotspot\srvýjrF)@
Event: 12.638 Thread 0x0000000002dc0800 Exception <a 'java/lang/NoSuchMethodError': Method sun.misc.Unsafe.prefetchRead(Ljava/lang/Object;J)V name or signature does not match> (0x00000000eab0d8d8) thrown at [C:\re\workspace\8-2-build-windows-amd64-cygwin\jdk8u45\3457\hotspot\src\share\vm\prims\j

Events (10 events):
Event: 45.537 Thread 0x0000000008132000 DEOPT PACKING pc=0x000000000f48b099 sp=0x0000000008ffec20
Event: 45.537 Thread 0x0000000008132000 DEOPT UNPACKING pc=0x000000000f05787f sp=0x0000000008ffea50 mode 0
Event: 45.548 Thread 0x0000000008131000 DEOPT PACKING pc=0x000000000f707ca2 sp=0x0000000008efee80
Event: 45.548 Thread 0x0000000008131000 DEOPT UNPACKING pc=0x000000000f05787f sp=0x0000000008efeba0 mode 0
Event: 46.010 Thread 0x0000000008131000 DEOPT PACKING pc=0x000000000f492bf1 sp=0x0000000008efee60
Event: 46.010 Thread 0x0000000008131000 DEOPT UNPACKING pc=0x000000000f05787f sp=0x0000000008efebf0 mode 0
Event: 46.018 Thread 0x00000000081f9000 DEOPT PACKING pc=0x000000000f48b099 sp=0x0000000008cfe730
Event: 46.018 Thread 0x00000000081f9000 DEOPT UNPACKING pc=0x000000000f05787f sp=0x0000000008cfe560 mode 0
Event: 46.021 Thread 0x0000000008131000 DEOPT PACKING pc=0x000000000f3f810a sp=0x0000000008efea00
Event: 46.021 Thread 0x0000000008131000 DEOPT UNPACKING pc=0x000000000f05787f sp=0x0000000008efe840 mode 0


Dynamic libraries:
0x00007ff6ca110000 - 0x00007ff6ca147000 	C:\Program Files\Java\jdk1.8.0_45\bin\java.exe
0x00007ffbcc5b0000 - 0x00007ffbcc75c000 	C:\Windows\SYSTEM32\ntdll.dll
0x00007ffbca940000 - 0x00007ffbcaa7e000 	C:\Windows\system32\KERNEL32.DLL
0x00007ffbc9b20000 - 0x00007ffbc9c35000 	C:\Windows\system32\KERNELBASE.dll
0x00007ffbc81a0000 - 0x00007ffbc822e000 	C:\Windows\system32\apphelp.dll
0x00007ffbc4e70000 - 0x00007ffbc4ec3000 	C:\Windows\AppPatch\AppPatch64\AcGenral.DLL
0x00007ffbc9fa0000 - 0x00007ffbca04a000 	C:\Windows\system32\msvcrt.dll
0x00007ffbc9510000 - 0x00007ffbc953e000 	C:\Windows\SYSTEM32\SspiCli.dll
0x00007ffbcc140000 - 0x00007ffbcc194000 	C:\Windows\system32\SHLWAPI.dll
0x00007ffbca4d0000 - 0x00007ffbca647000 	C:\Windows\system32\USER32.dll
0x00007ffbcaa80000 - 0x00007ffbcac14000 	C:\Windows\system32\ole32.dll
0x00007ffbcac20000 - 0x00007ffbcc139000 	C:\Windows\system32\SHELL32.dll
0x00007ffbc8c80000 - 0x00007ffbc8ca1000 	C:\Windows\SYSTEM32\USERENV.dll
0x00007ffbc9ef0000 - 0x00007ffbc9f9a000 	C:\Windows\system32\ADVAPI32.dll
0x00007ffbc1180000 - 0x00007ffbc119e000 	C:\Windows\SYSTEM32\MPR.dll
0x00007ffbca050000 - 0x00007ffbca191000 	C:\Windows\system32\RPCRT4.dll
0x00007ffbcc380000 - 0x00007ffbcc3d9000 	C:\Windows\SYSTEM32\sechost.dll
0x00007ffbc9c40000 - 0x00007ffbc9e51000 	C:\Windows\SYSTEM32\combase.dll
0x00007ffbca730000 - 0x00007ffbca880000 	C:\Windows\system32\GDI32.dll
0x00007ffbc9710000 - 0x00007ffbc9725000 	C:\Windows\SYSTEM32\profapi.dll
0x00007ffbc8230000 - 0x00007ffbc82e2000 	C:\Windows\SYSTEM32\SHCORE.dll
0x00007ffbca210000 - 0x00007ffbca246000 	C:\Windows\system32\IMM32.DLL
0x00007ffbcc440000 - 0x00007ffbcc592000 	C:\Windows\system32\MSCTF.dll
0x00007ffbc96d0000 - 0x00007ffbc96ff000 	C:\Windows\system32\nvinitx.dll
0x000000000f000000 - 0x000000000f006000 	C:\Program Files\NVIDIA Corporation\CoProcManager\detoured.dll
0x00007ffbc8140000 - 0x00007ffbc819f000 	C:\Program Files\NVIDIA Corporation\CoProcManager\nvd3d9wrapx.dll
0x00007ffbcc1a0000 - 0x00007ffbcc37a000 	C:\Windows\system32\SETUPAPI.dll
0x00007ffbc9ad0000 - 0x00007ffbc9b1f000 	C:\Windows\system32\CFGMGR32.dll
0x00007ffbc7d80000 - 0x00007ffbc7dc6000 	C:\Program Files\NVIDIA Corporation\CoProcManager\nvdxgiwrapx.dll
0x00007ffbc7a30000 - 0x00007ffbc7caa000 	C:\Windows\WinSxS\amd64_microsoft.windows.common-controls_6595b64144ccf1df_6.0.9600.17810_none_6240b9c7ecbd0bda\COMCTL32.dll
0x000000006f500000 - 0x000000006f5d2000 	C:\Program Files\Java\jdk1.8.0_45\jre\bin\msvcr100.dll
0x000000006ec70000 - 0x000000006f4f3000 	C:\Program Files\Java\jdk1.8.0_45\jre\bin\server\jvm.dll
0x00007ffbb8020000 - 0x00007ffbb8029000 	C:\Windows\SYSTEM32\WSOCK32.dll
0x00007ffbc7cb0000 - 0x00007ffbc7cd2000 	C:\Windows\SYSTEM32\WINMM.dll
0x00007ffbc7ce0000 - 0x00007ffbc7cea000 	C:\Windows\SYSTEM32\VERSION.dll
0x00007ffbc9e60000 - 0x00007ffbc9e67000 	C:\Windows\system32\PSAPI.DLL
0x00007ffbcc3e0000 - 0x00007ffbcc43a000 	C:\Windows\system32\WS2_32.dll
0x00007ffbc79c0000 - 0x00007ffbc79ea000 	C:\Windows\SYSTEM32\WINMMBASE.dll
0x00007ffbcc5a0000 - 0x00007ffbcc5a9000 	C:\Windows\system32\NSI.dll
0x00007ffbc84d0000 - 0x00007ffbc84f8000 	C:\Windows\SYSTEM32\DEVOBJ.dll
0x000000006ec60000 - 0x000000006ec6f000 	C:\Program Files\Java\jdk1.8.0_45\jre\bin\verify.dll
0x000000006ec30000 - 0x000000006ec59000 	C:\Program Files\Java\jdk1.8.0_45\jre\bin\java.dll
0x000000006ec10000 - 0x000000006ec26000 	C:\Program Files\Java\jdk1.8.0_45\jre\bin\zip.dll

VM Arguments:
jvm_args: -Djava.awt.headless=true -Xmx1024M -Dfile.encoding=windows-1252 -Duser.country=US -Duser.language=en -Duser.variant 
java_command: com.android.dx.command.Main --dex --force-jumbo --num-threads=4 --multi-dex --output D:\Android\GymApplication\app\build\intermediates\transforms\dex\debug\folders\1000\10\com.android.support-appcompat-v7-23.4.0_708e36039fe968d558df53b371752f75f4d4c929 D:\Android\GymApplication\app\build\intermediates\exploded-aar\com.android.support\appcompat-v7\23.4.0\jars\classes.jar
java_class_path (initial): C:\Users\Admin\AppData\Local\Android\sdk\build-tools\23.0.3\lib\dx.jar
Launcher Type: SUN_STANDARD

Environment Variables:
PATH=C:\Program Files\Java\jdk1.8.0_45;C:\ProgramData\Oracle\Java\javapath;C:\Windows\system32;C:\Windows;C:\Windows\System32\Wbem;C:\Windows\System32\WindowsPowerShell\v1.0\;C:\Program Files\Microsoft\Web Platform Installer\;C:\Program Files (x86)\Microsoft ASP.NET\ASP.NET Web Pages\v1.0\;C:\Program Files (x86)\Windows Kits\8.0\Windows Performance Toolkit\;C:\Program Files\Microsoft SQL Server\110\Tools\Binn\;C:\Program Files (x86)\Microsoft SQL Server\100\Tools\Binn\;C:\Program Files\Microsoft SQL Server\100\Tools\Binn\;C:\Program Files\Microsoft SQL Server\100\DTS\Binn\;C:\Program Files (x86)\Microsoft SQL Server\100\Tools\Binn\VSShell\Common7\IDE\;C:\Program Files (x86)\Microsoft SQL Server\100\DTS\Binn\;C:\Program Files (x86)\Microsoft Visual Studio 9.0\Common7\IDE\PrivateAssemblies\;C:\Program Files (x86)\Common Files\lenovo\easyplussdk\bin
USERNAME=Admin
OS=Windows_NT
PROCESSOR_IDENTIFIER=Intel64 Family 6 Model 42 Stepping 7, GenuineIntel



---------------  S Y S T E M  ---------------

OS: Windows 8.1 , 64 bit Build 9600 (6.3.9600.17415)

CPU:total 4 (2 cores per cpu, 2 threads per core) family 6 model 42 stepping 7, cmov, cx8, fxsr, mmx, sse, sse2, sse3, ssse3, sse4.1, sse4.2, popcnt, avx, clmul, ht, tsc, tscinvbit

Memory: 4k page, physical 4103216k(398772k free), swap 7248944k(3920k free)

vm_info: Java HotSpot(TM) 64-Bit Server VM (25.45-b02) for windows-amd64 JRE (1.8.0_45-b14), built on Apr 10 2015 10:34:15 by "java_re" with MS VC++ 10.0 (VS2010)

time: Thu Aug 11 22:00:09 2016
elapsed time: 47 seconds (0d 0h 0m 47s)

