#
# There is insufficient memory for the Java Runtime Environment to continue.
# Native memory allocation (malloc) failed to allocate 62000 bytes for Chunk::new
# Possible reasons:
#   The system is out of physical RAM or swap space
#   In 32 bit mode, the process size limit was hit
# Possible solutions:
#   Reduce memory load on the system
#   Increase physical memory or swap space
#   Check if swap backing store is full
#   Use 64 bit Java on a 64 bit OS
#   Decrease Java heap size (-Xmx/-Xms)
#   Decrease number of Java threads
#   Decrease Java thread stack sizes (-Xss)
#   Set larger code cache with -XX:ReservedCodeCacheSize=
# This output file may be truncated or incomplete.
#
#  Out of Memory Error (allocation.cpp:390), pid=5160, tid=2360
#
# JRE version: Java(TM) SE Runtime Environment (8.0_45-b14) (build 1.8.0_45-b14)
# Java VM: Java HotSpot(TM) 64-Bit Server VM (25.45-b02 mixed mode windows-amd64 compressed oops)
# Failed to write core dump. Minidumps are not enabled by default on client versions of Windows
#

---------------  T H R E A D  ---------------

Current thread (0x0000000005faa000):  JavaThread "C2 CompilerThread1" daemon [_thread_in_native, id=2360, stack(0x0000000007610000,0x0000000007710000)]

Stack: [0x0000000007610000,0x0000000007710000]
Native frames: (J=compiled Java code, j=interpreted, Vv=VM code, C=native code)
V  [jvm.dll+0x32b57a]
V  [jvm.dll+0x279873]
V  [jvm.dll+0x27a509]
V  [jvm.dll+0x271825]
V  [jvm.dll+0xcb9e2]
V  [jvm.dll+0xcbeac]
V  [jvm.dll+0x464342]
V  [jvm.dll+0x4d9490]
V  [jvm.dll+0x4dc0bb]
V  [jvm.dll+0x46a551]
V  [jvm.dll+0x46cd52]
V  [jvm.dll+0x4500f2]
V  [jvm.dll+0xa4352]
V  [jvm.dll+0xa4c8f]
V  [jvm.dll+0x241984]
V  [jvm.dll+0x29853a]
C  [msvcr100.dll+0x21d9f]
C  [msvcr100.dll+0x21e3b]
C  [KERNEL32.DLL+0x13d2]
C  [ntdll.dll+0x15454]


Current CompileTask:
C2: 136595 2333       4       com.android.dx.ssa.back.SsaToRop$PhiVisitor::visitPhiInsn (67 bytes)


---------------  P R O C E S S  ---------------

Java Threads: ( => current thread )
  0x000000000600e800 JavaThread "Service Thread" daemon [_thread_blocked, id=1836, stack(0x0000000007c10000,0x0000000007d10000)]
  0x0000000005fb3000 JavaThread "C1 CompilerThread2" daemon [_thread_in_native, id=5520, stack(0x0000000007710000,0x0000000007810000)]
=>0x0000000005faa000 JavaThread "C2 CompilerThread1" daemon [_thread_in_native, id=2360, stack(0x0000000007610000,0x0000000007710000)]
  0x0000000005fb8800 JavaThread "C2 CompilerThread0" daemon [_thread_in_native, id=1784, stack(0x0000000007510000,0x0000000007610000)]
  0x0000000005fb7000 JavaThread "Attach Listener" daemon [_thread_blocked, id=3560, stack(0x0000000007410000,0x0000000007510000)]
  0x0000000005fb5800 JavaThread "Signal Dispatcher" daemon [_thread_blocked, id=4788, stack(0x0000000007310000,0x0000000007410000)]
  0x00000000028d0800 JavaThread "Finalizer" daemon [_thread_blocked, id=3568, stack(0x0000000007210000,0x0000000007310000)]
  0x00000000028cd000 JavaThread "Reference Handler" daemon [_thread_blocked, id=6132, stack(0x0000000007110000,0x0000000007210000)]
  0x00000000027e0800 JavaThread "main" [_thread_in_Java, id=2480, stack(0x0000000002610000,0x0000000002710000)]

Other Threads:
  0x0000000005f77800 VMThread [stack: 0x0000000007010000,0x0000000007110000] [id=5580]
  0x0000000007837800 WatcherThread [stack: 0x0000000007d10000,0x0000000007e10000] [id=1576]

VM state:not at safepoint (normal execution)

VM Mutex/Monitor currently owned by a thread: None

Heap:
 PSYoungGen      total 177152K, used 153361K [0x00000000eab00000, 0x00000000ffa00000, 0x0000000100000000)
  eden space 116736K, 79% used [0x00000000eab00000,0x00000000f0603720,0x00000000f1d00000)
  from space 60416K, 99% used [0x00000000f1d00000,0x00000000f57c0e78,0x00000000f5800000)
  to   space 113152K, 0% used [0x00000000f8b80000,0x00000000f8b80000,0x00000000ffa00000)
 ParOldGen       total 699392K, used 485137K [0x00000000c0000000, 0x00000000eab00000, 0x00000000eab00000)
  object space 699392K, 69% used [0x00000000c0000000,0x00000000dd9c4470,0x00000000eab00000)
 Metaspace       used 6265K, capacity 7152K, committed 7296K, reserved 1056768K
  class space    used 599K, capacity 616K, committed 640K, reserved 1048576K

Card table byte_map: [0x0000000002ca0000,0x0000000002eb0000] byte_map_base: 0x00000000026a0000

Marking Bits: (ParMarkBitMap*) 0x0000000073254040
 Begin Bits: [0x0000000003410000, 0x0000000004410000)
 End Bits:   [0x0000000004410000, 0x0000000005410000)

Polling page: 0x00000000008e0000

CodeCache: size=245760Kb used=7744Kb max_used=9726Kb free=238016Kb
 bounds [0x000000000f010000, 0x000000000f9a0000, 0x000000001e010000]
 total_blobs=2008 nmethods=1738 adapters=182
 compilation: enabled

Compilation events (10 events):
Event: 104.818 Thread 0x0000000005fb3000 nmethod 2329 0x000000000f5e8b50 code [0x000000000f5e8d40, 0x000000000f5e9618]
Event: 104.818 Thread 0x0000000005fb3000 2330       3       com.android.dx.cf.attrib.InnerClassList$Item::<init> (40 bytes)
Event: 104.819 Thread 0x0000000005fb3000 nmethod 2330 0x000000000f634510 code [0x000000000f634680, 0x000000000f634968]
Event: 105.080 Thread 0x0000000005fb8800 2331       4       com.android.dx.ssa.SsaMethod::onSourcesChanged (69 bytes)
Event: 105.083 Thread 0x0000000005fb3000 2332       3       com.android.dx.cf.attrib.InnerClassList::get (9 bytes)
Event: 105.084 Thread 0x0000000005fb3000 nmethod 2332 0x000000000f418b10 code [0x000000000f418c80, 0x000000000f418f68]
Event: 105.162 Thread 0x0000000005fb8800 nmethod 2331 0x000000000f374550 code [0x000000000f3746e0, 0x000000000f375118]
Event: 105.721 Thread 0x0000000005faa000 2333       4       com.android.dx.ssa.back.SsaToRop$PhiVisitor::visitPhiInsn (67 bytes)
Event: 105.768 Thread 0x0000000005fb8800 2334       4       com.android.dx.rop.type.Type::compareTo (9 bytes)
Event: 105.772 Thread 0x0000000005fb8800 nmethod 2334 0x000000000f390ad0 code [0x000000000f390c20, 0x000000000f390d98]

GC Heap History (10 events):
Event: 97.902 GC heap after
Heap after GC invocations=45 (full 6):
 PSYoungGen      total 174592K, used 57599K [0x00000000eab00000, 0x00000000ff780000, 0x0000000100000000)
  eden space 116736K, 0% used [0x00000000eab00000,0x00000000eab00000,0x00000000f1d00000)
  from space 57856K, 99% used [0x00000000f1d00000,0x00000000f553fc40,0x00000000f5580000)
  to   space 111104K, 0% used [0x00000000f8b00000,0x00000000f8b00000,0x00000000ff780000)
 ParOldGen       total 482304K, used 376402K [0x00000000c0000000, 0x00000000dd700000, 0x00000000eab00000)
  object space 482304K, 78% used [0x00000000c0000000,0x00000000d6f948a0,0x00000000dd700000)
 Metaspace       used 6119K, capacity 7088K, committed 7296K, reserved 1056768K
  class space    used 584K, capacity 616K, committed 640K, reserved 1048576K
}
Event: 100.155 GC heap before
{Heap before GC invocations=46 (full 6):
 PSYoungGen      total 174592K, used 174335K [0x00000000eab00000, 0x00000000ff780000, 0x0000000100000000)
  eden space 116736K, 100% used [0x00000000eab00000,0x00000000f1d00000,0x00000000f1d00000)
  from space 57856K, 99% used [0x00000000f1d00000,0x00000000f553fc40,0x00000000f5580000)
  to   space 111104K, 0% used [0x00000000f8b00000,0x00000000f8b00000,0x00000000ff780000)
 ParOldGen       total 482304K, used 376402K [0x00000000c0000000, 0x00000000dd700000, 0x00000000eab00000)
  object space 482304K, 78% used [0x00000000c0000000,0x00000000d6f948a0,0x00000000dd700000)
 Metaspace       used 6119K, capacity 7088K, committed 7296K, reserved 1056768K
  class space    used 584K, capacity 616K, committed 640K, reserved 1048576K
Event: 100.392 GC heap after
Heap after GC invocations=46 (full 6):
 PSYoungGen      total 230400K, used 66580K [0x00000000eab00000, 0x00000000fff00000, 0x0000000100000000)
  eden space 119296K, 0% used [0x00000000eab00000,0x00000000eab00000,0x00000000f1f80000)
  from space 111104K, 59% used [0x00000000f8b00000,0x00000000fcc05068,0x00000000ff780000)
  to   space 110080K, 0% used [0x00000000f1f80000,0x00000000f1f80000,0x00000000f8b00000)
 ParOldGen       total 482304K, used 376402K [0x00000000c0000000, 0x00000000dd700000, 0x00000000eab00000)
  object space 482304K, 78% used [0x00000000c0000000,0x00000000d6f948a0,0x00000000dd700000)
 Metaspace       used 6119K, capacity 7088K, committed 7296K, reserved 1056768K
  class space    used 584K, capacity 616K, committed 640K, reserved 1048576K
}
Event: 102.819 GC heap before
{Heap before GC invocations=47 (full 6):
 PSYoungGen      total 230400K, used 185876K [0x00000000eab00000, 0x00000000fff00000, 0x0000000100000000)
  eden space 119296K, 100% used [0x00000000eab00000,0x00000000f1f80000,0x00000000f1f80000)
  from space 111104K, 59% used [0x00000000f8b00000,0x00000000fcc05068,0x00000000ff780000)
  to   space 110080K, 0% used [0x00000000f1f80000,0x00000000f1f80000,0x00000000f8b00000)
 ParOldGen       total 482304K, used 376402K [0x00000000c0000000, 0x00000000dd700000, 0x00000000eab00000)
  object space 482304K, 78% used [0x00000000c0000000,0x00000000d6f948a0,0x00000000dd700000)
 Metaspace       used 6119K, capacity 7088K, committed 7296K, reserved 1056768K
  class space    used 584K, capacity 616K, committed 640K, reserved 1048576K
Event: 103.096 GC heap after
Heap after GC invocations=47 (full 6):
 PSYoungGen      total 229376K, used 76657K [0x00000000eab00000, 0x0000000100000000, 0x0000000100000000)
  eden space 119296K, 0% used [0x00000000eab00000,0x00000000eab00000,0x00000000f1f80000)
  from space 110080K, 69% used [0x00000000f1f80000,0x00000000f6a5c7c8,0x00000000f8b00000)
  to   space 112640K, 0% used [0x00000000f9200000,0x00000000f9200000,0x0000000100000000)
 ParOldGen       total 482304K, used 376402K [0x00000000c0000000, 0x00000000dd700000, 0x00000000eab00000)
  object space 482304K, 78% used [0x00000000c0000000,0x00000000d6f948a0,0x00000000dd700000)
 Metaspace       used 6119K, capacity 7088K, committed 7296K, reserved 1056768K
  class space    used 584K, capacity 616K, committed 640K, reserved 1048576K
}
Event: 104.382 GC heap before
{Heap before GC invocations=48 (full 6):
 PSYoungGen      total 229376K, used 195953K [0x00000000eab00000, 0x0000000100000000, 0x0000000100000000)
  eden space 119296K, 100% used [0x00000000eab00000,0x00000000f1f80000,0x00000000f1f80000)
  from space 110080K, 69% used [0x00000000f1f80000,0x00000000f6a5c7c8,0x00000000f8b00000)
  to   space 112640K, 0% used [0x00000000f9200000,0x00000000f9200000,0x0000000100000000)
 ParOldGen       total 482304K, used 376402K [0x00000000c0000000, 0x00000000dd700000, 0x00000000eab00000)
  object space 482304K, 78% used [0x00000000c0000000,0x00000000d6f948a0,0x00000000dd700000)
 Metaspace       used 6119K, capacity 7088K, committed 7296K, reserved 1056768K
  class space    used 584K, capacity 616K, committed 640K, reserved 1048576K
Event: 104.677 GC heap after
Heap after GC invocations=48 (full 6):
 PSYoungGen      total 229376K, used 87338K [0x00000000eab00000, 0x0000000100000000, 0x0000000100000000)
  eden space 116736K, 0% used [0x00000000eab00000,0x00000000eab00000,0x00000000f1d00000)
  from space 112640K, 77% used [0x00000000f9200000,0x00000000fe74a9f0,0x0000000100000000)
  to   space 116224K, 0% used [0x00000000f1d00000,0x00000000f1d00000,0x00000000f8e80000)
 ParOldGen       total 482304K, used 376402K [0x00000000c0000000, 0x00000000dd700000, 0x00000000eab00000)
  object space 482304K, 78% used [0x00000000c0000000,0x00000000d6f948a0,0x00000000dd700000)
 Metaspace       used 6119K, capacity 7088K, committed 7296K, reserved 1056768K
  class space    used 584K, capacity 616K, committed 640K, reserved 1048576K
}
Event: 105.195 GC heap before
{Heap before GC invocations=49 (full 6):
 PSYoungGen      total 229376K, used 204074K [0x00000000eab00000, 0x0000000100000000, 0x0000000100000000)
  eden space 116736K, 100% used [0x00000000eab00000,0x00000000f1d00000,0x00000000f1d00000)
  from space 112640K, 77% used [0x00000000f9200000,0x00000000fe74a9f0,0x0000000100000000)
  to   space 116224K, 0% used [0x00000000f1d00000,0x00000000f1d00000,0x00000000f8e80000)
 ParOldGen       total 482304K, used 376402K [0x00000000c0000000, 0x00000000dd700000, 0x00000000eab00000)
  object space 482304K, 78% used [0x00000000c0000000,0x00000000d6f948a0,0x00000000dd700000)
 Metaspace       used 6121K, capacity 7088K, committed 7296K, reserved 1056768K
  class space    used 584K, capacity 616K, committed 640K, reserved 1048576K
Event: 105.521 GC heap after
Heap after GC invocations=49 (full 6):
 PSYoungGen      total 232960K, used 87641K [0x00000000eab00000, 0x0000000100000000, 0x0000000100000000)
  eden space 116736K, 0% used [0x00000000eab00000,0x00000000eab00000,0x00000000f1d00000)
  from space 116224K, 75% used [0x00000000f1d00000,0x00000000f7296650,0x00000000f8e80000)
  to   space 116224K, 0% used [0x00000000f8e80000,0x00000000f8e80000,0x0000000100000000)
 ParOldGen       total 482304K, used 396012K [0x00000000c0000000, 0x00000000dd700000, 0x00000000eab00000)
  object space 482304K, 82% used [0x00000000c0000000,0x00000000d82bb2e0,0x00000000dd700000)
 Metaspace       used 6121K, capacity 7088K, committed 7296K, reserved 1056768K
  class space    used 584K, capacity 616K, committed 640K, reserved 1048576K
}
Event: 105.855 GC heap before
{Heap before GC invocations=50 (full 6):
 PSYoungGen      total 232960K, used 204377K [0x00000000eab00000, 0x0000000100000000, 0x0000000100000000)
  eden space 116736K, 100% used [0x00000000eab00000,0x00000000f1d00000,0x00000000f1d00000)
  from space 116224K, 75% used [0x00000000f1d00000,0x00000000f7296650,0x00000000f8e80000)
  to   space 116224K, 0% used [0x00000000f8e80000,0x00000000f8e80000,0x0000000100000000)
 ParOldGen       total 482304K, used 396012K [0x00000000c0000000, 0x00000000dd700000, 0x00000000eab00000)
  object space 482304K, 82% used [0x00000000c0000000,0x00000000d82bb2e0,0x00000000dd700000)
 Metaspace       used 6121K, capacity 7088K, committed 7296K, reserved 1056768K
  class space    used 584K, capacity 616K, committed 640K, reserved 1048576K

Deoptimization events (10 events):
Event: 32.047 Thread 0x0000000007a6e000 Uncommon trap: reason=null_check action=make_not_entrant pc=0x000000000f6a4b28 method=com.android.dx.rop.cst.CstType.equals(Ljava/lang/Object;)Z @ 1
Event: 32.102 Thread 0x0000000007a6f000 Uncommon trap: reason=unstable_if action=reinterpret pc=0x000000000f79cb7c method=com.android.dx.ssa.SsaConverter.placePhiFunctions(Lcom/android/dx/ssa/SsaMethod;Lcom/android/dx/ssa/LocalVariableInfo;I)V @ 327
Event: 32.102 Thread 0x0000000007a6f000 Uncommon trap: reason=unstable_if action=reinterpret pc=0x000000000f44a17c method=com.android.dx.ssa.SsaRenamer$BlockRenamer.addMapping(ILcom/android/dx/rop/code/RegisterSpec;)V @ 120
Event: 32.103 Thread 0x0000000007a6f000 Uncommon trap: reason=null_check action=make_not_entrant pc=0x000000000f5670e0 method=com.android.dx.ssa.SsaRenamer.getLocalForNewReg(I)Lcom/android/dx/rop/code/LocalItem; @ 19
Event: 32.103 Thread 0x0000000007a6f000 Uncommon trap: reason=null_check action=make_not_entrant pc=0x000000000f65233c method=com.android.dx.ssa.SsaRenamer.getLocalForNewReg(I)Lcom/android/dx/rop/code/LocalItem; @ 19
Event: 32.103 Thread 0x0000000007a6f000 Uncommon trap: reason=unstable_if action=reinterpret pc=0x000000000f7c3e2c method=com.android.dx.ssa.SsaInsn.getLocalAssignment()Lcom/android/dx/rop/code/RegisterSpec; @ 14
Event: 32.103 Thread 0x0000000007a6f000 Uncommon trap: reason=unstable_if action=reinterpret pc=0x000000000f6420c4 method=com.android.dx.ssa.back.FirstFitLocalCombiningAllocator$1.processInsn(Lcom/android/dx/ssa/SsaInsn;)V @ 34
Event: 32.104 Thread 0x0000000007a6f000 Uncommon trap: reason=unstable_if action=reinterpret pc=0x000000000f64c5a0 method=com.android.dx.ssa.SsaInsn.getLocalAssignment()Lcom/android/dx/rop/code/RegisterSpec; @ 14
Event: 32.104 Thread 0x0000000007a6f000 Uncommon trap: reason=unstable_if action=reinterpret pc=0x000000000f69fdb4 method=com.android.dx.rop.code.LocalVariableExtractor.processBlock(I)V @ 138
Event: 32.166 Thread 0x0000000007a6f000 Uncommon trap: reason=unstable_if action=reinterpret pc=0x000000000f876f4c method=java.util.DualPivotQuicksort.sort([IIIZ)V @ 45

Internal exceptions (5 events):
Event: 0.524 Thread 0x00000000027e0800 Exception <a 'java/lang/NoSuchMethodError': Method sun.misc.Unsafe.defineClass(Ljava/lang/String;[BII)Ljava/lang/Class; name or signature does not match> (0x00000000eab0d510) thrown at [C:\re\workspace\8-2-build-windows-amd64-cygwin\jdk8u45\3457\hotspot\sržÄðU9Æà?
Event: 0.524 Thread 0x00000000027e0800 Exception <a 'java/lang/NoSuchMethodError': Method sun.misc.Unsafe.prefetchRead(Ljava/lang/Object;J)V name or signature does not match> (0x00000000eab0d7a0) thrown at [C:\re\workspace\8-2-build-windows-amd64-cygwin\jdk8u45\3457\hotspot\src\share\vm\prims\j†-±2@@
Event: 32.047 Thread 0x0000000007a6e000 Implicit null exception at 0x000000000f6a4aec to 0x000000000f6a4b18
Event: 32.103 Thread 0x0000000007a6f000 Implicit null exception at 0x000000000f563712 to 0x000000000f56709d
Event: 32.103 Thread 0x0000000007a6f000 Implicit null exception at 0x000000000f650db2 to 0x000000000f652309

Events (10 events):
Event: 100.392 Executing VM operation: ParallelGCFailedAllocation done
Event: 102.818 Executing VM operation: ParallelGCFailedAllocation
Event: 103.097 Executing VM operation: ParallelGCFailedAllocation done
Event: 104.382 Executing VM operation: ParallelGCFailedAllocation
Event: 104.678 Executing VM operation: ParallelGCFailedAllocation done
Event: 105.195 Executing VM operation: ParallelGCFailedAllocation
Event: 105.521 Executing VM operation: ParallelGCFailedAllocation done
Event: 105.726 Thread 0x0000000007968000 DEOPT PACKING pc=0x000000000f948015 sp=0x000000000810e870
Event: 105.726 Thread 0x0000000007968000 DEOPT UNPACKING pc=0x000000000f05787f sp=0x000000000810e610 mode 0
Event: 105.855 Executing VM operation: ParallelGCFailedAllocation


Dynamic libraries:
0x00007ff65b6e0000 - 0x00007ff65b717000 	C:\Program Files\Java\jdk1.8.0_45\bin\java.exe
0x00007ffd21a40000 - 0x00007ffd21bec000 	C:\Windows\SYSTEM32\ntdll.dll
0x00007ffd1fb00000 - 0x00007ffd1fc3e000 	C:\Windows\system32\KERNEL32.DLL
0x00007ffd1efb0000 - 0x00007ffd1f0c5000 	C:\Windows\system32\KERNELBASE.dll
0x00007ffd1d710000 - 0x00007ffd1d79e000 	C:\Windows\system32\apphelp.dll
0x00007ffd04040000 - 0x00007ffd04093000 	C:\Windows\AppPatch\AppPatch64\AcGenral.DLL
0x00007ffd21220000 - 0x00007ffd212ca000 	C:\Windows\system32\msvcrt.dll
0x00007ffd1e9a0000 - 0x00007ffd1e9ce000 	C:\Windows\SYSTEM32\SspiCli.dll
0x00007ffd1f520000 - 0x00007ffd1f574000 	C:\Windows\system32\SHLWAPI.dll
0x00007ffd1f0d0000 - 0x00007ffd1f247000 	C:\Windows\system32\USER32.dll
0x00007ffd1f260000 - 0x00007ffd1f3f4000 	C:\Windows\system32\ole32.dll
0x00007ffd1fd00000 - 0x00007ffd21219000 	C:\Windows\system32\SHELL32.dll
0x00007ffd1e110000 - 0x00007ffd1e131000 	C:\Windows\SYSTEM32\USERENV.dll
0x00007ffd214a0000 - 0x00007ffd2154a000 	C:\Windows\system32\ADVAPI32.dll
0x00007ffd14280000 - 0x00007ffd1429e000 	C:\Windows\SYSTEM32\MPR.dll
0x00007ffd212d0000 - 0x00007ffd21411000 	C:\Windows\system32\RPCRT4.dll
0x00007ffd1f460000 - 0x00007ffd1f4b9000 	C:\Windows\SYSTEM32\sechost.dll
0x00007ffd1f730000 - 0x00007ffd1f941000 	C:\Windows\SYSTEM32\combase.dll
0x00007ffd1f9b0000 - 0x00007ffd1fb00000 	C:\Windows\system32\GDI32.dll
0x00007ffd1eba0000 - 0x00007ffd1ebb5000 	C:\Windows\SYSTEM32\profapi.dll
0x00007ffd1d370000 - 0x00007ffd1d422000 	C:\Windows\SYSTEM32\SHCORE.dll
0x00007ffd1f420000 - 0x00007ffd1f456000 	C:\Windows\system32\IMM32.DLL
0x00007ffd21550000 - 0x00007ffd216a2000 	C:\Windows\system32\MSCTF.dll
0x00007ffd1eb60000 - 0x00007ffd1eb8f000 	C:\Windows\system32\nvinitx.dll
0x000000000f000000 - 0x000000000f006000 	C:\Program Files\NVIDIA Corporation\CoProcManager\detoured.dll
0x00007ffd1cb20000 - 0x00007ffd1cb7f000 	C:\Program Files\NVIDIA Corporation\CoProcManager\nvd3d9wrapx.dll
0x00007ffd21850000 - 0x00007ffd21a2a000 	C:\Windows\system32\SETUPAPI.dll
0x00007ffd1ed20000 - 0x00007ffd1ed6f000 	C:\Windows\system32\CFGMGR32.dll
0x00007ffd1cad0000 - 0x00007ffd1cb16000 	C:\Program Files\NVIDIA Corporation\CoProcManager\nvdxgiwrapx.dll
0x00007ffd1cef0000 - 0x00007ffd1d16a000 	C:\Windows\WinSxS\amd64_microsoft.windows.common-controls_6595b64144ccf1df_6.0.9600.17810_none_6240b9c7ecbd0bda\COMCTL32.dll
0x00000000732e0000 - 0x00000000733b2000 	C:\Program Files\Java\jdk1.8.0_45\jre\bin\msvcr100.dll
0x0000000072a50000 - 0x00000000732d3000 	C:\Program Files\Java\jdk1.8.0_45\jre\bin\server\jvm.dll
0x00007ffd15670000 - 0x00007ffd15679000 	C:\Windows\SYSTEM32\WSOCK32.dll
0x00007ffd1c4f0000 - 0x00007ffd1c512000 	C:\Windows\SYSTEM32\WINMM.dll
0x00007ffd1cc90000 - 0x00007ffd1cc9a000 	C:\Windows\SYSTEM32\VERSION.dll
0x00007ffd21a30000 - 0x00007ffd21a37000 	C:\Windows\system32\PSAPI.DLL
0x00007ffd1f4c0000 - 0x00007ffd1f51a000 	C:\Windows\system32\WS2_32.dll
0x00007ffd1c4b0000 - 0x00007ffd1c4da000 	C:\Windows\SYSTEM32\WINMMBASE.dll
0x00007ffd21840000 - 0x00007ffd21849000 	C:\Windows\system32\NSI.dll
0x00007ffd1d970000 - 0x00007ffd1d998000 	C:\Windows\SYSTEM32\DEVOBJ.dll
0x0000000072a40000 - 0x0000000072a4f000 	C:\Program Files\Java\jdk1.8.0_45\jre\bin\verify.dll
0x0000000072a10000 - 0x0000000072a39000 	C:\Program Files\Java\jdk1.8.0_45\jre\bin\java.dll
0x00000000729f0000 - 0x0000000072a06000 	C:\Program Files\Java\jdk1.8.0_45\jre\bin\zip.dll
0x00007ffd16ba0000 - 0x00007ffd16d29000 	C:\Windows\SYSTEM32\dbghelp.dll

VM Arguments:
jvm_args: -Djava.awt.headless=true -Xmx1024M -Dfile.encoding=windows-1252 -Duser.country=US -Duser.language=en -Duser.variant 
java_command: com.android.dx.command.Main --dex --force-jumbo --num-threads=4 --output D:\Android\GymApplication\app\build\intermediates\pre-dexed\debug\main_e9b9137745e6210b5334a85c0c25dbd4af65679b.jar D:\Android\GymApplication\app\build\intermediates\transforms\instantRun\debug\folders\1\5\main
java_class_path (initial): C:\Users\Admin\AppData\Local\Android\sdk\build-tools\23.0.3\lib\dx.jar
Launcher Type: SUN_STANDARD

Environment Variables:
PATH=C:\Program Files\Java\jdk1.8.0_45;C:\ProgramData\Oracle\Java\javapath;C:\Windows\system32;C:\Windows;C:\Windows\System32\Wbem;C:\Windows\System32\WindowsPowerShell\v1.0\;C:\Program Files\Microsoft\Web Platform Installer\;C:\Program Files (x86)\Microsoft ASP.NET\ASP.NET Web Pages\v1.0\;C:\Program Files (x86)\Windows Kits\8.0\Windows Performance Toolkit\;C:\Program Files\Microsoft SQL Server\110\Tools\Binn\;C:\Program Files (x86)\Microsoft SQL Server\100\Tools\Binn\;C:\Program Files\Microsoft SQL Server\100\Tools\Binn\;C:\Program Files\Microsoft SQL Server\100\DTS\Binn\;C:\Program Files (x86)\Microsoft SQL Server\100\Tools\Binn\VSShell\Common7\IDE\;C:\Program Files (x86)\Microsoft SQL Server\100\DTS\Binn\;C:\Program Files (x86)\Microsoft Visual Studio 9.0\Common7\IDE\PrivateAssemblies\;C:\Program Files (x86)\Common Files\lenovo\easyplussdk\bin
USERNAME=Admin
OS=Windows_NT
PROCESSOR_IDENTIFIER=Intel64 Family 6 Model 42 Stepping 7, GenuineIntel



---------------  S Y S T E M  ---------------

OS: Windows 8.1 , 64 bit Build 9600 (6.3.9600.17415)

CPU:total 4 (2 cores per cpu, 2 threads per core) family 6 model 42 stepping 7, cmov, cx8, fxsr, mmx, sse, sse2, sse3, ssse3, sse4.1, sse4.2, popcnt, avx, clmul, ht, tsc, tscinvbit

Memory: 4k page, physical 4103216k(389328k free), swap 7248944k(185576k free)

vm_info: Java HotSpot(TM) 64-Bit Server VM (25.45-b02) for windows-amd64 JRE (1.8.0_45-b14), built on Apr 10 2015 10:34:15 by "java_re" with MS VC++ 10.0 (VS2010)

time: Sun Sep 11 20:22:04 2016
elapsed time: 139 seconds (0d 0h 2m 19s)

